[2023-10-24 20:42:43.739] [info] Kempe type: Planar
[2023-10-24 20:42:43.739] [info] Vertex size: 23, Edge size: 41, Ring size: 13
[2023-10-24 20:43:28.850] [info] Started D-reducibility check
[2023-10-24 20:43:28.851] [info] #1: Feasible / Total: 4789 / 66430
[2023-10-24 20:44:28.257] [info] #2: Feasible / Total: 13711 / 66430
[2023-10-24 20:45:21.913] [info] #3: Feasible / Total: 22198 / 66430
[2023-10-24 20:45:56.904] [info] #4: Feasible / Total: 27687 / 66430
[2023-10-24 20:46:24.132] [info] #5: Feasible / Total: 30891 / 66430
[2023-10-24 20:46:52.919] [info] #6: Feasible / Total: 36486 / 66430
[2023-10-24 20:47:13.763] [info] #7: Feasible / Total: 40431 / 66430
[2023-10-24 20:47:23.692] [info] #8: Feasible / Total: 40707 / 66430
[2023-10-24 20:47:32.095] [info] #9: Feasible / Total: 40716 / 66430
[2023-10-24 20:47:40.392] [info] #9: Feasible / Total: 40716 / 66430
[2023-10-24 20:47:40.392] [info] Graph is not D-reducible.
[2023-10-24 20:47:40.582] [info] Started C-reducibility check
[2023-10-24 20:47:46.734] [info] Trying 322999 possible contractions
[2023-10-24 20:47:46.734] [info] [0/322999] Starting contraction of size 1
[2023-10-24 21:04:29.742] [info] [28/322999] Starting contraction of size 2
[2023-10-24 23:13:53.632] [info] [363/322999] Starting contraction of size 3
[2023-10-25 08:44:12.729] [info] [2616/322999] Starting contraction of size 4
[2023-10-25 18:08:18.367] [info] All colors passed! Contracted: 13, 15, 19, 29
[2023-10-25 18:08:18.367] [info] Graph is C-reducible!
