[2023-10-24 20:42:16.913] [info] Kempe type: Planar
[2023-10-24 20:42:16.913] [info] Vertex size: 23, Edge size: 41, Ring size: 13
[2023-10-24 20:43:05.051] [info] Started D-reducibility check
[2023-10-24 20:43:05.051] [info] #1: Feasible / Total: 4857 / 66430
[2023-10-24 20:43:53.082] [info] #2: Feasible / Total: 12005 / 66430
[2023-10-24 20:44:41.367] [info] #3: Feasible / Total: 19659 / 66430
[2023-10-24 20:45:18.752] [info] #4: Feasible / Total: 27152 / 66430
[2023-10-24 20:45:46.923] [info] #5: Feasible / Total: 33029 / 66430
[2023-10-24 20:46:01.866] [info] #6: Feasible / Total: 34490 / 66430
[2023-10-24 20:46:12.906] [info] #7: Feasible / Total: 34635 / 66430
[2023-10-24 20:46:23.418] [info] #8: Feasible / Total: 34649 / 66430
[2023-10-24 20:46:34.026] [info] #8: Feasible / Total: 34649 / 66430
[2023-10-24 20:46:34.026] [info] Graph is not D-reducible.
[2023-10-24 20:46:34.337] [info] Started C-reducibility check
[2023-10-24 20:46:41.194] [info] Trying 322999 possible contractions
[2023-10-24 20:46:41.194] [info] [0/322999] Starting contraction of size 1
[2023-10-24 21:05:32.659] [info] [28/322999] Starting contraction of size 2
[2023-10-24 23:31:13.748] [info] [363/322999] Starting contraction of size 3
[2023-10-25 09:09:20.785] [info] [2617/322999] Starting contraction of size 4
[2023-10-26 02:53:47.498] [info] [12088/322999] Starting contraction of size 5
[2023-10-27 01:50:59.089] [info] [38295/322999] Starting contraction of size 6
[2023-10-27 11:44:41.429] [info] All colors passed! Contracted: 14, 17, 26, 32, 34, 40
[2023-10-27 11:44:41.439] [info] Graph is C-reducible!
