[2023-10-24 20:42:25.153] [info] Kempe type: Planar
[2023-10-24 20:42:25.153] [info] Vertex size: 23, Edge size: 41, Ring size: 13
[2023-10-24 20:43:17.546] [info] Started D-reducibility check
[2023-10-24 20:43:17.547] [info] #1: Feasible / Total: 4993 / 66430
[2023-10-24 20:44:21.186] [info] #2: Feasible / Total: 15312 / 66430
[2023-10-24 20:45:25.087] [info] #3: Feasible / Total: 30030 / 66430
[2023-10-24 20:46:11.900] [info] #4: Feasible / Total: 49249 / 66430
[2023-10-24 20:46:25.436] [info] #5: Feasible / Total: 55400 / 66430
[2023-10-24 20:46:28.771] [info] #6: Feasible / Total: 55410 / 66430
[2023-10-24 20:46:32.047] [info] #6: Feasible / Total: 55410 / 66430
[2023-10-24 20:46:32.047] [info] Graph is not D-reducible.
[2023-10-24 20:46:32.344] [info] Started C-reducibility check
[2023-10-24 20:46:38.999] [info] Trying 322999 possible contractions
[2023-10-24 20:46:39.000] [info] [0/322999] Starting contraction of size 1
[2023-10-24 21:06:03.155] [info] [28/322999] Starting contraction of size 2
[2023-10-24 23:30:15.500] [info] [363/322999] Starting contraction of size 3
[2023-10-25 09:07:05.795] [info] [2615/322999] Starting contraction of size 4
[2023-10-26 02:55:09.455] [info] [12055/322999] Starting contraction of size 5
[2023-10-26 11:17:20.273] [info] All colors passed! Contracted: 19, 23, 26, 38, 40
[2023-10-26 11:17:20.273] [info] Graph is C-reducible!
