[2023-10-24 20:42:43.157] [info] Kempe type: Planar
[2023-10-24 20:42:43.157] [info] Vertex size: 23, Edge size: 41, Ring size: 13
[2023-10-24 20:43:41.301] [info] Started D-reducibility check
[2023-10-24 20:43:41.301] [info] #1: Feasible / Total: 4755 / 66430
[2023-10-24 20:44:37.879] [info] #2: Feasible / Total: 12134 / 66430
[2023-10-24 20:45:31.212] [info] #3: Feasible / Total: 18919 / 66430
[2023-10-24 20:46:09.332] [info] #4: Feasible / Total: 24237 / 66430
[2023-10-24 20:46:33.093] [info] #5: Feasible / Total: 27680 / 66430
[2023-10-24 20:46:59.237] [info] #6: Feasible / Total: 32312 / 66430
[2023-10-24 20:47:22.162] [info] #7: Feasible / Total: 36530 / 66430
[2023-10-24 20:47:34.802] [info] #8: Feasible / Total: 37278 / 66430
[2023-10-24 20:47:43.689] [info] #9: Feasible / Total: 37346 / 66430
[2023-10-24 20:47:51.966] [info] #10: Feasible / Total: 37347 / 66430
[2023-10-24 20:47:59.419] [info] #10: Feasible / Total: 37347 / 66430
[2023-10-24 20:47:59.419] [info] Graph is not D-reducible.
[2023-10-24 20:47:59.570] [info] Started C-reducibility check
[2023-10-24 20:48:04.918] [info] Trying 322999 possible contractions
[2023-10-24 20:48:04.918] [info] [0/322999] Starting contraction of size 1
[2023-10-24 21:04:36.726] [info] [28/322999] Starting contraction of size 2
[2023-10-24 23:14:59.793] [info] [363/322999] Starting contraction of size 3
[2023-10-25 08:50:25.488] [info] [2616/322999] Starting contraction of size 4
[2023-10-25 18:07:27.616] [info] All colors passed! Contracted: 13, 15, 19, 29
[2023-10-25 18:07:27.616] [info] Graph is C-reducible!
