[2023-10-24 20:42:24.446] [info] Kempe type: Planar
[2023-10-24 20:42:24.446] [info] Vertex size: 23, Edge size: 41, Ring size: 13
[2023-10-24 20:43:14.876] [info] Started D-reducibility check
[2023-10-24 20:43:14.876] [info] #1: Feasible / Total: 4838 / 66430
[2023-10-24 20:44:09.320] [info] #2: Feasible / Total: 12632 / 66430
[2023-10-24 20:44:59.687] [info] #3: Feasible / Total: 20470 / 66430
[2023-10-24 20:45:40.060] [info] #4: Feasible / Total: 28373 / 66430
[2023-10-24 20:46:15.512] [info] #5: Feasible / Total: 36616 / 66430
[2023-10-24 20:46:41.731] [info] #6: Feasible / Total: 43154 / 66430
[2023-10-24 20:46:51.709] [info] #7: Feasible / Total: 43646 / 66430
[2023-10-24 20:46:59.483] [info] #7: Feasible / Total: 43646 / 66430
[2023-10-24 20:46:59.483] [info] Graph is not D-reducible.
[2023-10-24 20:46:59.694] [info] Started C-reducibility check
[2023-10-24 20:47:06.603] [info] Trying 322999 possible contractions
[2023-10-24 20:47:06.603] [info] [0/322999] Starting contraction of size 1
[2023-10-24 21:06:13.345] [info] [28/322999] Starting contraction of size 2
[2023-10-24 23:33:51.668] [info] [363/322999] Starting contraction of size 3
[2023-10-25 09:09:27.690] [info] [2616/322999] Starting contraction of size 4
[2023-10-26 02:55:09.010] [info] [12071/322999] Starting contraction of size 5
[2023-10-27 01:27:44.540] [info] [38180/322999] Starting contraction of size 6
[2023-10-27 07:14:36.850] [info] All colors passed! Contracted: 15, 17, 19, 23, 26, 40
[2023-10-27 07:14:36.850] [info] Graph is C-reducible!
