[2023-10-24 20:42:51.908] [info] Kempe type: Planar
[2023-10-24 20:42:51.908] [info] Vertex size: 23, Edge size: 41, Ring size: 13
[2023-10-24 20:43:39.931] [info] Started D-reducibility check
[2023-10-24 20:43:39.932] [info] #1: Feasible / Total: 4755 / 66430
[2023-10-24 20:44:26.482] [info] #2: Feasible / Total: 12765 / 66430
[2023-10-24 20:45:08.418] [info] #3: Feasible / Total: 21706 / 66430
[2023-10-24 20:45:37.618] [info] #4: Feasible / Total: 30097 / 66430
[2023-10-24 20:46:02.642] [info] #5: Feasible / Total: 38247 / 66430
[2023-10-24 20:46:14.751] [info] #6: Feasible / Total: 41016 / 66430
[2023-10-24 20:46:21.454] [info] #7: Feasible / Total: 41050 / 66430
[2023-10-24 20:46:28.285] [info] #7: Feasible / Total: 41050 / 66430
[2023-10-24 20:46:28.285] [info] Graph is not D-reducible.
[2023-10-24 20:46:28.515] [info] Started C-reducibility check
[2023-10-24 20:46:33.593] [info] Trying 322999 possible contractions
[2023-10-24 20:46:33.593] [info] [0/322999] Starting contraction of size 1
[2023-10-24 21:05:30.632] [info] [28/322999] Starting contraction of size 2
[2023-10-24 23:32:10.144] [info] [363/322999] Starting contraction of size 3
[2023-10-25 09:05:07.880] [info] [2617/322999] Starting contraction of size 4
[2023-10-25 22:56:24.950] [info] All colors passed! Contracted: 13, 14, 15, 17
[2023-10-25 22:56:24.971] [info] Graph is C-reducible!
