[2023-10-24 20:42:08.519] [info] Kempe type: Planar
[2023-10-24 20:42:08.519] [info] Vertex size: 23, Edge size: 41, Ring size: 13
[2023-10-24 20:42:56.757] [info] Started D-reducibility check
[2023-10-24 20:42:56.757] [info] #1: Feasible / Total: 4837 / 66430
[2023-10-24 20:43:39.453] [info] #2: Feasible / Total: 12488 / 66430
[2023-10-24 20:44:18.042] [info] #3: Feasible / Total: 20115 / 66430
[2023-10-24 20:44:45.444] [info] #4: Feasible / Total: 26264 / 66430
[2023-10-24 20:45:01.470] [info] #5: Feasible / Total: 27877 / 66430
[2023-10-24 20:45:13.038] [info] #6: Feasible / Total: 27960 / 66430
[2023-10-24 20:45:24.016] [info] #7: Feasible / Total: 27970 / 66430
[2023-10-24 20:45:35.103] [info] #7: Feasible / Total: 27970 / 66430
[2023-10-24 20:45:35.103] [info] Graph is not D-reducible.
[2023-10-24 20:45:35.349] [info] Started C-reducibility check
[2023-10-24 20:45:40.811] [info] Trying 322999 possible contractions
[2023-10-24 20:45:40.811] [info] [0/322999] Starting contraction of size 1
[2023-10-24 21:03:15.421] [info] [28/322999] Starting contraction of size 2
[2023-10-24 23:16:50.272] [info] [363/322999] Starting contraction of size 3
[2023-10-25 08:11:08.309] [info] [2617/322999] Starting contraction of size 4
[2023-10-25 10:54:29.266] [info] All colors passed! Contracted: 13, 15, 19, 28
[2023-10-25 10:54:29.266] [info] Graph is C-reducible!
