[2023-10-24 20:42:33.153] [info] Kempe type: Planar
[2023-10-24 20:42:33.153] [info] Vertex size: 23, Edge size: 41, Ring size: 13
[2023-10-24 20:43:22.604] [info] Started D-reducibility check
[2023-10-24 20:43:22.604] [info] #1: Feasible / Total: 4958 / 66430
[2023-10-24 20:44:22.464] [info] #2: Feasible / Total: 15068 / 66430
[2023-10-24 20:45:27.351] [info] #3: Feasible / Total: 26022 / 66430
[2023-10-24 20:46:10.891] [info] #4: Feasible / Total: 35221 / 66430
[2023-10-24 20:46:41.915] [info] #5: Feasible / Total: 41542 / 66430
[2023-10-24 20:46:54.115] [info] #6: Feasible / Total: 42410 / 66430
[2023-10-24 20:47:02.670] [info] #7: Feasible / Total: 42431 / 66430
[2023-10-24 20:47:10.980] [info] #7: Feasible / Total: 42431 / 66430
[2023-10-24 20:47:10.981] [info] Graph is not D-reducible.
[2023-10-24 20:47:11.182] [info] Started C-reducibility check
[2023-10-24 20:47:18.106] [info] Trying 322999 possible contractions
[2023-10-24 20:47:18.107] [info] [0/322999] Starting contraction of size 1
[2023-10-24 21:07:23.974] [info] [28/322999] Starting contraction of size 2
[2023-10-24 23:41:30.868] [info] [363/322999] Starting contraction of size 3
[2023-10-25 09:31:12.470] [info] [2616/322999] Starting contraction of size 4
[2023-10-26 03:34:46.446] [info] [12071/322999] Starting contraction of size 5
[2023-10-27 02:53:10.801] [info] [38182/322999] Starting contraction of size 6
[2023-10-28 02:15:39.910] [info] [87330/322999] Starting contraction of size 7
[2023-10-28 09:33:27.725] [info] All colors passed! Contracted: 13, 14, 15, 16, 17, 22, 23
[2023-10-28 09:33:27.726] [info] Graph is C-reducible!
