[2023-10-24 20:42:55.054] [info] Kempe type: Planar
[2023-10-24 20:42:55.054] [info] Vertex size: 23, Edge size: 41, Ring size: 13
[2023-10-24 20:43:46.459] [info] Started D-reducibility check
[2023-10-24 20:43:46.459] [info] #1: Feasible / Total: 4939 / 66430
[2023-10-24 20:44:56.610] [info] #2: Feasible / Total: 14414 / 66430
[2023-10-24 20:46:10.648] [info] #3: Feasible / Total: 27348 / 66430
[2023-10-24 20:47:02.791] [info] #4: Feasible / Total: 43384 / 66430
[2023-10-24 20:47:20.508] [info] #5: Feasible / Total: 49265 / 66430
[2023-10-24 20:47:26.402] [info] #6: Feasible / Total: 49333 / 66430
[2023-10-24 20:47:31.902] [info] #6: Feasible / Total: 49333 / 66430
[2023-10-24 20:47:31.902] [info] Graph is not D-reducible.
[2023-10-24 20:47:32.200] [info] Started C-reducibility check
[2023-10-24 20:47:38.603] [info] Trying 322999 possible contractions
[2023-10-24 20:47:38.603] [info] [0/322999] Starting contraction of size 1
[2023-10-24 21:03:48.401] [info] [28/322999] Starting contraction of size 2
[2023-10-24 23:34:43.426] [info] [363/322999] Starting contraction of size 3
[2023-10-25 09:07:25.826] [info] [2616/322999] Starting contraction of size 4
[2023-10-26 02:54:49.163] [info] [12072/322999] Starting contraction of size 5
[2023-10-27 01:56:00.034] [info] [38197/322999] Starting contraction of size 6
[2023-10-27 07:29:40.661] [info] All colors passed! Contracted: 13, 20, 22, 25, 32, 34
[2023-10-27 07:29:40.661] [info] Graph is C-reducible!
