[2023-10-24 20:43:00.636] [info] Kempe type: Planar
[2023-10-24 20:43:00.637] [info] Vertex size: 23, Edge size: 41, Ring size: 13
[2023-10-24 20:43:48.532] [info] Started D-reducibility check
[2023-10-24 20:43:48.595] [info] #1: Feasible / Total: 4792 / 66430
[2023-10-24 20:44:40.770] [info] #2: Feasible / Total: 13890 / 66430
[2023-10-24 20:45:19.086] [info] #3: Feasible / Total: 21406 / 66430
[2023-10-24 20:45:47.725] [info] #4: Feasible / Total: 27697 / 66430
[2023-10-24 20:46:15.050] [info] #5: Feasible / Total: 33164 / 66430
[2023-10-24 20:46:48.863] [info] #6: Feasible / Total: 39400 / 66430
[2023-10-24 20:47:06.536] [info] #7: Feasible / Total: 42507 / 66430
[2023-10-24 20:47:15.388] [info] #8: Feasible / Total: 42589 / 66430
[2023-10-24 20:47:23.629] [info] #8: Feasible / Total: 42589 / 66430
[2023-10-24 20:47:23.629] [info] Graph is not D-reducible.
[2023-10-24 20:47:23.965] [info] Started C-reducibility check
[2023-10-24 20:47:31.137] [info] Trying 322999 possible contractions
[2023-10-24 20:47:31.137] [info] [0/322999] Starting contraction of size 1
[2023-10-24 21:06:55.409] [info] [28/322999] Starting contraction of size 2
[2023-10-24 23:42:43.812] [info] [363/322999] Starting contraction of size 3
[2023-10-25 09:25:35.541] [info] [2616/322999] Starting contraction of size 4
[2023-10-26 00:32:04.244] [info] All colors passed! Contracted: 13, 14, 15, 17
[2023-10-26 00:32:04.251] [info] Graph is C-reducible!
