[2023-10-24 20:42:13.109] [info] Kempe type: Planar
[2023-10-24 20:42:13.109] [info] Vertex size: 23, Edge size: 41, Ring size: 13
[2023-10-24 20:43:07.154] [info] Started D-reducibility check
[2023-10-24 20:43:07.154] [info] #1: Feasible / Total: 5134 / 66430
[2023-10-24 20:44:06.603] [info] #2: Feasible / Total: 15634 / 66430
[2023-10-24 20:45:19.459] [info] #3: Feasible / Total: 29189 / 66430
[2023-10-24 20:46:10.918] [info] #4: Feasible / Total: 48430 / 66430
[2023-10-24 20:46:24.495] [info] #5: Feasible / Total: 55553 / 66430
[2023-10-24 20:46:28.448] [info] #6: Feasible / Total: 55678 / 66430
[2023-10-24 20:46:31.979] [info] #6: Feasible / Total: 55678 / 66430
[2023-10-24 20:46:31.979] [info] Graph is not D-reducible.
[2023-10-24 20:46:32.193] [info] Started C-reducibility check
[2023-10-24 20:46:38.855] [info] Trying 322999 possible contractions
[2023-10-24 20:46:38.855] [info] [0/322999] Starting contraction of size 1
[2023-10-24 21:03:28.165] [info] [28/322999] Starting contraction of size 2
[2023-10-24 23:09:23.819] [info] [363/322999] Starting contraction of size 3
[2023-10-25 08:04:36.811] [info] [2616/322999] Starting contraction of size 4
[2023-10-26 01:28:13.958] [info] [12072/322999] Starting contraction of size 5
[2023-10-26 10:57:40.322] [info] All colors passed! Contracted: 14, 16, 21, 31, 33
[2023-10-26 10:57:40.322] [info] Graph is C-reducible!
