[2023-10-24 20:42:38.141] [info] Kempe type: Planar
[2023-10-24 20:42:38.141] [info] Vertex size: 23, Edge size: 41, Ring size: 13
[2023-10-24 20:43:30.722] [info] Started D-reducibility check
[2023-10-24 20:43:30.723] [info] #1: Feasible / Total: 4998 / 66430
[2023-10-24 20:44:34.947] [info] #2: Feasible / Total: 13911 / 66430
[2023-10-24 20:45:36.096] [info] #3: Feasible / Total: 25291 / 66430
[2023-10-24 20:46:30.017] [info] #4: Feasible / Total: 39393 / 66430
[2023-10-24 20:46:56.695] [info] #5: Feasible / Total: 49007 / 66430
[2023-10-24 20:47:04.472] [info] #6: Feasible / Total: 49490 / 66430
[2023-10-24 20:47:10.081] [info] #7: Feasible / Total: 49492 / 66430
[2023-10-24 20:47:15.685] [info] #7: Feasible / Total: 49492 / 66430
[2023-10-24 20:47:15.686] [info] Graph is not D-reducible.
[2023-10-24 20:47:15.979] [info] Started C-reducibility check
[2023-10-24 20:47:22.862] [info] Trying 322999 possible contractions
[2023-10-24 20:47:22.863] [info] [0/322999] Starting contraction of size 1
[2023-10-24 21:04:18.285] [info] [28/322999] Starting contraction of size 2
[2023-10-24 23:14:10.109] [info] [363/322999] Starting contraction of size 3
[2023-10-25 08:04:15.483] [info] [2616/322999] Starting contraction of size 4
[2023-10-26 01:28:09.955] [info] [12072/322999] Starting contraction of size 5
[2023-10-26 05:41:51.277] [info] All colors passed! Contracted: 13, 14, 15, 22, 36
[2023-10-26 05:41:51.277] [info] Graph is C-reducible!
