[2023-10-24 20:43:04.881] [info] Kempe type: Planar
[2023-10-24 20:43:04.881] [info] Vertex size: 23, Edge size: 41, Ring size: 13
[2023-10-24 20:44:07.165] [info] Started D-reducibility check
[2023-10-24 20:44:07.165] [info] #1: Feasible / Total: 4828 / 66430
[2023-10-24 20:45:07.240] [info] #2: Feasible / Total: 12168 / 66430
[2023-10-24 20:46:06.161] [info] #3: Feasible / Total: 20763 / 66430
[2023-10-24 20:47:03.585] [info] #4: Feasible / Total: 32555 / 66430
[2023-10-24 20:47:51.113] [info] #5: Feasible / Total: 47326 / 66430
[2023-10-24 20:48:07.605] [info] #6: Feasible / Total: 52470 / 66430
[2023-10-24 20:48:12.867] [info] #7: Feasible / Total: 52484 / 66430
[2023-10-24 20:48:17.797] [info] #7: Feasible / Total: 52484 / 66430
[2023-10-24 20:48:17.797] [info] Graph is not D-reducible.
[2023-10-24 20:48:18.123] [info] Started C-reducibility check
[2023-10-24 20:48:25.331] [info] Trying 322999 possible contractions
[2023-10-24 20:48:25.443] [info] [0/322999] Starting contraction of size 1
[2023-10-24 21:07:04.593] [info] [28/322999] Starting contraction of size 2
[2023-10-24 23:17:13.225] [info] [363/322999] Starting contraction of size 3
[2023-10-25 08:05:13.542] [info] [2616/322999] Starting contraction of size 4
[2023-10-25 08:37:22.130] [info] All colors passed! Contracted: 19, 22, 28, 40
[2023-10-25 08:37:22.130] [info] Graph is C-reducible!
