[2023-10-24 20:42:50.231] [info] Kempe type: Planar
[2023-10-24 20:42:50.231] [info] Vertex size: 23, Edge size: 41, Ring size: 13
[2023-10-24 20:43:39.288] [info] Started D-reducibility check
[2023-10-24 20:43:39.289] [info] #1: Feasible / Total: 4966 / 66430
[2023-10-24 20:44:32.852] [info] #2: Feasible / Total: 13340 / 66430
[2023-10-24 20:45:29.283] [info] #3: Feasible / Total: 24140 / 66430
[2023-10-24 20:46:20.259] [info] #4: Feasible / Total: 37020 / 66430
[2023-10-24 20:46:47.140] [info] #5: Feasible / Total: 46748 / 66430
[2023-10-24 20:46:53.978] [info] #6: Feasible / Total: 47202 / 66430
[2023-10-24 20:46:59.129] [info] #6: Feasible / Total: 47202 / 66430
[2023-10-24 20:46:59.129] [info] Graph is not D-reducible.
[2023-10-24 20:46:59.391] [info] Started C-reducibility check
[2023-10-24 20:47:04.947] [info] Trying 322999 possible contractions
[2023-10-24 20:47:05.031] [info] [0/322999] Starting contraction of size 1
[2023-10-24 21:04:05.550] [info] [28/322999] Starting contraction of size 2
[2023-10-24 23:13:32.777] [info] [363/322999] Starting contraction of size 3
[2023-10-25 08:05:57.843] [info] [2615/322999] Starting contraction of size 4
[2023-10-26 01:44:21.349] [info] [12055/322999] Starting contraction of size 5
[2023-10-26 19:02:32.941] [info] All colors passed! Contracted: 15, 17, 19, 23, 40
[2023-10-26 19:02:32.941] [info] Graph is C-reducible!
