[2023-10-24 20:42:11.133] [info] Kempe type: Planar
[2023-10-24 20:42:11.133] [info] Vertex size: 23, Edge size: 41, Ring size: 13
[2023-10-24 20:43:06.020] [info] Started D-reducibility check
[2023-10-24 20:43:06.020] [info] #1: Feasible / Total: 5068 / 66430
[2023-10-24 20:44:07.693] [info] #2: Feasible / Total: 17053 / 66430
[2023-10-24 20:45:00.493] [info] #3: Feasible / Total: 28943 / 66430
[2023-10-24 20:45:32.375] [info] #4: Feasible / Total: 39615 / 66430
[2023-10-24 20:45:52.788] [info] #5: Feasible / Total: 45003 / 66430
[2023-10-24 20:46:00.813] [info] #6: Feasible / Total: 45216 / 66430
[2023-10-24 20:46:08.511] [info] #6: Feasible / Total: 45216 / 66430
[2023-10-24 20:46:08.511] [info] Graph is not D-reducible.
[2023-10-24 20:46:08.754] [info] Started C-reducibility check
[2023-10-24 20:46:15.922] [info] Trying 322999 possible contractions
[2023-10-24 20:46:15.922] [info] [0/322999] Starting contraction of size 1
[2023-10-24 21:05:31.572] [info] [28/322999] Starting contraction of size 2
[2023-10-24 23:32:35.414] [info] [363/322999] Starting contraction of size 3
[2023-10-25 09:13:29.062] [info] [2616/322999] Starting contraction of size 4
[2023-10-26 03:01:57.369] [info] [12072/322999] Starting contraction of size 5
[2023-10-27 02:10:40.884] [info] [38199/322999] Starting contraction of size 6
[2023-10-28 01:16:09.173] [info] [87429/322999] Starting contraction of size 7
[2023-10-28 16:21:03.439] [info] All colors passed! Contracted: 13, 14, 15, 16, 17, 20, 21
[2023-10-28 16:21:03.439] [info] Graph is C-reducible!
