[2023-10-24 20:42:11.518] [info] Kempe type: Planar
[2023-10-24 20:42:11.518] [info] Vertex size: 23, Edge size: 41, Ring size: 13
[2023-10-24 20:43:03.218] [info] Started D-reducibility check
[2023-10-24 20:43:03.219] [info] #1: Feasible / Total: 5083 / 66430
[2023-10-24 20:44:08.713] [info] #2: Feasible / Total: 17102 / 66430
[2023-10-24 20:45:07.350] [info] #3: Feasible / Total: 29896 / 66430
[2023-10-24 20:45:48.203] [info] #4: Feasible / Total: 40904 / 66430
[2023-10-24 20:46:07.341] [info] #5: Feasible / Total: 45702 / 66430
[2023-10-24 20:46:14.939] [info] #6: Feasible / Total: 45900 / 66430
[2023-10-24 20:46:21.435] [info] #6: Feasible / Total: 45900 / 66430
[2023-10-24 20:46:21.435] [info] Graph is not D-reducible.
[2023-10-24 20:46:21.730] [info] Started C-reducibility check
[2023-10-24 20:46:28.695] [info] Trying 322999 possible contractions
[2023-10-24 20:46:28.695] [info] [0/322999] Starting contraction of size 1
[2023-10-24 21:05:29.373] [info] [28/322999] Starting contraction of size 2
[2023-10-24 23:36:56.228] [info] [363/322999] Starting contraction of size 3
[2023-10-25 09:08:24.874] [info] [2616/322999] Starting contraction of size 4
[2023-10-26 02:54:35.647] [info] [12072/322999] Starting contraction of size 5
[2023-10-27 01:55:28.165] [info] [38199/322999] Starting contraction of size 6
[2023-10-27 08:01:26.075] [info] All colors passed! Contracted: 14, 15, 16, 17, 26, 40
[2023-10-27 08:01:26.075] [info] Graph is C-reducible!
