[2023-10-24 20:42:12.838] [info] Kempe type: Planar
[2023-10-24 20:42:12.838] [info] Vertex size: 23, Edge size: 41, Ring size: 13
[2023-10-24 20:43:07.064] [info] Started D-reducibility check
[2023-10-24 20:43:07.064] [info] #1: Feasible / Total: 5101 / 66430
[2023-10-24 20:44:12.320] [info] #2: Feasible / Total: 17911 / 66430
[2023-10-24 20:45:15.924] [info] #3: Feasible / Total: 31770 / 66430
[2023-10-24 20:45:56.224] [info] #4: Feasible / Total: 48959 / 66430
[2023-10-24 20:46:08.646] [info] #5: Feasible / Total: 55082 / 66430
[2023-10-24 20:46:12.319] [info] #6: Feasible / Total: 55114 / 66430
[2023-10-24 20:46:16.396] [info] #6: Feasible / Total: 55114 / 66430
[2023-10-24 20:46:16.396] [info] Graph is not D-reducible.
[2023-10-24 20:46:16.622] [info] Started C-reducibility check
[2023-10-24 20:46:23.790] [info] Trying 322999 possible contractions
[2023-10-24 20:46:23.790] [info] [0/322999] Starting contraction of size 1
[2023-10-24 21:03:53.604] [info] [28/322999] Starting contraction of size 2
[2023-10-24 23:16:28.455] [info] [363/322999] Starting contraction of size 3
[2023-10-25 09:08:05.395] [info] [2616/322999] Starting contraction of size 4
[2023-10-26 03:15:18.359] [info] [12072/322999] Starting contraction of size 5
[2023-10-26 05:41:06.127] [info] All colors passed! Contracted: 18, 23, 25, 30, 32
[2023-10-26 05:41:06.127] [info] Graph is C-reducible!
