[2023-10-24 20:43:01.949] [info] Kempe type: Planar
[2023-10-24 20:43:01.949] [info] Vertex size: 23, Edge size: 41, Ring size: 13
[2023-10-24 20:43:57.757] [info] Started D-reducibility check
[2023-10-24 20:43:57.757] [info] #1: Feasible / Total: 4772 / 66430
[2023-10-24 20:45:02.275] [info] #2: Feasible / Total: 13551 / 66430
[2023-10-24 20:45:57.849] [info] #3: Feasible / Total: 23300 / 66430
[2023-10-24 20:46:44.981] [info] #4: Feasible / Total: 34316 / 66430
[2023-10-24 20:47:19.880] [info] #5: Feasible / Total: 45258 / 66430
[2023-10-24 20:47:30.489] [info] #6: Feasible / Total: 46801 / 66430
[2023-10-24 20:47:37.176] [info] #7: Feasible / Total: 46802 / 66430
[2023-10-24 20:47:43.871] [info] #7: Feasible / Total: 46802 / 66430
[2023-10-24 20:47:43.871] [info] Graph is not D-reducible.
[2023-10-24 20:47:44.090] [info] Started C-reducibility check
[2023-10-24 20:47:51.193] [info] Trying 322999 possible contractions
[2023-10-24 20:47:51.193] [info] [0/322999] Starting contraction of size 1
[2023-10-24 21:06:28.350] [info] [28/322999] Starting contraction of size 2
[2023-10-24 23:31:48.961] [info] [363/322999] Starting contraction of size 3
[2023-10-25 09:07:54.877] [info] [2616/322999] Starting contraction of size 4
[2023-10-25 14:36:05.191] [info] All colors passed! Contracted: 18, 20, 30, 32
[2023-10-25 14:36:05.207] [info] Graph is C-reducible!
