[2023-10-24 20:42:07.885] [info] Kempe type: Planar
[2023-10-24 20:42:07.885] [info] Vertex size: 23, Edge size: 41, Ring size: 13
[2023-10-24 20:42:52.591] [info] Started D-reducibility check
[2023-10-24 20:42:52.591] [info] #1: Feasible / Total: 4844 / 66430
[2023-10-24 20:43:39.114] [info] #2: Feasible / Total: 12608 / 66430
[2023-10-24 20:44:22.734] [info] #3: Feasible / Total: 21844 / 66430
[2023-10-24 20:44:49.847] [info] #4: Feasible / Total: 28930 / 66430
[2023-10-24 20:45:02.530] [info] #5: Feasible / Total: 30217 / 66430
[2023-10-24 20:45:12.527] [info] #6: Feasible / Total: 30257 / 66430
[2023-10-24 20:45:22.990] [info] #7: Feasible / Total: 30260 / 66430
[2023-10-24 20:45:33.510] [info] #7: Feasible / Total: 30260 / 66430
[2023-10-24 20:45:33.511] [info] Graph is not D-reducible.
[2023-10-24 20:45:33.827] [info] Started C-reducibility check
[2023-10-24 20:45:39.605] [info] Trying 322999 possible contractions
[2023-10-24 20:45:39.605] [info] [0/322999] Starting contraction of size 1
[2023-10-24 21:05:21.438] [info] [28/322999] Starting contraction of size 2
[2023-10-24 23:34:35.962] [info] [363/322999] Starting contraction of size 3
[2023-10-25 09:14:49.017] [info] [2617/322999] Starting contraction of size 4
[2023-10-25 10:24:38.006] [info] All colors passed! Contracted: 13, 21, 23, 28
[2023-10-25 10:24:38.006] [info] Graph is C-reducible!
