[2023-10-24 20:42:25.229] [info] Kempe type: Planar
[2023-10-24 20:42:25.229] [info] Vertex size: 23, Edge size: 41, Ring size: 13
[2023-10-24 20:43:17.598] [info] Started D-reducibility check
[2023-10-24 20:43:17.598] [info] #1: Feasible / Total: 4958 / 66430
[2023-10-24 20:44:13.936] [info] #2: Feasible / Total: 14024 / 66430
[2023-10-24 20:45:08.827] [info] #3: Feasible / Total: 25078 / 66430
[2023-10-24 20:45:53.743] [info] #4: Feasible / Total: 37630 / 66430
[2023-10-24 20:46:19.862] [info] #5: Feasible / Total: 45936 / 66430
[2023-10-24 20:46:28.335] [info] #6: Feasible / Total: 46489 / 66430
[2023-10-24 20:46:34.331] [info] #7: Feasible / Total: 46495 / 66430
[2023-10-24 20:46:40.772] [info] #8: Feasible / Total: 46496 / 66430
[2023-10-24 20:46:47.595] [info] #8: Feasible / Total: 46496 / 66430
[2023-10-24 20:46:47.595] [info] Graph is not D-reducible.
[2023-10-24 20:46:47.813] [info] Started C-reducibility check
[2023-10-24 20:46:54.900] [info] Trying 322999 possible contractions
[2023-10-24 20:46:54.900] [info] [0/322999] Starting contraction of size 1
[2023-10-24 21:06:15.974] [info] [28/322999] Starting contraction of size 2
[2023-10-24 23:30:17.910] [info] [363/322999] Starting contraction of size 3
[2023-10-25 04:49:57.016] [info] All colors passed! Contracted: 17, 26, 40
[2023-10-25 04:49:57.016] [info] Graph is C-reducible!
