[2023-10-24 20:42:15.175] [info] Kempe type: Planar
[2023-10-24 20:42:15.175] [info] Vertex size: 23, Edge size: 41, Ring size: 13
[2023-10-24 20:43:06.761] [info] Started D-reducibility check
[2023-10-24 20:43:06.762] [info] #1: Feasible / Total: 4858 / 66430
[2023-10-24 20:43:47.763] [info] #2: Feasible / Total: 12062 / 66430
[2023-10-24 20:44:38.732] [info] #3: Feasible / Total: 19849 / 66430
[2023-10-24 20:45:16.569] [info] #4: Feasible / Total: 27911 / 66430
[2023-10-24 20:45:43.179] [info] #5: Feasible / Total: 33079 / 66430
[2023-10-24 20:45:57.249] [info] #6: Feasible / Total: 34298 / 66430
[2023-10-24 20:46:07.874] [info] #7: Feasible / Total: 34464 / 66430
[2023-10-24 20:46:18.855] [info] #8: Feasible / Total: 34478 / 66430
[2023-10-24 20:46:29.398] [info] #8: Feasible / Total: 34478 / 66430
[2023-10-24 20:46:29.398] [info] Graph is not D-reducible.
[2023-10-24 20:46:29.705] [info] Started C-reducibility check
[2023-10-24 20:46:36.469] [info] Trying 322999 possible contractions
[2023-10-24 20:46:36.469] [info] [0/322999] Starting contraction of size 1
[2023-10-24 21:05:28.384] [info] [28/322999] Starting contraction of size 2
[2023-10-24 23:32:09.491] [info] [363/322999] Starting contraction of size 3
[2023-10-25 09:10:36.369] [info] [2617/322999] Starting contraction of size 4
[2023-10-26 02:56:45.520] [info] [12088/322999] Starting contraction of size 5
[2023-10-27 02:04:05.423] [info] [38296/322999] Starting contraction of size 6
[2023-10-28 01:13:28.715] [info] [87713/322999] Starting contraction of size 7
[2023-10-28 12:11:25.624] [info] All colors passed! Contracted: 13, 16, 17, 22, 23, 29, 31
[2023-10-28 12:11:25.624] [info] Graph is C-reducible!
