[2023-10-24 20:42:32.442] [info] Kempe type: Planar
[2023-10-24 20:42:32.442] [info] Vertex size: 23, Edge size: 41, Ring size: 13
[2023-10-24 20:43:23.844] [info] Started D-reducibility check
[2023-10-24 20:43:23.844] [info] #1: Feasible / Total: 4999 / 66430
[2023-10-24 20:44:29.001] [info] #2: Feasible / Total: 14412 / 66430
[2023-10-24 20:45:35.982] [info] #3: Feasible / Total: 25548 / 66430
[2023-10-24 20:46:27.674] [info] #4: Feasible / Total: 37409 / 66430
[2023-10-24 20:46:59.041] [info] #5: Feasible / Total: 47282 / 66430
[2023-10-24 20:47:07.712] [info] #6: Feasible / Total: 47862 / 66430
[2023-10-24 20:47:13.972] [info] #6: Feasible / Total: 47862 / 66430
[2023-10-24 20:47:13.973] [info] Graph is not D-reducible.
[2023-10-24 20:47:14.182] [info] Started C-reducibility check
[2023-10-24 20:47:21.205] [info] Trying 322999 possible contractions
[2023-10-24 20:47:21.205] [info] [0/322999] Starting contraction of size 1
[2023-10-24 21:04:36.198] [info] [28/322999] Starting contraction of size 2
[2023-10-24 23:14:28.181] [info] [363/322999] Starting contraction of size 3
[2023-10-25 07:59:36.155] [info] [2616/322999] Starting contraction of size 4
[2023-10-26 01:15:05.700] [info] [12072/322999] Starting contraction of size 5
[2023-10-27 00:12:33.349] [info] [38196/322999] Starting contraction of size 6
[2023-10-27 23:20:01.014] [info] [87402/322999] Starting contraction of size 7
[2023-10-28 08:56:21.176] [info] All colors passed! Contracted: 14, 15, 16, 17, 22, 23, 39
[2023-10-28 08:56:21.176] [info] Graph is C-reducible!
