[2023-10-24 20:42:58.379] [info] Kempe type: Planar
[2023-10-24 20:42:58.379] [info] Vertex size: 23, Edge size: 41, Ring size: 13
[2023-10-24 20:43:52.956] [info] Started D-reducibility check
[2023-10-24 20:43:52.956] [info] #1: Feasible / Total: 4943 / 66430
[2023-10-24 20:44:55.239] [info] #2: Feasible / Total: 14264 / 66430
[2023-10-24 20:45:56.960] [info] #3: Feasible / Total: 26172 / 66430
[2023-10-24 20:46:52.822] [info] #4: Feasible / Total: 40636 / 66430
[2023-10-24 20:47:19.825] [info] #5: Feasible / Total: 49649 / 66430
[2023-10-24 20:47:26.998] [info] #6: Feasible / Total: 49968 / 66430
[2023-10-24 20:47:32.398] [info] #6: Feasible / Total: 49968 / 66430
[2023-10-24 20:47:32.399] [info] Graph is not D-reducible.
[2023-10-24 20:47:32.708] [info] Started C-reducibility check
[2023-10-24 20:47:39.472] [info] Trying 322999 possible contractions
[2023-10-24 20:47:39.472] [info] [0/322999] Starting contraction of size 1
[2023-10-24 21:04:44.283] [info] [28/322999] Starting contraction of size 2
[2023-10-24 23:30:32.154] [info] [363/322999] Starting contraction of size 3
[2023-10-25 09:03:42.881] [info] [2616/322999] Starting contraction of size 4
[2023-10-26 02:57:45.760] [info] [12072/322999] Starting contraction of size 5
[2023-10-26 17:54:56.214] [info] All colors passed! Contracted: 15, 16, 19, 38, 40
[2023-10-26 17:54:56.214] [info] Graph is C-reducible!
