[2023-10-24 20:42:58.131] [info] Kempe type: Planar
[2023-10-24 20:42:58.167] [info] Vertex size: 23, Edge size: 41, Ring size: 13
[2023-10-24 20:43:52.020] [info] Started D-reducibility check
[2023-10-24 20:43:52.020] [info] #1: Feasible / Total: 4966 / 66430
[2023-10-24 20:45:03.428] [info] #2: Feasible / Total: 14333 / 66430
[2023-10-24 20:46:11.337] [info] #3: Feasible / Total: 26307 / 66430
[2023-10-24 20:47:08.662] [info] #4: Feasible / Total: 41277 / 66430
[2023-10-24 20:47:34.825] [info] #5: Feasible / Total: 51441 / 66430
[2023-10-24 20:47:41.802] [info] #6: Feasible / Total: 52354 / 66430
[2023-10-24 20:47:46.578] [info] #7: Feasible / Total: 52360 / 66430
[2023-10-24 20:47:51.335] [info] #7: Feasible / Total: 52360 / 66430
[2023-10-24 20:47:51.335] [info] Graph is not D-reducible.
[2023-10-24 20:47:51.546] [info] Started C-reducibility check
[2023-10-24 20:47:58.358] [info] Trying 322999 possible contractions
[2023-10-24 20:47:58.358] [info] [0/322999] Starting contraction of size 1
[2023-10-24 21:06:35.146] [info] [28/322999] Starting contraction of size 2
[2023-10-24 23:38:00.268] [info] [363/322999] Starting contraction of size 3
[2023-10-25 09:10:56.414] [info] [2616/322999] Starting contraction of size 4
[2023-10-25 18:57:04.274] [info] All colors passed! Contracted: 16, 17, 19, 40
[2023-10-25 18:57:04.295] [info] Graph is C-reducible!
