[2023-10-24 20:42:30.529] [info] Kempe type: Planar
[2023-10-24 20:42:30.529] [info] Vertex size: 23, Edge size: 41, Ring size: 13
[2023-10-24 20:43:19.608] [info] Started D-reducibility check
[2023-10-24 20:43:19.608] [info] #1: Feasible / Total: 4938 / 66430
[2023-10-24 20:44:20.425] [info] #2: Feasible / Total: 15815 / 66430
[2023-10-24 20:45:17.367] [info] #3: Feasible / Total: 28364 / 66430
[2023-10-24 20:45:55.039] [info] #4: Feasible / Total: 39214 / 66430
[2023-10-24 20:46:09.529] [info] #5: Feasible / Total: 41741 / 66430
[2023-10-24 20:46:17.919] [info] #6: Feasible / Total: 41770 / 66430
[2023-10-24 20:46:25.847] [info] #6: Feasible / Total: 41770 / 66430
[2023-10-24 20:46:25.848] [info] Graph is not D-reducible.
[2023-10-24 20:46:26.066] [info] Started C-reducibility check
[2023-10-24 20:46:33.032] [info] Trying 322999 possible contractions
[2023-10-24 20:46:33.032] [info] [0/322999] Starting contraction of size 1
[2023-10-24 21:05:32.791] [info] [28/322999] Starting contraction of size 2
[2023-10-24 23:31:27.058] [info] [363/322999] Starting contraction of size 3
[2023-10-25 08:11:22.393] [info] [2616/322999] Starting contraction of size 4
[2023-10-26 01:20:36.112] [info] [12071/322999] Starting contraction of size 5
[2023-10-26 04:03:30.268] [info] All colors passed! Contracted: 14, 16, 20, 27, 31
[2023-10-26 04:03:30.268] [info] Graph is C-reducible!
