[2023-10-24 20:42:49.661] [info] Kempe type: Planar
[2023-10-24 20:42:49.661] [info] Vertex size: 23, Edge size: 41, Ring size: 13
[2023-10-24 20:43:41.210] [info] Started D-reducibility check
[2023-10-24 20:43:41.211] [info] #1: Feasible / Total: 4768 / 66430
[2023-10-24 20:44:30.107] [info] #2: Feasible / Total: 13043 / 66430
[2023-10-24 20:45:19.929] [info] #3: Feasible / Total: 21954 / 66430
[2023-10-24 20:46:02.115] [info] #4: Feasible / Total: 31388 / 66430
[2023-10-24 20:46:38.716] [info] #5: Feasible / Total: 41412 / 66430
[2023-10-24 20:46:56.857] [info] #6: Feasible / Total: 47508 / 66430
[2023-10-24 20:47:03.123] [info] #7: Feasible / Total: 47686 / 66430
[2023-10-24 20:47:08.558] [info] #7: Feasible / Total: 47686 / 66430
[2023-10-24 20:47:08.559] [info] Graph is not D-reducible.
[2023-10-24 20:47:08.832] [info] Started C-reducibility check
[2023-10-24 20:47:14.728] [info] Trying 322999 possible contractions
[2023-10-24 20:47:14.728] [info] [0/322999] Starting contraction of size 1
[2023-10-24 21:03:55.293] [info] [28/322999] Starting contraction of size 2
[2023-10-24 23:13:46.351] [info] [363/322999] Starting contraction of size 3
[2023-10-25 08:04:26.241] [info] [2616/322999] Starting contraction of size 4
[2023-10-26 01:17:09.826] [info] [12071/322999] Starting contraction of size 5
[2023-10-27 00:22:11.668] [info] [38181/322999] Starting contraction of size 6
[2023-10-27 23:57:11.844] [info] [87323/322999] Starting contraction of size 7
[2023-10-27 23:57:47.103] [info] All colors passed! Contracted: 13, 14, 15, 17, 23, 27, 28
[2023-10-27 23:57:47.103] [info] Graph is C-reducible!
