[2023-10-24 20:42:56.883] [info] Kempe type: Planar
[2023-10-24 20:42:56.883] [info] Vertex size: 23, Edge size: 41, Ring size: 13
[2023-10-24 20:43:41.823] [info] Started D-reducibility check
[2023-10-24 20:43:41.823] [info] #1: Feasible / Total: 4946 / 66430
[2023-10-24 20:44:27.896] [info] #2: Feasible / Total: 13172 / 66430
[2023-10-24 20:45:16.475] [info] #3: Feasible / Total: 24475 / 66430
[2023-10-24 20:46:11.327] [info] #4: Feasible / Total: 43646 / 66430
[2023-10-24 20:46:35.848] [info] #5: Feasible / Total: 54191 / 66430
[2023-10-24 20:46:40.973] [info] #6: Feasible / Total: 54558 / 66430
[2023-10-24 20:46:44.895] [info] #7: Feasible / Total: 54559 / 66430
[2023-10-24 20:46:48.770] [info] #7: Feasible / Total: 54559 / 66430
[2023-10-24 20:46:48.770] [info] Graph is not D-reducible.
[2023-10-24 20:46:49.069] [info] Started C-reducibility check
[2023-10-24 20:46:56.037] [info] Trying 322999 possible contractions
[2023-10-24 20:46:56.037] [info] [0/322999] Starting contraction of size 1
[2023-10-24 21:05:34.669] [info] [28/322999] Starting contraction of size 2
[2023-10-24 23:37:48.124] [info] [363/322999] Starting contraction of size 3
[2023-10-25 09:15:39.768] [info] [2616/322999] Starting contraction of size 4
[2023-10-25 20:57:11.504] [info] All colors passed! Contracted: 15, 17, 19, 23
[2023-10-25 20:57:11.504] [info] Graph is C-reducible!
