[2023-10-24 20:42:37.793] [info] Kempe type: Planar
[2023-10-24 20:42:37.793] [info] Vertex size: 23, Edge size: 41, Ring size: 13
[2023-10-24 20:43:19.711] [info] Started D-reducibility check
[2023-10-24 20:43:19.712] [info] #1: Feasible / Total: 4948 / 66430
[2023-10-24 20:44:11.996] [info] #2: Feasible / Total: 13897 / 66430
[2023-10-24 20:45:06.653] [info] #3: Feasible / Total: 25063 / 66430
[2023-10-24 20:45:48.296] [info] #4: Feasible / Total: 34771 / 66430
[2023-10-24 20:46:16.381] [info] #5: Feasible / Total: 41690 / 66430
[2023-10-24 20:46:28.895] [info] #6: Feasible / Total: 42626 / 66430
[2023-10-24 20:46:37.167] [info] #7: Feasible / Total: 42638 / 66430
[2023-10-24 20:46:45.307] [info] #7: Feasible / Total: 42638 / 66430
[2023-10-24 20:46:45.307] [info] Graph is not D-reducible.
[2023-10-24 20:46:45.518] [info] Started C-reducibility check
[2023-10-24 20:46:52.342] [info] Trying 322999 possible contractions
[2023-10-24 20:46:52.342] [info] [0/322999] Starting contraction of size 1
[2023-10-24 21:04:03.537] [info] [28/322999] Starting contraction of size 2
[2023-10-24 23:16:36.924] [info] [363/322999] Starting contraction of size 3
[2023-10-25 08:15:53.407] [info] [2616/322999] Starting contraction of size 4
[2023-10-26 01:45:56.133] [info] [12071/322999] Starting contraction of size 5
[2023-10-27 01:06:41.256] [info] [38182/322999] Starting contraction of size 6
[2023-10-27 16:23:09.530] [info] All colors passed! Contracted: 13, 14, 16, 17, 21, 34
[2023-10-27 16:23:09.530] [info] Graph is C-reducible!
