[2023-10-24 20:42:57.692] [info] Kempe type: Planar
[2023-10-24 20:42:57.692] [info] Vertex size: 23, Edge size: 41, Ring size: 13
[2023-10-24 20:43:47.551] [info] Started D-reducibility check
[2023-10-24 20:43:47.551] [info] #1: Feasible / Total: 4897 / 66430
[2023-10-24 20:44:38.938] [info] #2: Feasible / Total: 14566 / 66430
[2023-10-24 20:45:36.656] [info] #3: Feasible / Total: 25770 / 66430
[2023-10-24 20:46:19.827] [info] #4: Feasible / Total: 36390 / 66430
[2023-10-24 20:46:47.071] [info] #5: Feasible / Total: 42443 / 66430
[2023-10-24 20:46:57.212] [info] #6: Feasible / Total: 42939 / 66430
[2023-10-24 20:47:05.370] [info] #7: Feasible / Total: 42940 / 66430
[2023-10-24 20:47:13.274] [info] #7: Feasible / Total: 42940 / 66430
[2023-10-24 20:47:13.275] [info] Graph is not D-reducible.
[2023-10-24 20:47:13.576] [info] Started C-reducibility check
[2023-10-24 20:47:20.237] [info] Trying 322999 possible contractions
[2023-10-24 20:47:20.237] [info] [0/322999] Starting contraction of size 1
[2023-10-24 21:04:06.749] [info] [28/322999] Starting contraction of size 2
[2023-10-24 23:11:21.914] [info] [363/322999] Starting contraction of size 3
[2023-10-25 08:04:22.765] [info] [2616/322999] Starting contraction of size 4
[2023-10-25 08:22:52.383] [info] All colors passed! Contracted: 14, 20, 23, 33
[2023-10-25 08:22:52.383] [info] Graph is C-reducible!
