[2023-10-24 20:42:16.002] [info] Kempe type: Planar
[2023-10-24 20:42:16.002] [info] Vertex size: 23, Edge size: 41, Ring size: 13
[2023-10-24 20:43:01.548] [info] Started D-reducibility check
[2023-10-24 20:43:01.548] [info] #1: Feasible / Total: 4806 / 66430
[2023-10-24 20:43:45.232] [info] #2: Feasible / Total: 12284 / 66430
[2023-10-24 20:44:26.981] [info] #3: Feasible / Total: 20253 / 66430
[2023-10-24 20:44:54.798] [info] #4: Feasible / Total: 26818 / 66430
[2023-10-24 20:45:09.251] [info] #5: Feasible / Total: 28288 / 66430
[2023-10-24 20:45:20.933] [info] #6: Feasible / Total: 28335 / 66430
[2023-10-24 20:45:32.089] [info] #7: Feasible / Total: 28338 / 66430
[2023-10-24 20:45:43.499] [info] #7: Feasible / Total: 28338 / 66430
[2023-10-24 20:45:43.499] [info] Graph is not D-reducible.
[2023-10-24 20:45:43.769] [info] Started C-reducibility check
[2023-10-24 20:45:49.696] [info] Trying 322999 possible contractions
[2023-10-24 20:45:49.697] [info] [0/322999] Starting contraction of size 1
[2023-10-24 21:05:11.507] [info] [28/322999] Starting contraction of size 2
[2023-10-24 23:29:04.511] [info] [363/322999] Starting contraction of size 3
[2023-10-25 08:10:58.594] [info] [2617/322999] Starting contraction of size 4
[2023-10-25 11:11:49.749] [info] All colors passed! Contracted: 16, 19, 21, 31
[2023-10-25 11:11:49.749] [info] Graph is C-reducible!
