[2023-10-24 20:43:07.645] [info] Kempe type: Planar
[2023-10-24 20:43:07.646] [info] Vertex size: 23, Edge size: 41, Ring size: 13
[2023-10-24 20:44:08.467] [info] Started D-reducibility check
[2023-10-24 20:44:08.467] [info] #1: Feasible / Total: 4947 / 66430
[2023-10-24 20:45:17.524] [info] #2: Feasible / Total: 14647 / 66430
[2023-10-24 20:46:32.636] [info] #3: Feasible / Total: 27681 / 66430
[2023-10-24 20:47:33.957] [info] #4: Feasible / Total: 43110 / 66430
[2023-10-24 20:47:58.634] [info] #5: Feasible / Total: 50723 / 66430
[2023-10-24 20:48:05.284] [info] #6: Feasible / Total: 50892 / 66430
[2023-10-24 20:48:10.707] [info] #6: Feasible / Total: 50892 / 66430
[2023-10-24 20:48:10.707] [info] Graph is not D-reducible.
[2023-10-24 20:48:10.933] [info] Started C-reducibility check
[2023-10-24 20:48:18.106] [info] Trying 322999 possible contractions
[2023-10-24 20:48:18.107] [info] [0/322999] Starting contraction of size 1
[2023-10-24 21:06:57.431] [info] [28/322999] Starting contraction of size 2
[2023-10-24 23:30:53.415] [info] [363/322999] Starting contraction of size 3
[2023-10-25 09:06:21.701] [info] [2616/322999] Starting contraction of size 4
[2023-10-26 02:32:18.256] [info] [12072/322999] Starting contraction of size 5
[2023-10-26 14:17:20.815] [info] All colors passed! Contracted: 15, 16, 19, 38, 40
[2023-10-26 14:17:20.823] [info] Graph is C-reducible!
