[2023-10-24 20:42:37.253] [info] Kempe type: Planar
[2023-10-24 20:42:37.253] [info] Vertex size: 23, Edge size: 41, Ring size: 13
[2023-10-24 20:43:33.209] [info] Started D-reducibility check
[2023-10-24 20:43:33.209] [info] #1: Feasible / Total: 5003 / 66430
[2023-10-24 20:44:38.300] [info] #2: Feasible / Total: 14867 / 66430
[2023-10-24 20:45:41.634] [info] #3: Feasible / Total: 27122 / 66430
[2023-10-24 20:46:32.368] [info] #4: Feasible / Total: 40709 / 66430
[2023-10-24 20:46:58.479] [info] #5: Feasible / Total: 49408 / 66430
[2023-10-24 20:47:05.607] [info] #6: Feasible / Total: 49658 / 66430
[2023-10-24 20:47:11.332] [info] #6: Feasible / Total: 49658 / 66430
[2023-10-24 20:47:11.332] [info] Graph is not D-reducible.
[2023-10-24 20:47:11.546] [info] Started C-reducibility check
[2023-10-24 20:47:18.563] [info] Trying 322999 possible contractions
[2023-10-24 20:47:18.563] [info] [0/322999] Starting contraction of size 1
[2023-10-24 21:06:20.999] [info] [28/322999] Starting contraction of size 2
[2023-10-24 23:34:18.411] [info] [363/322999] Starting contraction of size 3
[2023-10-25 09:10:47.308] [info] [2616/322999] Starting contraction of size 4
[2023-10-26 02:54:43.705] [info] [12071/322999] Starting contraction of size 5
[2023-10-26 19:20:04.224] [info] All colors passed! Contracted: 13, 14, 15, 22, 36
[2023-10-26 19:20:04.224] [info] Graph is C-reducible!
