[2023-10-24 20:42:12.721] [info] Kempe type: Planar
[2023-10-24 20:42:12.721] [info] Vertex size: 23, Edge size: 41, Ring size: 13
[2023-10-24 20:43:07.307] [info] Started D-reducibility check
[2023-10-24 20:43:07.308] [info] #1: Feasible / Total: 5096 / 66430
[2023-10-24 20:44:04.215] [info] #2: Feasible / Total: 15404 / 66430
[2023-10-24 20:45:05.336] [info] #3: Feasible / Total: 27922 / 66430
[2023-10-24 20:45:50.194] [info] #4: Feasible / Total: 45002 / 66430
[2023-10-24 20:46:08.093] [info] #5: Feasible / Total: 52929 / 66430
[2023-10-24 20:46:12.895] [info] #6: Feasible / Total: 53107 / 66430
[2023-10-24 20:46:16.904] [info] #6: Feasible / Total: 53107 / 66430
[2023-10-24 20:46:16.904] [info] Graph is not D-reducible.
[2023-10-24 20:46:17.078] [info] Started C-reducibility check
[2023-10-24 20:46:23.259] [info] Trying 322999 possible contractions
[2023-10-24 20:46:23.259] [info] [0/322999] Starting contraction of size 1
[2023-10-24 21:03:27.397] [info] [28/322999] Starting contraction of size 2
[2023-10-24 23:13:40.448] [info] [363/322999] Starting contraction of size 3
[2023-10-25 08:03:01.862] [info] [2616/322999] Starting contraction of size 4
[2023-10-26 01:21:33.990] [info] [12072/322999] Starting contraction of size 5
[2023-10-26 09:39:52.876] [info] All colors passed! Contracted: 18, 23, 25, 30, 32
[2023-10-26 09:39:52.876] [info] Graph is C-reducible!
