[2023-10-24 20:43:03.277] [info] Kempe type: Planar
[2023-10-24 20:43:03.277] [info] Vertex size: 23, Edge size: 41, Ring size: 13
[2023-10-24 20:43:58.927] [info] Started D-reducibility check
[2023-10-24 20:43:58.928] [info] #1: Feasible / Total: 4796 / 66430
[2023-10-24 20:45:00.311] [info] #2: Feasible / Total: 12840 / 66430
[2023-10-24 20:45:57.878] [info] #3: Feasible / Total: 21100 / 66430
[2023-10-24 20:46:41.234] [info] #4: Feasible / Total: 28035 / 66430
[2023-10-24 20:47:22.823] [info] #5: Feasible / Total: 36298 / 66430
[2023-10-24 20:47:47.488] [info] #6: Feasible / Total: 41219 / 66430
[2023-10-24 20:47:58.041] [info] #7: Feasible / Total: 41864 / 66430
[2023-10-24 20:48:06.358] [info] #8: Feasible / Total: 41956 / 66430
[2023-10-24 20:48:14.468] [info] #9: Feasible / Total: 41960 / 66430
[2023-10-24 20:48:22.494] [info] #9: Feasible / Total: 41960 / 66430
[2023-10-24 20:48:22.494] [info] Graph is not D-reducible.
[2023-10-24 20:48:22.816] [info] Started C-reducibility check
[2023-10-24 20:48:29.736] [info] Trying 322999 possible contractions
[2023-10-24 20:48:29.736] [info] [0/322999] Starting contraction of size 1
[2023-10-24 21:06:36.352] [info] [28/322999] Starting contraction of size 2
[2023-10-24 23:34:11.387] [info] [363/322999] Starting contraction of size 3
[2023-10-25 08:17:57.861] [info] [2616/322999] Starting contraction of size 4
[2023-10-25 23:49:23.132] [info] All colors passed! Contracted: 13, 14, 15, 17
[2023-10-25 23:49:23.132] [info] Graph is C-reducible!
