[2023-10-24 20:42:46.717] [info] Kempe type: Planar
[2023-10-24 20:42:46.717] [info] Vertex size: 23, Edge size: 41, Ring size: 13
[2023-10-24 20:43:35.079] [info] Started D-reducibility check
[2023-10-24 20:43:35.079] [info] #1: Feasible / Total: 4774 / 66430
[2023-10-24 20:44:23.570] [info] #2: Feasible / Total: 13021 / 66430
[2023-10-24 20:45:13.031] [info] #3: Feasible / Total: 21799 / 66430
[2023-10-24 20:45:51.911] [info] #4: Feasible / Total: 29906 / 66430
[2023-10-24 20:46:27.142] [info] #5: Feasible / Total: 39302 / 66430
[2023-10-24 20:46:41.287] [info] #6: Feasible / Total: 41835 / 66430
[2023-10-24 20:46:49.420] [info] #7: Feasible / Total: 41841 / 66430
[2023-10-24 20:46:57.302] [info] #7: Feasible / Total: 41841 / 66430
[2023-10-24 20:46:57.303] [info] Graph is not D-reducible.
[2023-10-24 20:46:57.580] [info] Started C-reducibility check
[2023-10-24 20:47:03.874] [info] Trying 322999 possible contractions
[2023-10-24 20:47:03.874] [info] [0/322999] Starting contraction of size 1
[2023-10-24 21:04:22.392] [info] [28/322999] Starting contraction of size 2
[2023-10-24 23:14:50.991] [info] [363/322999] Starting contraction of size 3
[2023-10-25 08:09:21.303] [info] [2616/322999] Starting contraction of size 4
[2023-10-25 15:08:46.168] [info] All colors passed! Contracted: 18, 20, 28, 30
[2023-10-25 15:08:46.168] [info] Graph is C-reducible!
