[2023-10-24 20:42:16.782] [info] Kempe type: Planar
[2023-10-24 20:42:16.782] [info] Vertex size: 23, Edge size: 41, Ring size: 13
[2023-10-24 20:42:50.937] [info] Started D-reducibility check
[2023-10-24 20:42:50.937] [info] #1: Feasible / Total: 4837 / 66430
[2023-10-24 20:43:31.153] [info] #2: Feasible / Total: 12992 / 66430
[2023-10-24 20:44:13.030] [info] #3: Feasible / Total: 21903 / 66430
[2023-10-24 20:44:46.122] [info] #4: Feasible / Total: 29462 / 66430
[2023-10-24 20:45:01.281] [info] #5: Feasible / Total: 31265 / 66430
[2023-10-24 20:45:12.967] [info] #6: Feasible / Total: 31290 / 66430
[2023-10-24 20:45:24.927] [info] #7: Feasible / Total: 31291 / 66430
[2023-10-24 20:45:36.678] [info] #7: Feasible / Total: 31291 / 66430
[2023-10-24 20:45:36.679] [info] Graph is not D-reducible.
[2023-10-24 20:45:36.953] [info] Started C-reducibility check
[2023-10-24 20:45:43.078] [info] Trying 322999 possible contractions
[2023-10-24 20:45:43.078] [info] [0/322999] Starting contraction of size 1
[2023-10-24 21:04:34.597] [info] [28/322999] Starting contraction of size 2
[2023-10-24 23:31:49.807] [info] [363/322999] Starting contraction of size 3
[2023-10-25 09:05:06.989] [info] [2617/322999] Starting contraction of size 4
[2023-10-25 15:46:52.684] [info] All colors passed! Contracted: 15, 22, 24, 34
[2023-10-25 15:46:52.684] [info] Graph is C-reducible!
