[2023-10-24 20:43:04.745] [info] Kempe type: Planar
[2023-10-24 20:43:04.745] [info] Vertex size: 23, Edge size: 41, Ring size: 13
[2023-10-24 20:44:05.463] [info] Started D-reducibility check
[2023-10-24 20:44:05.464] [info] #1: Feasible / Total: 4786 / 66430
[2023-10-24 20:45:08.686] [info] #2: Feasible / Total: 13428 / 66430
[2023-10-24 20:46:11.893] [info] #3: Feasible / Total: 24846 / 66430
[2023-10-24 20:47:08.676] [info] #4: Feasible / Total: 38647 / 66430
[2023-10-24 20:47:38.730] [info] #5: Feasible / Total: 48687 / 66430
[2023-10-24 20:47:47.226] [info] #6: Feasible / Total: 49483 / 66430
[2023-10-24 20:47:52.740] [info] #6: Feasible / Total: 49483 / 66430
[2023-10-24 20:47:52.740] [info] Graph is not D-reducible.
[2023-10-24 20:47:52.955] [info] Started C-reducibility check
[2023-10-24 20:47:59.791] [info] Trying 322999 possible contractions
[2023-10-24 20:47:59.792] [info] [0/322999] Starting contraction of size 1
[2023-10-24 21:07:02.801] [info] [28/322999] Starting contraction of size 2
[2023-10-24 23:36:09.025] [info] [363/322999] Starting contraction of size 3
[2023-10-25 08:39:38.130] [info] [2616/322999] Starting contraction of size 4
[2023-10-26 01:50:07.599] [info] [12071/322999] Starting contraction of size 5
[2023-10-26 03:37:42.967] [info] All colors passed! Contracted: 15, 16, 19, 38, 40
[2023-10-26 03:37:42.967] [info] Graph is C-reducible!
