[2023-10-24 20:42:54.637] [info] Kempe type: Planar
[2023-10-24 20:42:54.637] [info] Vertex size: 23, Edge size: 41, Ring size: 13
[2023-10-24 20:43:49.492] [info] Started D-reducibility check
[2023-10-24 20:43:49.492] [info] #1: Feasible / Total: 4940 / 66430
[2023-10-24 20:45:00.316] [info] #2: Feasible / Total: 14887 / 66430
[2023-10-24 20:46:11.073] [info] #3: Feasible / Total: 28541 / 66430
[2023-10-24 20:47:03.908] [info] #4: Feasible / Total: 45256 / 66430
[2023-10-24 20:47:19.613] [info] #5: Feasible / Total: 51979 / 66430
[2023-10-24 20:47:24.605] [info] #6: Feasible / Total: 52126 / 66430
[2023-10-24 20:47:29.198] [info] #6: Feasible / Total: 52126 / 66430
[2023-10-24 20:47:29.198] [info] Graph is not D-reducible.
[2023-10-24 20:47:29.500] [info] Started C-reducibility check
[2023-10-24 20:47:36.090] [info] Trying 322999 possible contractions
[2023-10-24 20:47:36.090] [info] [0/322999] Starting contraction of size 1
[2023-10-24 21:04:15.221] [info] [28/322999] Starting contraction of size 2
[2023-10-24 23:12:21.021] [info] [363/322999] Starting contraction of size 3
[2023-10-25 08:39:29.088] [info] [2616/322999] Starting contraction of size 4
[2023-10-26 02:41:54.168] [info] [12072/322999] Starting contraction of size 5
[2023-10-26 07:48:37.071] [info] All colors passed! Contracted: 14, 20, 23, 32, 35
[2023-10-26 07:48:37.071] [info] Graph is C-reducible!
