[2023-10-24 20:43:01.369] [info] Kempe type: Planar
[2023-10-24 20:43:01.369] [info] Vertex size: 23, Edge size: 41, Ring size: 13
[2023-10-24 20:44:03.188] [info] Started D-reducibility check
[2023-10-24 20:44:03.188] [info] #1: Feasible / Total: 4658 / 66430
[2023-10-24 20:44:57.094] [info] #2: Feasible / Total: 11432 / 66430
[2023-10-24 20:45:44.456] [info] #3: Feasible / Total: 17653 / 66430
[2023-10-24 20:46:23.520] [info] #4: Feasible / Total: 24510 / 66430
[2023-10-24 20:46:47.660] [info] #5: Feasible / Total: 27988 / 66430
[2023-10-24 20:47:02.213] [info] #6: Feasible / Total: 28240 / 66430
[2023-10-24 20:47:16.190] [info] #7: Feasible / Total: 28243 / 66430
[2023-10-24 20:47:29.958] [info] #7: Feasible / Total: 28243 / 66430
[2023-10-24 20:47:29.958] [info] Graph is not D-reducible.
[2023-10-24 20:47:30.301] [info] Started C-reducibility check
[2023-10-24 20:47:37.790] [info] Trying 322999 possible contractions
[2023-10-24 20:47:37.790] [info] [0/322999] Starting contraction of size 1
[2023-10-24 21:06:59.866] [info] [28/322999] Starting contraction of size 2
[2023-10-24 23:34:05.364] [info] [363/322999] Starting contraction of size 3
[2023-10-25 09:19:27.037] [info] [2617/322999] Starting contraction of size 4
[2023-10-25 23:53:10.818] [info] All colors passed! Contracted: 13, 14, 15, 17
[2023-10-25 23:53:10.818] [info] Graph is C-reducible!
