[2023-10-24 20:42:21.577] [info] Kempe type: Planar
[2023-10-24 20:42:21.577] [info] Vertex size: 23, Edge size: 41, Ring size: 13
[2023-10-24 20:43:19.776] [info] Started D-reducibility check
[2023-10-24 20:43:19.776] [info] #1: Feasible / Total: 4976 / 66430
[2023-10-24 20:44:26.246] [info] #2: Feasible / Total: 14734 / 66430
[2023-10-24 20:45:25.762] [info] #3: Feasible / Total: 25474 / 66430
[2023-10-24 20:46:21.046] [info] #4: Feasible / Total: 39470 / 66430
[2023-10-24 20:46:48.565] [info] #5: Feasible / Total: 47497 / 66430
[2023-10-24 20:46:56.382] [info] #6: Feasible / Total: 47794 / 66430
[2023-10-24 20:47:02.990] [info] #6: Feasible / Total: 47794 / 66430
[2023-10-24 20:47:02.990] [info] Graph is not D-reducible.
[2023-10-24 20:47:03.324] [info] Started C-reducibility check
[2023-10-24 20:47:10.494] [info] Trying 322999 possible contractions
[2023-10-24 20:47:10.494] [info] [0/322999] Starting contraction of size 1
[2023-10-24 21:06:37.502] [info] [28/322999] Starting contraction of size 2
[2023-10-24 23:32:46.340] [info] [363/322999] Starting contraction of size 3
[2023-10-25 08:17:41.748] [info] [2615/322999] Starting contraction of size 4
[2023-10-26 01:28:42.949] [info] [12055/322999] Starting contraction of size 5
[2023-10-27 00:31:01.873] [info] [38084/322999] Starting contraction of size 6
[2023-10-27 14:12:15.988] [info] All colors passed! Contracted: 15, 20, 21, 23, 26, 29
[2023-10-27 14:12:15.988] [info] Graph is C-reducible!
