[2023-10-24 20:43:05.632] [info] Kempe type: Planar
[2023-10-24 20:43:05.632] [info] Vertex size: 23, Edge size: 41, Ring size: 13
[2023-10-24 20:44:07.172] [info] Started D-reducibility check
[2023-10-24 20:44:07.172] [info] #1: Feasible / Total: 4930 / 66430
[2023-10-24 20:45:13.987] [info] #2: Feasible / Total: 15362 / 66430
[2023-10-24 20:46:20.769] [info] #3: Feasible / Total: 27814 / 66430
[2023-10-24 20:47:12.890] [info] #4: Feasible / Total: 41897 / 66430
[2023-10-24 20:47:38.433] [info] #5: Feasible / Total: 49920 / 66430
[2023-10-24 20:47:45.445] [info] #6: Feasible / Total: 50194 / 66430
[2023-10-24 20:47:50.998] [info] #6: Feasible / Total: 50194 / 66430
[2023-10-24 20:47:50.999] [info] Graph is not D-reducible.
[2023-10-24 20:47:51.321] [info] Started C-reducibility check
[2023-10-24 20:47:58.745] [info] Trying 322999 possible contractions
[2023-10-24 20:47:58.745] [info] [0/322999] Starting contraction of size 1
[2023-10-24 21:06:57.975] [info] [28/322999] Starting contraction of size 2
[2023-10-24 23:31:48.368] [info] [363/322999] Starting contraction of size 3
[2023-10-25 08:30:52.551] [info] [2616/322999] Starting contraction of size 4
[2023-10-26 01:32:53.571] [info] [12071/322999] Starting contraction of size 5
[2023-10-26 20:14:47.301] [info] All colors passed! Contracted: 15, 17, 19, 23, 40
[2023-10-26 20:14:47.301] [info] Graph is C-reducible!
