[2023-10-24 20:42:13.582] [info] Kempe type: Planar
[2023-10-24 20:42:13.582] [info] Vertex size: 23, Edge size: 41, Ring size: 13
[2023-10-24 20:43:01.283] [info] Started D-reducibility check
[2023-10-24 20:43:01.283] [info] #1: Feasible / Total: 4927 / 66430
[2023-10-24 20:43:48.534] [info] #2: Feasible / Total: 13699 / 66430
[2023-10-24 20:44:35.805] [info] #3: Feasible / Total: 22641 / 66430
[2023-10-24 20:45:14.624] [info] #4: Feasible / Total: 31534 / 66430
[2023-10-24 20:45:40.457] [info] #5: Feasible / Total: 37180 / 66430
[2023-10-24 20:45:51.917] [info] #6: Feasible / Total: 37898 / 66430
[2023-10-24 20:46:00.743] [info] #7: Feasible / Total: 37931 / 66430
[2023-10-24 20:46:09.363] [info] #8: Feasible / Total: 37932 / 66430
[2023-10-24 20:46:19.055] [info] #8: Feasible / Total: 37932 / 66430
[2023-10-24 20:46:19.055] [info] Graph is not D-reducible.
[2023-10-24 20:46:19.250] [info] Started C-reducibility check
[2023-10-24 20:46:25.850] [info] Trying 322999 possible contractions
[2023-10-24 20:46:25.850] [info] [0/322999] Starting contraction of size 1
[2023-10-24 21:05:24.089] [info] [28/322999] Starting contraction of size 2
[2023-10-24 23:38:15.644] [info] [363/322999] Starting contraction of size 3
[2023-10-25 09:14:32.497] [info] [2617/322999] Starting contraction of size 4
[2023-10-26 02:59:35.997] [info] [12088/322999] Starting contraction of size 5
[2023-10-26 14:24:00.520] [info] All colors passed! Contracted: 15, 16, 19, 24, 26
[2023-10-26 14:24:00.521] [info] Graph is C-reducible!
