[2023-10-24 20:42:54.925] [info] Kempe type: Planar
[2023-10-24 20:42:54.925] [info] Vertex size: 23, Edge size: 41, Ring size: 13
[2023-10-24 20:43:50.868] [info] Started D-reducibility check
[2023-10-24 20:43:50.868] [info] #1: Feasible / Total: 4984 / 66430
[2023-10-24 20:44:54.508] [info] #2: Feasible / Total: 13627 / 66430
[2023-10-24 20:46:07.792] [info] #3: Feasible / Total: 24679 / 66430
[2023-10-24 20:47:09.803] [info] #4: Feasible / Total: 43601 / 66430
[2023-10-24 20:47:30.599] [info] #5: Feasible / Total: 55848 / 66430
[2023-10-24 20:47:34.564] [info] #6: Feasible / Total: 56131 / 66430
[2023-10-24 20:47:37.891] [info] #6: Feasible / Total: 56131 / 66430
[2023-10-24 20:47:37.891] [info] Graph is not D-reducible.
[2023-10-24 20:47:38.097] [info] Started C-reducibility check
[2023-10-24 20:47:44.763] [info] Trying 322999 possible contractions
[2023-10-24 20:47:44.763] [info] [0/322999] Starting contraction of size 1
[2023-10-24 21:04:10.494] [info] [28/322999] Starting contraction of size 2
[2023-10-24 23:09:11.301] [info] [363/322999] Starting contraction of size 3
[2023-10-25 08:50:38.395] [info] [2616/322999] Starting contraction of size 4
[2023-10-26 02:49:08.887] [info] [12072/322999] Starting contraction of size 5
[2023-10-26 03:06:52.097] [info] All colors passed! Contracted: 15, 19, 25, 32, 40
[2023-10-26 03:06:52.097] [info] Graph is C-reducible!
