[2023-10-24 20:43:00.145] [info] Kempe type: Planar
[2023-10-24 20:43:00.146] [info] Vertex size: 23, Edge size: 41, Ring size: 13
[2023-10-24 20:43:43.574] [info] Started D-reducibility check
[2023-10-24 20:43:43.575] [info] #1: Feasible / Total: 4733 / 66430
[2023-10-24 20:44:45.859] [info] #2: Feasible / Total: 13691 / 66430
[2023-10-24 20:45:39.741] [info] #3: Feasible / Total: 23397 / 66430
[2023-10-24 20:46:15.404] [info] #4: Feasible / Total: 29450 / 66430
[2023-10-24 20:46:41.003] [info] #5: Feasible / Total: 32330 / 66430
[2023-10-24 20:47:04.817] [info] #6: Feasible / Total: 35489 / 66430
[2023-10-24 20:47:25.246] [info] #7: Feasible / Total: 38753 / 66430
[2023-10-24 20:47:40.489] [info] #8: Feasible / Total: 40815 / 66430
[2023-10-24 20:47:49.990] [info] #9: Feasible / Total: 41046 / 66430
[2023-10-24 20:47:58.686] [info] #9: Feasible / Total: 41046 / 66430
[2023-10-24 20:47:58.686] [info] Graph is not D-reducible.
[2023-10-24 20:47:59.005] [info] Started C-reducibility check
[2023-10-24 20:48:05.914] [info] Trying 322999 possible contractions
[2023-10-24 20:48:05.914] [info] [0/322999] Starting contraction of size 1
[2023-10-24 21:06:50.930] [info] [28/322999] Starting contraction of size 2
[2023-10-24 23:36:36.754] [info] [363/322999] Starting contraction of size 3
[2023-10-25 09:28:44.921] [info] [2616/322999] Starting contraction of size 4
[2023-10-25 21:16:02.235] [info] All colors passed! Contracted: 13, 14, 15, 23
[2023-10-25 21:16:02.235] [info] Graph is C-reducible!
