[2023-10-24 20:42:32.709] [info] Kempe type: Planar
[2023-10-24 20:42:32.709] [info] Vertex size: 23, Edge size: 41, Ring size: 13
[2023-10-24 20:43:23.345] [info] Started D-reducibility check
[2023-10-24 20:43:23.345] [info] #1: Feasible / Total: 4968 / 66430
[2023-10-24 20:44:23.576] [info] #2: Feasible / Total: 14990 / 66430
[2023-10-24 20:45:26.778] [info] #3: Feasible / Total: 25828 / 66430
[2023-10-24 20:46:13.750] [info] #4: Feasible / Total: 36080 / 66430
[2023-10-24 20:46:43.954] [info] #5: Feasible / Total: 42960 / 66430
[2023-10-24 20:46:55.813] [info] #6: Feasible / Total: 43874 / 66430
[2023-10-24 20:47:03.761] [info] #7: Feasible / Total: 43890 / 66430
[2023-10-24 20:47:11.431] [info] #7: Feasible / Total: 43890 / 66430
[2023-10-24 20:47:11.431] [info] Graph is not D-reducible.
[2023-10-24 20:47:11.749] [info] Started C-reducibility check
[2023-10-24 20:47:18.656] [info] Trying 322999 possible contractions
[2023-10-24 20:47:18.656] [info] [0/322999] Starting contraction of size 1
[2023-10-24 21:04:01.435] [info] [28/322999] Starting contraction of size 2
[2023-10-24 23:10:22.995] [info] [363/322999] Starting contraction of size 3
[2023-10-25 07:59:47.491] [info] [2616/322999] Starting contraction of size 4
[2023-10-25 15:22:58.490] [info] All colors passed! Contracted: 15, 22, 24, 35
[2023-10-25 15:22:58.490] [info] Graph is C-reducible!
