[2023-10-24 20:42:13.979] [info] Kempe type: Planar
[2023-10-24 20:42:13.979] [info] Vertex size: 23, Edge size: 41, Ring size: 13
[2023-10-24 20:43:07.911] [info] Started D-reducibility check
[2023-10-24 20:43:07.911] [info] #1: Feasible / Total: 5155 / 66430
[2023-10-24 20:44:09.313] [info] #2: Feasible / Total: 17051 / 66430
[2023-10-24 20:45:15.375] [info] #3: Feasible / Total: 29228 / 66430
[2023-10-24 20:45:53.245] [info] #4: Feasible / Total: 39788 / 66430
[2023-10-24 20:46:15.340] [info] #5: Feasible / Total: 46671 / 66430
[2023-10-24 20:46:22.643] [info] #6: Feasible / Total: 46961 / 66430
[2023-10-24 20:46:28.873] [info] #6: Feasible / Total: 46961 / 66430
[2023-10-24 20:46:28.873] [info] Graph is not D-reducible.
[2023-10-24 20:46:29.160] [info] Started C-reducibility check
[2023-10-24 20:46:35.844] [info] Trying 322999 possible contractions
[2023-10-24 20:46:35.844] [info] [0/322999] Starting contraction of size 1
[2023-10-24 21:06:01.282] [info] [28/322999] Starting contraction of size 2
[2023-10-24 23:32:50.961] [info] [363/322999] Starting contraction of size 3
[2023-10-25 09:11:00.704] [info] [2616/322999] Starting contraction of size 4
[2023-10-26 03:02:24.820] [info] [12071/322999] Starting contraction of size 5
[2023-10-27 02:16:32.860] [info] [38184/322999] Starting contraction of size 6
[2023-10-28 01:22:12.157] [info] [87346/322999] Starting contraction of size 7
[2023-10-28 01:28:31.834] [info] All colors passed! Contracted: 13, 14, 15, 16, 17, 22, 23
[2023-10-28 01:28:31.834] [info] Graph is C-reducible!
