[2023-10-24 20:42:14.126] [info] Kempe type: Planar
[2023-10-24 20:42:14.127] [info] Vertex size: 23, Edge size: 41, Ring size: 13
[2023-10-24 20:43:02.727] [info] Started D-reducibility check
[2023-10-24 20:43:02.728] [info] #1: Feasible / Total: 4922 / 66430
[2023-10-24 20:43:52.972] [info] #2: Feasible / Total: 13900 / 66430
[2023-10-24 20:44:44.756] [info] #3: Feasible / Total: 23070 / 66430
[2023-10-24 20:45:21.397] [info] #4: Feasible / Total: 31039 / 66430
[2023-10-24 20:45:39.543] [info] #5: Feasible / Total: 35652 / 66430
[2023-10-24 20:45:48.622] [info] #6: Feasible / Total: 36340 / 66430
[2023-10-24 20:45:56.649] [info] #7: Feasible / Total: 36361 / 66430
[2023-10-24 20:46:04.767] [info] #7: Feasible / Total: 36361 / 66430
[2023-10-24 20:46:04.767] [info] Graph is not D-reducible.
[2023-10-24 20:46:04.938] [info] Started C-reducibility check
[2023-10-24 20:46:10.006] [info] Trying 322999 possible contractions
[2023-10-24 20:46:10.006] [info] [0/322999] Starting contraction of size 1
[2023-10-24 21:05:37.959] [info] [28/322999] Starting contraction of size 2
[2023-10-24 23:37:42.521] [info] [363/322999] Starting contraction of size 3
[2023-10-25 09:14:09.121] [info] [2617/322999] Starting contraction of size 4
[2023-10-26 03:01:49.718] [info] [12088/322999] Starting contraction of size 5
[2023-10-27 02:14:40.261] [info] [38296/322999] Starting contraction of size 6
[2023-10-28 01:30:07.918] [info] [87713/322999] Starting contraction of size 7
[2023-10-28 03:43:42.679] [info] All colors passed! Contracted: 13, 14, 15, 16, 17, 22, 23
[2023-10-28 03:43:42.680] [info] Graph is C-reducible!
