[2023-10-24 20:42:01.861] [info] Kempe type: Planar
[2023-10-24 20:42:01.861] [info] Vertex size: 23, Edge size: 41, Ring size: 13
[2023-10-24 20:42:44.590] [info] Started D-reducibility check
[2023-10-24 20:42:44.590] [info] #1: Feasible / Total: 4927 / 66430
[2023-10-24 20:43:32.939] [info] #2: Feasible / Total: 13667 / 66430
[2023-10-24 20:44:19.960] [info] #3: Feasible / Total: 22927 / 66430
[2023-10-24 20:44:50.771] [info] #4: Feasible / Total: 31288 / 66430
[2023-10-24 20:45:15.253] [info] #5: Feasible / Total: 36467 / 66430
[2023-10-24 20:45:26.777] [info] #6: Feasible / Total: 37342 / 66430
[2023-10-24 20:45:35.541] [info] #7: Feasible / Total: 37386 / 66430
[2023-10-24 20:45:44.778] [info] #7: Feasible / Total: 37386 / 66430
[2023-10-24 20:45:44.778] [info] Graph is not D-reducible.
[2023-10-24 20:45:45.076] [info] Started C-reducibility check
[2023-10-24 20:45:51.422] [info] Trying 322999 possible contractions
[2023-10-24 20:45:51.423] [info] [0/322999] Starting contraction of size 1
[2023-10-24 21:03:33.214] [info] [28/322999] Starting contraction of size 2
[2023-10-24 23:14:03.627] [info] [363/322999] Starting contraction of size 3
[2023-10-25 08:06:24.709] [info] [2616/322999] Starting contraction of size 4
[2023-10-26 01:16:33.939] [info] [12072/322999] Starting contraction of size 5
[2023-10-27 01:00:17.735] [info] [38199/322999] Starting contraction of size 6
[2023-10-28 00:23:25.853] [info] [87428/322999] Starting contraction of size 7
[2023-10-28 18:42:08.134] [info] [152822/322999] Starting contraction of size 8
[2023-10-29 05:55:02.810] [info] All colors passed! Contracted: 14, 15, 16, 17, 26, 37, 38, 40
[2023-10-29 05:55:02.810] [info] Graph is C-reducible!
