[2023-10-24 20:42:49.281] [info] Kempe type: Planar
[2023-10-24 20:42:49.281] [info] Vertex size: 23, Edge size: 41, Ring size: 13
[2023-10-24 20:43:38.533] [info] Started D-reducibility check
[2023-10-24 20:43:38.533] [info] #1: Feasible / Total: 4760 / 66430
[2023-10-24 20:44:29.824] [info] #2: Feasible / Total: 12604 / 66430
[2023-10-24 20:45:26.825] [info] #3: Feasible / Total: 22120 / 66430
[2023-10-24 20:46:14.127] [info] #4: Feasible / Total: 34422 / 66430
[2023-10-24 20:46:50.301] [info] #5: Feasible / Total: 48227 / 66430
[2023-10-24 20:47:00.800] [info] #6: Feasible / Total: 51226 / 66430
[2023-10-24 20:47:05.573] [info] #7: Feasible / Total: 51234 / 66430
[2023-10-24 20:47:10.426] [info] #7: Feasible / Total: 51234 / 66430
[2023-10-24 20:47:10.426] [info] Graph is not D-reducible.
[2023-10-24 20:47:10.733] [info] Started C-reducibility check
[2023-10-24 20:47:17.446] [info] Trying 322999 possible contractions
[2023-10-24 20:47:17.446] [info] [0/322999] Starting contraction of size 1
[2023-10-24 21:06:05.976] [info] [28/322999] Starting contraction of size 2
[2023-10-24 23:32:36.819] [info] [363/322999] Starting contraction of size 3
[2023-10-25 09:14:00.419] [info] [2616/322999] Starting contraction of size 4
[2023-10-25 19:19:54.070] [info] All colors passed! Contracted: 14, 20, 25, 27
[2023-10-25 19:19:54.087] [info] Graph is C-reducible!
