[2023-10-24 20:42:13.724] [info] Kempe type: Planar
[2023-10-24 20:42:13.724] [info] Vertex size: 23, Edge size: 41, Ring size: 13
[2023-10-24 20:43:01.671] [info] Started D-reducibility check
[2023-10-24 20:43:01.671] [info] #1: Feasible / Total: 4909 / 66430
[2023-10-24 20:44:01.288] [info] #2: Feasible / Total: 15368 / 66430
[2023-10-24 20:44:54.933] [info] #3: Feasible / Total: 25592 / 66430
[2023-10-24 20:45:33.205] [info] #4: Feasible / Total: 34981 / 66430
[2023-10-24 20:45:55.186] [info] #5: Feasible / Total: 40106 / 66430
[2023-10-24 20:46:05.265] [info] #6: Feasible / Total: 40618 / 66430
[2023-10-24 20:46:13.645] [info] #7: Feasible / Total: 40622 / 66430
[2023-10-24 20:46:21.943] [info] #7: Feasible / Total: 40622 / 66430
[2023-10-24 20:46:21.943] [info] Graph is not D-reducible.
[2023-10-24 20:46:22.134] [info] Started C-reducibility check
[2023-10-24 20:46:28.482] [info] Trying 322999 possible contractions
[2023-10-24 20:46:28.483] [info] [0/322999] Starting contraction of size 1
[2023-10-24 21:05:47.349] [info] [28/322999] Starting contraction of size 2
[2023-10-24 23:31:44.556] [info] [363/322999] Starting contraction of size 3
[2023-10-25 09:06:09.262] [info] [2617/322999] Starting contraction of size 4
[2023-10-26 02:54:27.913] [info] [12088/322999] Starting contraction of size 5
[2023-10-26 11:53:47.057] [info] All colors passed! Contracted: 15, 16, 19, 24, 40
[2023-10-26 11:53:47.057] [info] Graph is C-reducible!
