[2023-10-24 20:42:25.052] [info] Kempe type: Planar
[2023-10-24 20:42:25.052] [info] Vertex size: 23, Edge size: 41, Ring size: 13
[2023-10-24 20:43:16.747] [info] Started D-reducibility check
[2023-10-24 20:43:16.747] [info] #1: Feasible / Total: 4838 / 66430
[2023-10-24 20:44:11.908] [info] #2: Feasible / Total: 13174 / 66430
[2023-10-24 20:45:11.720] [info] #3: Feasible / Total: 21992 / 66430
[2023-10-24 20:45:59.569] [info] #4: Feasible / Total: 30442 / 66430
[2023-10-24 20:46:38.270] [info] #5: Feasible / Total: 38802 / 66430
[2023-10-24 20:47:03.947] [info] #6: Feasible / Total: 42898 / 66430
[2023-10-24 20:47:13.622] [info] #7: Feasible / Total: 43119 / 66430
[2023-10-24 20:47:22.160] [info] #7: Feasible / Total: 43119 / 66430
[2023-10-24 20:47:22.161] [info] Graph is not D-reducible.
[2023-10-24 20:47:22.394] [info] Started C-reducibility check
[2023-10-24 20:47:30.048] [info] Trying 322999 possible contractions
[2023-10-24 20:47:30.048] [info] [0/322999] Starting contraction of size 1
[2023-10-24 21:06:30.337] [info] [28/322999] Starting contraction of size 2
[2023-10-24 23:33:34.837] [info] [363/322999] Starting contraction of size 3
[2023-10-25 09:06:40.458] [info] [2616/322999] Starting contraction of size 4
[2023-10-26 02:55:32.456] [info] [12071/322999] Starting contraction of size 5
[2023-10-26 10:31:54.828] [info] All colors passed! Contracted: 14, 17, 20, 22, 26
[2023-10-26 10:31:54.828] [info] Graph is C-reducible!
