[2023-10-24 20:42:23.781] [info] Kempe type: Planar
[2023-10-24 20:42:23.781] [info] Vertex size: 23, Edge size: 41, Ring size: 13
[2023-10-24 20:43:14.989] [info] Started D-reducibility check
[2023-10-24 20:43:14.989] [info] #1: Feasible / Total: 4837 / 66430
[2023-10-24 20:44:08.204] [info] #2: Feasible / Total: 13100 / 66430
[2023-10-24 20:45:05.113] [info] #3: Feasible / Total: 21845 / 66430
[2023-10-24 20:45:51.414] [info] #4: Feasible / Total: 30396 / 66430
[2023-10-24 20:46:26.084] [info] #5: Feasible / Total: 38325 / 66430
[2023-10-24 20:46:46.038] [info] #6: Feasible / Total: 42254 / 66430
[2023-10-24 20:46:55.373] [info] #7: Feasible / Total: 42382 / 66430
[2023-10-24 20:47:03.664] [info] #7: Feasible / Total: 42382 / 66430
[2023-10-24 20:47:03.664] [info] Graph is not D-reducible.
[2023-10-24 20:47:03.862] [info] Started C-reducibility check
[2023-10-24 20:47:10.614] [info] Trying 322999 possible contractions
[2023-10-24 20:47:10.615] [info] [0/322999] Starting contraction of size 1
[2023-10-24 21:06:09.456] [info] [28/322999] Starting contraction of size 2
[2023-10-24 23:37:45.178] [info] [363/322999] Starting contraction of size 3
[2023-10-25 09:10:57.580] [info] [2616/322999] Starting contraction of size 4
[2023-10-26 02:54:18.771] [info] [12071/322999] Starting contraction of size 5
[2023-10-26 06:47:24.374] [info] All colors passed! Contracted: 14, 17, 20, 22, 26
[2023-10-26 06:47:24.374] [info] Graph is C-reducible!
