[2023-10-24 20:42:56.490] [info] Kempe type: Planar
[2023-10-24 20:42:56.490] [info] Vertex size: 23, Edge size: 41, Ring size: 13
[2023-10-24 20:43:42.860] [info] Started D-reducibility check
[2023-10-24 20:43:42.860] [info] #1: Feasible / Total: 4924 / 66430
[2023-10-24 20:44:30.475] [info] #2: Feasible / Total: 13802 / 66430
[2023-10-24 20:45:27.931] [info] #3: Feasible / Total: 24474 / 66430
[2023-10-24 20:46:16.785] [info] #4: Feasible / Total: 37902 / 66430
[2023-10-24 20:46:45.041] [info] #5: Feasible / Total: 46903 / 66430
[2023-10-24 20:46:54.582] [info] #6: Feasible / Total: 47575 / 66430
[2023-10-24 20:47:01.264] [info] #7: Feasible / Total: 47576 / 66430
[2023-10-24 20:47:07.425] [info] #7: Feasible / Total: 47576 / 66430
[2023-10-24 20:47:07.426] [info] Graph is not D-reducible.
[2023-10-24 20:47:07.705] [info] Started C-reducibility check
[2023-10-24 20:47:14.137] [info] Trying 322999 possible contractions
[2023-10-24 20:47:14.138] [info] [0/322999] Starting contraction of size 1
[2023-10-24 21:06:09.638] [info] [28/322999] Starting contraction of size 2
[2023-10-24 23:34:28.938] [info] [363/322999] Starting contraction of size 3
[2023-10-25 09:08:23.689] [info] [2616/322999] Starting contraction of size 4
[2023-10-26 03:01:56.143] [info] [12071/322999] Starting contraction of size 5
[2023-10-27 00:09:33.203] [info] All colors passed! Contracted: 15, 17, 19, 23, 40
[2023-10-27 00:09:33.203] [info] Graph is C-reducible!
