[2023-10-24 20:43:03.874] [info] Kempe type: Planar
[2023-10-24 20:43:03.874] [info] Vertex size: 23, Edge size: 41, Ring size: 13
[2023-10-24 20:44:03.288] [info] Started D-reducibility check
[2023-10-24 20:44:03.288] [info] #1: Feasible / Total: 4806 / 66430
[2023-10-24 20:45:01.472] [info] #2: Feasible / Total: 12518 / 66430
[2023-10-24 20:45:55.638] [info] #3: Feasible / Total: 20692 / 66430
[2023-10-24 20:46:42.542] [info] #4: Feasible / Total: 30445 / 66430
[2023-10-24 20:47:22.289] [info] #5: Feasible / Total: 40639 / 66430
[2023-10-24 20:47:45.323] [info] #6: Feasible / Total: 47930 / 66430
[2023-10-24 20:47:52.885] [info] #7: Feasible / Total: 48506 / 66430
[2023-10-24 20:47:59.163] [info] #8: Feasible / Total: 48526 / 66430
[2023-10-24 20:48:05.449] [info] #8: Feasible / Total: 48526 / 66430
[2023-10-24 20:48:05.449] [info] Graph is not D-reducible.
[2023-10-24 20:48:05.783] [info] Started C-reducibility check
[2023-10-24 20:48:12.871] [info] Trying 322999 possible contractions
[2023-10-24 20:48:12.871] [info] [0/322999] Starting contraction of size 1
[2023-10-24 21:06:19.593] [info] [28/322999] Starting contraction of size 2
[2023-10-24 23:33:26.032] [info] [363/322999] Starting contraction of size 3
[2023-10-25 00:07:10.793] [info] All colors passed! Contracted: 15, 19, 40
[2023-10-25 00:07:10.793] [info] Graph is C-reducible!
