[2023-10-24 20:42:16.653] [info] Kempe type: Planar
[2023-10-24 20:42:16.653] [info] Vertex size: 23, Edge size: 41, Ring size: 13
[2023-10-24 20:43:02.946] [info] Started D-reducibility check
[2023-10-24 20:43:02.947] [info] #1: Feasible / Total: 5079 / 66430
[2023-10-24 20:43:47.411] [info] #2: Feasible / Total: 14979 / 66430
[2023-10-24 20:44:39.862] [info] #3: Feasible / Total: 27207 / 66430
[2023-10-24 20:45:26.387] [info] #4: Feasible / Total: 43555 / 66430
[2023-10-24 20:45:44.094] [info] #5: Feasible / Total: 52706 / 66430
[2023-10-24 20:45:48.958] [info] #6: Feasible / Total: 52982 / 66430
[2023-10-24 20:45:53.207] [info] #6: Feasible / Total: 52982 / 66430
[2023-10-24 20:45:53.299] [info] Graph is not D-reducible.
[2023-10-24 20:45:53.485] [info] Started C-reducibility check
[2023-10-24 20:45:59.752] [info] Trying 322999 possible contractions
[2023-10-24 20:45:59.752] [info] [0/322999] Starting contraction of size 1
[2023-10-24 21:03:08.866] [info] [28/322999] Starting contraction of size 2
[2023-10-24 23:12:20.832] [info] [363/322999] Starting contraction of size 3
[2023-10-25 08:08:02.062] [info] [2616/322999] Starting contraction of size 4
[2023-10-26 01:21:20.977] [info] [12071/322999] Starting contraction of size 5
[2023-10-26 02:56:37.532] [info] All colors passed! Contracted: 13, 20, 23, 31, 35
[2023-10-26 02:56:37.532] [info] Graph is C-reducible!
