[2023-10-24 20:42:56.133] [info] Kempe type: Planar
[2023-10-24 20:42:56.134] [info] Vertex size: 23, Edge size: 41, Ring size: 13
[2023-10-24 20:43:47.336] [info] Started D-reducibility check
[2023-10-24 20:43:47.336] [info] #1: Feasible / Total: 5055 / 66430
[2023-10-24 20:44:51.313] [info] #2: Feasible / Total: 16265 / 66430
[2023-10-24 20:45:51.810] [info] #3: Feasible / Total: 29464 / 66430
[2023-10-24 20:46:34.693] [info] #4: Feasible / Total: 45011 / 66430
[2023-10-24 20:46:51.165] [info] #5: Feasible / Total: 52389 / 66430
[2023-10-24 20:46:57.046] [info] #6: Feasible / Total: 52470 / 66430
[2023-10-24 20:47:02.131] [info] #6: Feasible / Total: 52470 / 66430
[2023-10-24 20:47:02.131] [info] Graph is not D-reducible.
[2023-10-24 20:47:02.445] [info] Started C-reducibility check
[2023-10-24 20:47:08.776] [info] Trying 322999 possible contractions
[2023-10-24 20:47:08.776] [info] [0/322999] Starting contraction of size 1
[2023-10-24 21:03:47.262] [info] [28/322999] Starting contraction of size 2
[2023-10-24 23:14:15.701] [info] [363/322999] Starting contraction of size 3
[2023-10-25 08:37:25.907] [info] [2615/322999] Starting contraction of size 4
[2023-10-26 02:41:44.924] [info] [12055/322999] Starting contraction of size 5
[2023-10-26 12:46:07.266] [info] All colors passed! Contracted: 17, 19, 23, 37, 40
[2023-10-26 12:46:07.267] [info] Graph is C-reducible!
