[2023-10-24 20:42:03.334] [info] Kempe type: Planar
[2023-10-24 20:42:03.334] [info] Vertex size: 23, Edge size: 41, Ring size: 13
[2023-10-24 20:42:48.691] [info] Started D-reducibility check
[2023-10-24 20:42:48.691] [info] #1: Feasible / Total: 4731 / 66430
[2023-10-24 20:43:27.721] [info] #2: Feasible / Total: 11444 / 66430
[2023-10-24 20:44:02.806] [info] #3: Feasible / Total: 17887 / 66430
[2023-10-24 20:44:28.169] [info] #4: Feasible / Total: 22714 / 66430
[2023-10-24 20:44:44.370] [info] #5: Feasible / Total: 24477 / 66430
[2023-10-24 20:44:57.453] [info] #6: Feasible / Total: 24759 / 66430
[2023-10-24 20:45:09.933] [info] #7: Feasible / Total: 24775 / 66430
[2023-10-24 20:45:22.131] [info] #8: Feasible / Total: 24776 / 66430
[2023-10-24 20:45:34.526] [info] #8: Feasible / Total: 24776 / 66430
[2023-10-24 20:45:34.526] [info] Graph is not D-reducible.
[2023-10-24 20:45:34.796] [info] Started C-reducibility check
[2023-10-24 20:45:40.683] [info] Trying 322999 possible contractions
[2023-10-24 20:45:40.683] [info] [0/322999] Starting contraction of size 1
[2023-10-24 21:03:50.471] [info] [28/322999] Starting contraction of size 2
[2023-10-24 23:12:42.561] [info] [363/322999] Starting contraction of size 3
[2023-10-25 06:07:30.398] [info] All colors passed! Contracted: 16, 24, 26
[2023-10-25 06:07:30.398] [info] Graph is C-reducible!
