[2023-10-24 20:42:08.013] [info] Kempe type: Planar
[2023-10-24 20:42:08.013] [info] Vertex size: 23, Edge size: 41, Ring size: 13
[2023-10-24 20:42:55.536] [info] Started D-reducibility check
[2023-10-24 20:42:55.536] [info] #1: Feasible / Total: 4866 / 66430
[2023-10-24 20:43:44.558] [info] #2: Feasible / Total: 12665 / 66430
[2023-10-24 20:44:26.442] [info] #3: Feasible / Total: 21211 / 66430
[2023-10-24 20:44:53.321] [info] #4: Feasible / Total: 27995 / 66430
[2023-10-24 20:45:07.796] [info] #5: Feasible / Total: 29644 / 66430
[2023-10-24 20:45:18.629] [info] #6: Feasible / Total: 29690 / 66430
[2023-10-24 20:45:29.293] [info] #7: Feasible / Total: 29693 / 66430
[2023-10-24 20:45:40.429] [info] #7: Feasible / Total: 29693 / 66430
[2023-10-24 20:45:40.430] [info] Graph is not D-reducible.
[2023-10-24 20:45:40.699] [info] Started C-reducibility check
[2023-10-24 20:45:46.963] [info] Trying 322999 possible contractions
[2023-10-24 20:45:46.963] [info] [0/322999] Starting contraction of size 1
[2023-10-24 21:03:29.324] [info] [28/322999] Starting contraction of size 2
[2023-10-24 23:13:24.448] [info] [363/322999] Starting contraction of size 3
[2023-10-25 08:38:06.357] [info] [2617/322999] Starting contraction of size 4
[2023-10-25 15:09:48.617] [info] All colors passed! Contracted: 13, 21, 23, 28
[2023-10-25 15:09:48.631] [info] Graph is C-reducible!
