[2023-10-24 20:42:57.169] [info] Kempe type: Planar
[2023-10-24 20:42:57.169] [info] Vertex size: 23, Edge size: 41, Ring size: 13
[2023-10-24 20:43:54.380] [info] Started D-reducibility check
[2023-10-24 20:43:54.381] [info] #1: Feasible / Total: 4930 / 66430
[2023-10-24 20:44:59.615] [info] #2: Feasible / Total: 13649 / 66430
[2023-10-24 20:46:00.156] [info] #3: Feasible / Total: 22793 / 66430
[2023-10-24 20:46:50.374] [info] #4: Feasible / Total: 33688 / 66430
[2023-10-24 20:47:27.933] [info] #5: Feasible / Total: 47491 / 66430
[2023-10-24 20:47:38.439] [info] #6: Feasible / Total: 49783 / 66430
[2023-10-24 20:47:44.140] [info] #7: Feasible / Total: 49785 / 66430
[2023-10-24 20:47:49.235] [info] #7: Feasible / Total: 49785 / 66430
[2023-10-24 20:47:49.235] [info] Graph is not D-reducible.
[2023-10-24 20:47:49.484] [info] Started C-reducibility check
[2023-10-24 20:47:54.977] [info] Trying 322999 possible contractions
[2023-10-24 20:47:54.977] [info] [0/322999] Starting contraction of size 1
[2023-10-24 21:04:21.533] [info] [28/322999] Starting contraction of size 2
[2023-10-24 23:16:28.916] [info] [363/322999] Starting contraction of size 3
[2023-10-25 09:06:58.745] [info] [2616/322999] Starting contraction of size 4
[2023-10-25 20:02:53.301] [info] All colors passed! Contracted: 15, 17, 19, 23
[2023-10-25 20:02:53.301] [info] Graph is C-reducible!
