[2023-10-24 20:42:08.397] [info] Kempe type: Planar
[2023-10-24 20:42:08.397] [info] Vertex size: 23, Edge size: 41, Ring size: 13
[2023-10-24 20:42:49.278] [info] Started D-reducibility check
[2023-10-24 20:42:49.278] [info] #1: Feasible / Total: 4816 / 66430
[2023-10-24 20:43:25.628] [info] #2: Feasible / Total: 14074 / 66430
[2023-10-24 20:44:11.124] [info] #3: Feasible / Total: 23488 / 66430
[2023-10-24 20:44:37.878] [info] #4: Feasible / Total: 30543 / 66430
[2023-10-24 20:44:49.856] [info] #5: Feasible / Total: 31299 / 66430
[2023-10-24 20:45:00.437] [info] #6: Feasible / Total: 31313 / 66430
[2023-10-24 20:45:10.713] [info] #7: Feasible / Total: 31314 / 66430
[2023-10-24 20:45:21.024] [info] #7: Feasible / Total: 31314 / 66430
[2023-10-24 20:45:21.024] [info] Graph is not D-reducible.
[2023-10-24 20:45:21.191] [info] Started C-reducibility check
[2023-10-24 20:45:26.727] [info] Trying 322999 possible contractions
[2023-10-24 20:45:26.727] [info] [0/322999] Starting contraction of size 1
[2023-10-24 21:05:12.238] [info] [28/322999] Starting contraction of size 2
[2023-10-24 23:31:59.888] [info] [363/322999] Starting contraction of size 3
[2023-10-25 09:08:21.213] [info] [2617/322999] Starting contraction of size 4
[2023-10-25 11:39:42.404] [info] All colors passed! Contracted: 13, 21, 23, 28
[2023-10-25 11:39:42.404] [info] Graph is C-reducible!
