[2023-10-24 20:42:11.373] [info] Kempe type: Planar
[2023-10-24 20:42:11.374] [info] Vertex size: 23, Edge size: 41, Ring size: 13
[2023-10-24 20:43:00.662] [info] Started D-reducibility check
[2023-10-24 20:43:00.662] [info] #1: Feasible / Total: 5159 / 66430
[2023-10-24 20:43:57.010] [info] #2: Feasible / Total: 17148 / 66430
[2023-10-24 20:44:49.712] [info] #3: Feasible / Total: 29899 / 66430
[2023-10-24 20:45:28.188] [info] #4: Feasible / Total: 41764 / 66430
[2023-10-24 20:45:45.359] [info] #5: Feasible / Total: 47074 / 66430
[2023-10-24 20:45:51.675] [info] #6: Feasible / Total: 47168 / 66430
[2023-10-24 20:45:56.722] [info] #6: Feasible / Total: 47168 / 66430
[2023-10-24 20:45:56.722] [info] Graph is not D-reducible.
[2023-10-24 20:45:56.957] [info] Started C-reducibility check
[2023-10-24 20:46:02.200] [info] Trying 322999 possible contractions
[2023-10-24 20:46:02.200] [info] [0/322999] Starting contraction of size 1
[2023-10-24 21:03:22.065] [info] [28/322999] Starting contraction of size 2
[2023-10-24 23:13:07.329] [info] [363/322999] Starting contraction of size 3
[2023-10-25 08:28:32.686] [info] [2616/322999] Starting contraction of size 4
[2023-10-26 02:38:39.252] [info] [12071/322999] Starting contraction of size 5
[2023-10-27 01:52:38.854] [info] [38184/322999] Starting contraction of size 6
[2023-10-27 11:05:46.052] [info] All colors passed! Contracted: 14, 15, 16, 17, 26, 40
[2023-10-27 11:05:46.052] [info] Graph is C-reducible!
