[2023-10-24 20:42:32.142] [info] Kempe type: Planar
[2023-10-24 20:42:32.142] [info] Vertex size: 23, Edge size: 41, Ring size: 13
[2023-10-24 20:43:22.505] [info] Started D-reducibility check
[2023-10-24 20:43:22.505] [info] #1: Feasible / Total: 4994 / 66430
[2023-10-24 20:44:25.693] [info] #2: Feasible / Total: 14474 / 66430
[2023-10-24 20:45:30.983] [info] #3: Feasible / Total: 27268 / 66430
[2023-10-24 20:46:22.191] [info] #4: Feasible / Total: 46402 / 66430
[2023-10-24 20:46:38.006] [info] #5: Feasible / Total: 53924 / 66430
[2023-10-24 20:46:42.268] [info] #6: Feasible / Total: 53972 / 66430
[2023-10-24 20:46:46.311] [info] #6: Feasible / Total: 53972 / 66430
[2023-10-24 20:46:46.311] [info] Graph is not D-reducible.
[2023-10-24 20:46:46.633] [info] Started C-reducibility check
[2023-10-24 20:46:53.545] [info] Trying 322999 possible contractions
[2023-10-24 20:46:53.545] [info] [0/322999] Starting contraction of size 1
[2023-10-24 21:05:46.043] [info] [28/322999] Starting contraction of size 2
[2023-10-24 23:30:27.126] [info] [363/322999] Starting contraction of size 3
[2023-10-25 08:22:27.311] [info] [2616/322999] Starting contraction of size 4
[2023-10-26 01:30:44.325] [info] [12072/322999] Starting contraction of size 5
[2023-10-27 00:20:37.366] [info] [38196/322999] Starting contraction of size 6
[2023-10-27 00:32:06.180] [info] All colors passed! Contracted: 13, 14, 15, 16, 17, 34
[2023-10-27 00:32:06.180] [info] Graph is C-reducible!
