[2023-10-24 20:42:50.077] [info] Kempe type: Planar
[2023-10-24 20:42:50.077] [info] Vertex size: 23, Edge size: 41, Ring size: 13
[2023-10-24 20:43:33.437] [info] Started D-reducibility check
[2023-10-24 20:43:33.437] [info] #1: Feasible / Total: 4813 / 66430
[2023-10-24 20:44:18.084] [info] #2: Feasible / Total: 12213 / 66430
[2023-10-24 20:45:00.310] [info] #3: Feasible / Total: 20287 / 66430
[2023-10-24 20:45:29.797] [info] #4: Feasible / Total: 30616 / 66430
[2023-10-24 20:46:02.261] [info] #5: Feasible / Total: 42484 / 66430
[2023-10-24 20:46:14.808] [info] #6: Feasible / Total: 46825 / 66430
[2023-10-24 20:46:20.053] [info] #7: Feasible / Total: 46888 / 66430
[2023-10-24 20:46:25.150] [info] #7: Feasible / Total: 46888 / 66430
[2023-10-24 20:46:25.150] [info] Graph is not D-reducible.
[2023-10-24 20:46:25.400] [info] Started C-reducibility check
[2023-10-24 20:46:30.673] [info] Trying 322999 possible contractions
[2023-10-24 20:46:30.673] [info] [0/322999] Starting contraction of size 1
[2023-10-24 21:05:52.206] [info] [28/322999] Starting contraction of size 2
[2023-10-24 23:33:41.862] [info] [363/322999] Starting contraction of size 3
[2023-10-25 09:12:32.820] [info] [2616/322999] Starting contraction of size 4
[2023-10-26 02:59:27.534] [info] [12072/322999] Starting contraction of size 5
[2023-10-27 02:00:25.843] [info] [38195/322999] Starting contraction of size 6
[2023-10-27 13:04:49.264] [info] All colors passed! Contracted: 15, 16, 17, 19, 30, 40
[2023-10-27 13:04:49.264] [info] Graph is C-reducible!
