[2023-10-24 20:42:43.313] [info] Kempe type: Planar
[2023-10-24 20:42:43.313] [info] Vertex size: 23, Edge size: 41, Ring size: 13
[2023-10-24 20:43:32.929] [info] Started D-reducibility check
[2023-10-24 20:43:32.930] [info] #1: Feasible / Total: 4789 / 66430
[2023-10-24 20:44:27.941] [info] #2: Feasible / Total: 13121 / 66430
[2023-10-24 20:45:16.471] [info] #3: Feasible / Total: 20944 / 66430
[2023-10-24 20:45:47.939] [info] #4: Feasible / Total: 26365 / 66430
[2023-10-24 20:46:10.041] [info] #5: Feasible / Total: 29795 / 66430
[2023-10-24 20:46:35.186] [info] #6: Feasible / Total: 34403 / 66430
[2023-10-24 20:46:54.545] [info] #7: Feasible / Total: 37870 / 66430
[2023-10-24 20:47:08.870] [info] #8: Feasible / Total: 38399 / 66430
[2023-10-24 20:47:18.034] [info] #9: Feasible / Total: 38428 / 66430
[2023-10-24 20:47:26.666] [info] #9: Feasible / Total: 38428 / 66430
[2023-10-24 20:47:26.666] [info] Graph is not D-reducible.
[2023-10-24 20:47:26.951] [info] Started C-reducibility check
[2023-10-24 20:47:32.781] [info] Trying 322999 possible contractions
[2023-10-24 20:47:32.781] [info] [0/322999] Starting contraction of size 1
[2023-10-24 21:04:11.415] [info] [28/322999] Starting contraction of size 2
[2023-10-24 23:15:50.667] [info] [363/322999] Starting contraction of size 3
[2023-10-25 08:11:41.124] [info] [2616/322999] Starting contraction of size 4
[2023-10-25 18:39:55.524] [info] All colors passed! Contracted: 13, 15, 19, 29
[2023-10-25 18:39:55.531] [info] Graph is C-reducible!
