[2023-10-24 20:42:55.751] [info] Kempe type: Planar
[2023-10-24 20:42:55.751] [info] Vertex size: 23, Edge size: 41, Ring size: 13
[2023-10-24 20:43:53.001] [info] Started D-reducibility check
[2023-10-24 20:43:53.001] [info] #1: Feasible / Total: 4940 / 66430
[2023-10-24 20:45:06.291] [info] #2: Feasible / Total: 15061 / 66430
[2023-10-24 20:46:11.551] [info] #3: Feasible / Total: 27165 / 66430
[2023-10-24 20:47:05.925] [info] #4: Feasible / Total: 41361 / 66430
[2023-10-24 20:47:31.472] [info] #5: Feasible / Total: 48628 / 66430
[2023-10-24 20:47:38.989] [info] #6: Feasible / Total: 48798 / 66430
[2023-10-24 20:47:45.038] [info] #6: Feasible / Total: 48798 / 66430
[2023-10-24 20:47:45.038] [info] Graph is not D-reducible.
[2023-10-24 20:47:45.361] [info] Started C-reducibility check
[2023-10-24 20:47:52.395] [info] Trying 322999 possible contractions
[2023-10-24 20:47:52.396] [info] [0/322999] Starting contraction of size 1
[2023-10-24 21:06:36.458] [info] [28/322999] Starting contraction of size 2
[2023-10-24 23:34:58.473] [info] [363/322999] Starting contraction of size 3
[2023-10-25 09:10:40.450] [info] [2616/322999] Starting contraction of size 4
[2023-10-26 02:54:55.533] [info] [12072/322999] Starting contraction of size 5
[2023-10-26 15:04:52.115] [info] All colors passed! Contracted: 15, 16, 19, 38, 40
[2023-10-26 15:04:52.115] [info] Graph is C-reducible!
