[2023-10-24 20:42:24.561] [info] Kempe type: Planar
[2023-10-24 20:42:24.561] [info] Vertex size: 23, Edge size: 41, Ring size: 13
[2023-10-24 20:43:16.034] [info] Started D-reducibility check
[2023-10-24 20:43:16.034] [info] #1: Feasible / Total: 4830 / 66430
[2023-10-24 20:44:11.978] [info] #2: Feasible / Total: 13023 / 66430
[2023-10-24 20:45:10.149] [info] #3: Feasible / Total: 21665 / 66430
[2023-10-24 20:45:55.309] [info] #4: Feasible / Total: 29617 / 66430
[2023-10-24 20:46:37.910] [info] #5: Feasible / Total: 38834 / 66430
[2023-10-24 20:47:03.871] [info] #6: Feasible / Total: 45651 / 66430
[2023-10-24 20:47:12.307] [info] #7: Feasible / Total: 45879 / 66430
[2023-10-24 20:47:19.209] [info] #8: Feasible / Total: 45880 / 66430
[2023-10-24 20:47:26.122] [info] #8: Feasible / Total: 45880 / 66430
[2023-10-24 20:47:26.122] [info] Graph is not D-reducible.
[2023-10-24 20:47:26.444] [info] Started C-reducibility check
[2023-10-24 20:47:33.359] [info] Trying 322999 possible contractions
[2023-10-24 20:47:33.359] [info] [0/322999] Starting contraction of size 1
[2023-10-24 21:04:28.207] [info] [28/322999] Starting contraction of size 2
[2023-10-24 23:17:56.802] [info] [363/322999] Starting contraction of size 3
[2023-10-25 08:12:25.279] [info] [2616/322999] Starting contraction of size 4
[2023-10-26 01:25:26.126] [info] [12071/322999] Starting contraction of size 5
[2023-10-26 14:41:58.569] [info] All colors passed! Contracted: 13, 14, 16, 17, 21
[2023-10-26 14:41:58.569] [info] Graph is C-reducible!
