[2023-10-24 20:42:15.429] [info] Kempe type: Planar
[2023-10-24 20:42:15.429] [info] Vertex size: 23, Edge size: 41, Ring size: 13
[2023-10-24 20:43:09.335] [info] Started D-reducibility check
[2023-10-24 20:43:09.336] [info] #1: Feasible / Total: 4909 / 66430
[2023-10-24 20:44:00.136] [info] #2: Feasible / Total: 13716 / 66430
[2023-10-24 20:44:54.024] [info] #3: Feasible / Total: 22935 / 66430
[2023-10-24 20:45:34.918] [info] #4: Feasible / Total: 32495 / 66430
[2023-10-24 20:45:59.373] [info] #5: Feasible / Total: 37169 / 66430
[2023-10-24 20:46:10.688] [info] #6: Feasible / Total: 37651 / 66430
[2023-10-24 20:46:20.076] [info] #7: Feasible / Total: 37708 / 66430
[2023-10-24 20:46:29.142] [info] #8: Feasible / Total: 37718 / 66430
[2023-10-24 20:46:38.007] [info] #8: Feasible / Total: 37718 / 66430
[2023-10-24 20:46:38.007] [info] Graph is not D-reducible.
[2023-10-24 20:46:38.276] [info] Started C-reducibility check
[2023-10-24 20:46:44.074] [info] Trying 322999 possible contractions
[2023-10-24 20:46:44.074] [info] [0/322999] Starting contraction of size 1
[2023-10-24 21:03:36.655] [info] [28/322999] Starting contraction of size 2
[2023-10-24 23:16:03.565] [info] [363/322999] Starting contraction of size 3
[2023-10-25 08:37:06.803] [info] [2617/322999] Starting contraction of size 4
[2023-10-26 02:41:16.068] [info] [12087/322999] Starting contraction of size 5
[2023-10-26 20:26:56.122] [info] All colors passed! Contracted: 13, 14, 15, 17, 22
[2023-10-26 20:26:56.122] [info] Graph is C-reducible!
