[2023-10-24 20:42:23.881] [info] Kempe type: Planar
[2023-10-24 20:42:23.881] [info] Vertex size: 23, Edge size: 41, Ring size: 13
[2023-10-24 20:43:17.455] [info] Started D-reducibility check
[2023-10-24 20:43:17.455] [info] #1: Feasible / Total: 4983 / 66430
[2023-10-24 20:44:21.832] [info] #2: Feasible / Total: 15830 / 66430
[2023-10-24 20:45:32.017] [info] #3: Feasible / Total: 30617 / 66430
[2023-10-24 20:46:26.872] [info] #4: Feasible / Total: 48760 / 66430
[2023-10-24 20:46:43.614] [info] #5: Feasible / Total: 54760 / 66430
[2023-10-24 20:46:47.816] [info] #6: Feasible / Total: 54762 / 66430
[2023-10-24 20:46:51.855] [info] #6: Feasible / Total: 54762 / 66430
[2023-10-24 20:46:51.855] [info] Graph is not D-reducible.
[2023-10-24 20:46:52.172] [info] Started C-reducibility check
[2023-10-24 20:46:59.352] [info] Trying 322999 possible contractions
[2023-10-24 20:46:59.352] [info] [0/322999] Starting contraction of size 1
[2023-10-24 21:05:37.010] [info] [28/322999] Starting contraction of size 2
[2023-10-24 23:35:37.051] [info] [363/322999] Starting contraction of size 3
[2023-10-25 08:28:28.916] [info] [2615/322999] Starting contraction of size 4
[2023-10-26 01:42:04.607] [info] [12055/322999] Starting contraction of size 5
[2023-10-26 01:55:28.337] [info] All colors passed! Contracted: 19, 23, 26, 38, 40
[2023-10-26 01:55:28.338] [info] Graph is C-reducible!
