[2023-10-24 20:43:06.209] [info] Kempe type: Planar
[2023-10-24 20:43:06.209] [info] Vertex size: 23, Edge size: 41, Ring size: 13
[2023-10-24 20:44:07.278] [info] Started D-reducibility check
[2023-10-24 20:44:07.279] [info] #1: Feasible / Total: 4793 / 66430
[2023-10-24 20:45:11.028] [info] #2: Feasible / Total: 13005 / 66430
[2023-10-24 20:46:09.718] [info] #3: Feasible / Total: 20712 / 66430
[2023-10-24 20:46:50.777] [info] #4: Feasible / Total: 26224 / 66430
[2023-10-24 20:47:25.601] [info] #5: Feasible / Total: 30405 / 66430
[2023-10-24 20:47:58.807] [info] #6: Feasible / Total: 35956 / 66430
[2023-10-24 20:48:18.946] [info] #7: Feasible / Total: 39014 / 66430
[2023-10-24 20:48:29.924] [info] #8: Feasible / Total: 39249 / 66430
[2023-10-24 20:48:39.505] [info] #9: Feasible / Total: 39250 / 66430
[2023-10-24 20:48:48.921] [info] #9: Feasible / Total: 39250 / 66430
[2023-10-24 20:48:48.921] [info] Graph is not D-reducible.
[2023-10-24 20:48:49.139] [info] Started C-reducibility check
[2023-10-24 20:48:56.146] [info] Trying 322999 possible contractions
[2023-10-24 20:48:56.146] [info] [0/322999] Starting contraction of size 1
[2023-10-24 21:06:18.915] [info] [28/322999] Starting contraction of size 2
[2023-10-24 23:26:57.393] [info] [363/322999] Starting contraction of size 3
[2023-10-25 08:07:14.503] [info] [2617/322999] Starting contraction of size 4
[2023-10-26 01:19:00.466] [info] [12088/322999] Starting contraction of size 5
[2023-10-27 00:19:06.720] [info] [38293/322999] Starting contraction of size 6
[2023-10-27 23:23:21.850] [info] [87689/322999] Starting contraction of size 7
[2023-10-28 06:09:08.884] [info] All colors passed! Contracted: 13, 16, 17, 22, 23, 31, 33
[2023-10-28 06:09:08.884] [info] Graph is C-reducible!
