[2023-10-24 20:42:37.447] [info] Kempe type: Planar
[2023-10-24 20:42:37.447] [info] Vertex size: 23, Edge size: 41, Ring size: 13
[2023-10-24 20:43:27.376] [info] Started D-reducibility check
[2023-10-24 20:43:27.376] [info] #1: Feasible / Total: 4937 / 66430
[2023-10-24 20:44:30.586] [info] #2: Feasible / Total: 14365 / 66430
[2023-10-24 20:45:27.211] [info] #3: Feasible / Total: 25246 / 66430
[2023-10-24 20:46:12.815] [info] #4: Feasible / Total: 36319 / 66430
[2023-10-24 20:46:41.911] [info] #5: Feasible / Total: 43781 / 66430
[2023-10-24 20:46:52.882] [info] #6: Feasible / Total: 44819 / 66430
[2023-10-24 20:47:00.159] [info] #7: Feasible / Total: 44821 / 66430
[2023-10-24 20:47:07.174] [info] #7: Feasible / Total: 44821 / 66430
[2023-10-24 20:47:07.174] [info] Graph is not D-reducible.
[2023-10-24 20:47:07.476] [info] Started C-reducibility check
[2023-10-24 20:47:14.172] [info] Trying 322999 possible contractions
[2023-10-24 20:47:14.172] [info] [0/322999] Starting contraction of size 1
[2023-10-24 21:05:56.088] [info] [28/322999] Starting contraction of size 2
[2023-10-24 23:31:17.907] [info] [363/322999] Starting contraction of size 3
[2023-10-25 08:32:25.870] [info] [2616/322999] Starting contraction of size 4
[2023-10-25 13:31:56.323] [info] All colors passed! Contracted: 15, 22, 24, 35
[2023-10-25 13:31:56.351] [info] Graph is C-reducible!
