[2023-10-24 20:43:04.001] [info] Kempe type: Planar
[2023-10-24 20:43:04.001] [info] Vertex size: 23, Edge size: 41, Ring size: 13
[2023-10-24 20:44:05.337] [info] Started D-reducibility check
[2023-10-24 20:44:05.337] [info] #1: Feasible / Total: 4761 / 66430
[2023-10-24 20:45:04.257] [info] #2: Feasible / Total: 13145 / 66430
[2023-10-24 20:46:00.616] [info] #3: Feasible / Total: 21807 / 66430
[2023-10-24 20:46:46.013] [info] #4: Feasible / Total: 29653 / 66430
[2023-10-24 20:47:24.809] [info] #5: Feasible / Total: 38201 / 66430
[2023-10-24 20:47:49.078] [info] #6: Feasible / Total: 45798 / 66430
[2023-10-24 20:47:59.122] [info] #7: Feasible / Total: 46883 / 66430
[2023-10-24 20:48:05.816] [info] #8: Feasible / Total: 46885 / 66430
[2023-10-24 20:48:12.303] [info] #8: Feasible / Total: 46885 / 66430
[2023-10-24 20:48:12.303] [info] Graph is not D-reducible.
[2023-10-24 20:48:12.633] [info] Started C-reducibility check
[2023-10-24 20:48:19.911] [info] Trying 322999 possible contractions
[2023-10-24 20:48:19.911] [info] [0/322999] Starting contraction of size 1
[2023-10-24 21:06:48.525] [info] [28/322999] Starting contraction of size 2
[2023-10-24 23:38:04.566] [info] [363/322999] Starting contraction of size 3
[2023-10-25 08:35:42.135] [info] [2616/322999] Starting contraction of size 4
[2023-10-26 01:34:27.227] [info] [12071/322999] Starting contraction of size 5
[2023-10-26 01:56:17.405] [info] All colors passed! Contracted: 13, 14, 16, 17, 21
[2023-10-26 01:56:17.405] [info] Graph is C-reducible!
