[2023-10-24 20:42:21.086] [info] Kempe type: Planar
[2023-10-24 20:42:21.086] [info] Vertex size: 23, Edge size: 41, Ring size: 13
[2023-10-24 20:43:12.718] [info] Started D-reducibility check
[2023-10-24 20:43:12.718] [info] #1: Feasible / Total: 4975 / 66430
[2023-10-24 20:44:19.018] [info] #2: Feasible / Total: 14514 / 66430
[2023-10-24 20:45:17.941] [info] #3: Feasible / Total: 25368 / 66430
[2023-10-24 20:46:12.229] [info] #4: Feasible / Total: 39750 / 66430
[2023-10-24 20:46:38.240] [info] #5: Feasible / Total: 46969 / 66430
[2023-10-24 20:46:46.194] [info] #6: Feasible / Total: 47140 / 66430
[2023-10-24 20:46:52.909] [info] #6: Feasible / Total: 47140 / 66430
[2023-10-24 20:46:52.909] [info] Graph is not D-reducible.
[2023-10-24 20:46:53.236] [info] Started C-reducibility check
[2023-10-24 20:47:00.535] [info] Trying 322999 possible contractions
[2023-10-24 20:47:00.535] [info] [0/322999] Starting contraction of size 1
[2023-10-24 21:06:52.204] [info] [28/322999] Starting contraction of size 2
[2023-10-24 23:35:10.495] [info] [363/322999] Starting contraction of size 3
[2023-10-25 08:43:37.896] [info] [2615/322999] Starting contraction of size 4
[2023-10-26 02:01:56.306] [info] [12055/322999] Starting contraction of size 5
[2023-10-27 01:15:48.393] [info] [38084/322999] Starting contraction of size 6
[2023-10-27 03:55:29.178] [info] All colors passed! Contracted: 15, 20, 21, 23, 26, 29
[2023-10-27 03:55:29.178] [info] Graph is C-reducible!
