[2023-10-24 20:42:03.881] [info] Kempe type: Planar
[2023-10-24 20:42:03.881] [info] Vertex size: 23, Edge size: 41, Ring size: 13
[2023-10-24 20:42:47.260] [info] Started D-reducibility check
[2023-10-24 20:42:47.260] [info] #1: Feasible / Total: 4948 / 66430
[2023-10-24 20:43:30.556] [info] #2: Feasible / Total: 13566 / 66430
[2023-10-24 20:44:11.595] [info] #3: Feasible / Total: 22413 / 66430
[2023-10-24 20:44:45.603] [info] #4: Feasible / Total: 30988 / 66430
[2023-10-24 20:45:09.365] [info] #5: Feasible / Total: 36319 / 66430
[2023-10-24 20:45:21.975] [info] #6: Feasible / Total: 37159 / 66430
[2023-10-24 20:45:31.064] [info] #7: Feasible / Total: 37200 / 66430
[2023-10-24 20:45:39.994] [info] #7: Feasible / Total: 37200 / 66430
[2023-10-24 20:45:39.994] [info] Graph is not D-reducible.
[2023-10-24 20:45:40.256] [info] Started C-reducibility check
[2023-10-24 20:45:45.906] [info] Trying 322999 possible contractions
[2023-10-24 20:45:45.906] [info] [0/322999] Starting contraction of size 1
[2023-10-24 21:03:05.197] [info] [28/322999] Starting contraction of size 2
[2023-10-24 23:13:23.350] [info] [363/322999] Starting contraction of size 3
[2023-10-25 09:00:00.683] [info] [2616/322999] Starting contraction of size 4
[2023-10-26 02:55:48.532] [info] [12071/322999] Starting contraction of size 5
[2023-10-26 07:28:29.286] [info] All colors passed! Contracted: 14, 16, 20, 24, 26
[2023-10-26 07:28:29.286] [info] Graph is C-reducible!
