[2023-10-24 20:42:33.646] [info] Kempe type: Planar
[2023-10-24 20:42:33.646] [info] Vertex size: 23, Edge size: 41, Ring size: 13
[2023-10-24 20:43:26.466] [info] Started D-reducibility check
[2023-10-24 20:43:26.466] [info] #1: Feasible / Total: 4983 / 66430
[2023-10-24 20:44:34.214] [info] #2: Feasible / Total: 14632 / 66430
[2023-10-24 20:45:36.138] [info] #3: Feasible / Total: 26022 / 66430
[2023-10-24 20:46:25.604] [info] #4: Feasible / Total: 39476 / 66430
[2023-10-24 20:46:52.263] [info] #5: Feasible / Total: 48345 / 66430
[2023-10-24 20:46:59.939] [info] #6: Feasible / Total: 48750 / 66430
[2023-10-24 20:47:05.983] [info] #6: Feasible / Total: 48750 / 66430
[2023-10-24 20:47:05.984] [info] Graph is not D-reducible.
[2023-10-24 20:47:06.202] [info] Started C-reducibility check
[2023-10-24 20:47:13.110] [info] Trying 322999 possible contractions
[2023-10-24 20:47:13.110] [info] [0/322999] Starting contraction of size 1
[2023-10-24 21:06:28.224] [info] [28/322999] Starting contraction of size 2
[2023-10-24 23:16:01.254] [info] [363/322999] Starting contraction of size 3
[2023-10-25 08:09:57.205] [info] [2616/322999] Starting contraction of size 4
[2023-10-26 01:31:07.747] [info] [12072/322999] Starting contraction of size 5
[2023-10-26 03:09:29.099] [info] All colors passed! Contracted: 13, 15, 22, 25, 39
[2023-10-26 03:09:29.107] [info] Graph is C-reducible!
