[2023-10-24 20:42:52.846] [info] Kempe type: Planar
[2023-10-24 20:42:52.846] [info] Vertex size: 23, Edge size: 41, Ring size: 13
[2023-10-24 20:43:50.199] [info] Started D-reducibility check
[2023-10-24 20:43:50.200] [info] #1: Feasible / Total: 4919 / 66430
[2023-10-24 20:45:02.234] [info] #2: Feasible / Total: 15277 / 66430
[2023-10-24 20:46:11.978] [info] #3: Feasible / Total: 27873 / 66430
[2023-10-24 20:47:05.578] [info] #4: Feasible / Total: 42796 / 66430
[2023-10-24 20:47:30.022] [info] #5: Feasible / Total: 54538 / 66430
[2023-10-24 20:47:35.327] [info] #6: Feasible / Total: 55977 / 66430
[2023-10-24 20:47:38.515] [info] #7: Feasible / Total: 55980 / 66430
[2023-10-24 20:47:41.715] [info] #7: Feasible / Total: 55980 / 66430
[2023-10-24 20:47:41.811] [info] Graph is not D-reducible.
[2023-10-24 20:47:42.013] [info] Started C-reducibility check
[2023-10-24 20:47:47.712] [info] Trying 322999 possible contractions
[2023-10-24 20:47:47.712] [info] [0/322999] Starting contraction of size 1
[2023-10-24 21:04:19.996] [info] [28/322999] Starting contraction of size 2
[2023-10-24 23:32:04.885] [info] [363/322999] Starting contraction of size 3
[2023-10-25 09:11:40.994] [info] [2616/322999] Starting contraction of size 4
[2023-10-26 02:56:12.709] [info] [12072/322999] Starting contraction of size 5
[2023-10-26 03:06:16.079] [info] All colors passed! Contracted: 13, 21, 25, 30, 33
[2023-10-26 03:06:16.079] [info] Graph is C-reducible!
