[2023-10-24 20:42:23.139] [info] Kempe type: Planar
[2023-10-24 20:42:23.139] [info] Vertex size: 23, Edge size: 41, Ring size: 13
[2023-10-24 20:43:11.954] [info] Started D-reducibility check
[2023-10-24 20:43:11.955] [info] #1: Feasible / Total: 4998 / 66430
[2023-10-24 20:44:14.625] [info] #2: Feasible / Total: 15053 / 66430
[2023-10-24 20:45:11.943] [info] #3: Feasible / Total: 28653 / 66430
[2023-10-24 20:45:57.072] [info] #4: Feasible / Total: 45124 / 66430
[2023-10-24 20:46:11.435] [info] #5: Feasible / Total: 51738 / 66430
[2023-10-24 20:46:16.190] [info] #6: Feasible / Total: 51813 / 66430
[2023-10-24 20:46:20.677] [info] #6: Feasible / Total: 51813 / 66430
[2023-10-24 20:46:20.677] [info] Graph is not D-reducible.
[2023-10-24 20:46:20.971] [info] Started C-reducibility check
[2023-10-24 20:46:27.306] [info] Trying 322999 possible contractions
[2023-10-24 20:46:27.306] [info] [0/322999] Starting contraction of size 1
[2023-10-24 21:05:30.595] [info] [28/322999] Starting contraction of size 2
[2023-10-24 23:30:56.012] [info] [363/322999] Starting contraction of size 3
[2023-10-25 08:23:37.730] [info] [2615/322999] Starting contraction of size 4
[2023-10-26 01:27:52.884] [info] [12055/322999] Starting contraction of size 5
[2023-10-27 00:21:05.798] [info] [38084/322999] Starting contraction of size 6
[2023-10-27 04:21:23.908] [info] All colors passed! Contracted: 17, 19, 23, 26, 31, 40
[2023-10-27 04:21:23.909] [info] Graph is C-reducible!
