[2023-10-24 20:42:58.791] [info] Kempe type: Planar
[2023-10-24 20:42:58.791] [info] Vertex size: 23, Edge size: 41, Ring size: 13
[2023-10-24 20:43:49.946] [info] Started D-reducibility check
[2023-10-24 20:43:49.946] [info] #1: Feasible / Total: 5067 / 66430
[2023-10-24 20:44:50.280] [info] #2: Feasible / Total: 14592 / 66430
[2023-10-24 20:45:52.766] [info] #3: Feasible / Total: 26333 / 66430
[2023-10-24 20:46:45.009] [info] #4: Feasible / Total: 41476 / 66430
[2023-10-24 20:47:08.764] [info] #5: Feasible / Total: 51327 / 66430
[2023-10-24 20:47:14.183] [info] #6: Feasible / Total: 51540 / 66430
[2023-10-24 20:47:18.690] [info] #6: Feasible / Total: 51540 / 66430
[2023-10-24 20:47:18.690] [info] Graph is not D-reducible.
[2023-10-24 20:47:18.964] [info] Started C-reducibility check
[2023-10-24 20:47:24.948] [info] Trying 322999 possible contractions
[2023-10-24 20:47:24.948] [info] [0/322999] Starting contraction of size 1
[2023-10-24 21:03:58.894] [info] [28/322999] Starting contraction of size 2
[2023-10-24 23:13:28.980] [info] [363/322999] Starting contraction of size 3
[2023-10-25 07:59:29.603] [info] [2615/322999] Starting contraction of size 4
[2023-10-26 01:15:37.796] [info] [12055/322999] Starting contraction of size 5
[2023-10-26 01:50:27.378] [info] All colors passed! Contracted: 18, 21, 23, 36, 38
[2023-10-26 01:50:27.395] [info] Graph is C-reducible!
