[2023-10-24 20:43:04.442] [info] Kempe type: Planar
[2023-10-24 20:43:04.442] [info] Vertex size: 23, Edge size: 41, Ring size: 13
[2023-10-24 20:44:05.298] [info] Started D-reducibility check
[2023-10-24 20:44:05.298] [info] #1: Feasible / Total: 4829 / 66430
[2023-10-24 20:45:09.922] [info] #2: Feasible / Total: 12511 / 66430
[2023-10-24 20:46:09.731] [info] #3: Feasible / Total: 20699 / 66430
[2023-10-24 20:47:06.114] [info] #4: Feasible / Total: 31654 / 66430
[2023-10-24 20:47:55.326] [info] #5: Feasible / Total: 45393 / 66430
[2023-10-24 20:48:13.603] [info] #6: Feasible / Total: 51760 / 66430
[2023-10-24 20:48:19.094] [info] #7: Feasible / Total: 51849 / 66430
[2023-10-24 20:48:24.130] [info] #7: Feasible / Total: 51849 / 66430
[2023-10-24 20:48:24.130] [info] Graph is not D-reducible.
[2023-10-24 20:48:24.464] [info] Started C-reducibility check
[2023-10-24 20:48:31.871] [info] Trying 322999 possible contractions
[2023-10-24 20:48:31.871] [info] [0/322999] Starting contraction of size 1
[2023-10-24 21:07:15.100] [info] [28/322999] Starting contraction of size 2
[2023-10-24 23:35:49.736] [info] [363/322999] Starting contraction of size 3
[2023-10-25 08:36:44.615] [info] [2616/322999] Starting contraction of size 4
[2023-10-25 15:17:20.240] [info] All colors passed! Contracted: 19, 36, 38, 40
[2023-10-25 15:17:20.240] [info] Graph is C-reducible!
