[2023-10-24 20:42:21.461] [info] Kempe type: Planar
[2023-10-24 20:42:21.461] [info] Vertex size: 23, Edge size: 41, Ring size: 13
[2023-10-24 20:43:16.005] [info] Started D-reducibility check
[2023-10-24 20:43:16.005] [info] #1: Feasible / Total: 4961 / 66430
[2023-10-24 20:44:17.562] [info] #2: Feasible / Total: 16020 / 66430
[2023-10-24 20:45:22.438] [info] #3: Feasible / Total: 27915 / 66430
[2023-10-24 20:46:15.992] [info] #4: Feasible / Total: 42761 / 66430
[2023-10-24 20:46:33.637] [info] #5: Feasible / Total: 48246 / 66430
[2023-10-24 20:46:40.026] [info] #6: Feasible / Total: 48289 / 66430
[2023-10-24 20:46:46.275] [info] #6: Feasible / Total: 48289 / 66430
[2023-10-24 20:46:46.275] [info] Graph is not D-reducible.
[2023-10-24 20:46:46.497] [info] Started C-reducibility check
[2023-10-24 20:46:53.273] [info] Trying 322999 possible contractions
[2023-10-24 20:46:53.273] [info] [0/322999] Starting contraction of size 1
[2023-10-24 21:06:22.961] [info] [28/322999] Starting contraction of size 2
[2023-10-24 23:35:01.967] [info] [363/322999] Starting contraction of size 3
[2023-10-25 08:24:35.302] [info] [2615/322999] Starting contraction of size 4
[2023-10-26 01:49:37.500] [info] [12054/322999] Starting contraction of size 5
[2023-10-27 01:05:08.695] [info] [38069/322999] Starting contraction of size 6
[2023-10-27 09:35:00.688] [info] All colors passed! Contracted: 15, 20, 21, 23, 26, 29
[2023-10-27 09:35:00.688] [info] Graph is C-reducible!
