[2023-10-24 20:43:01.121] [info] Kempe type: Planar
[2023-10-24 20:43:01.121] [info] Vertex size: 23, Edge size: 41, Ring size: 13
[2023-10-24 20:43:52.457] [info] Started D-reducibility check
[2023-10-24 20:43:52.457] [info] #1: Feasible / Total: 4800 / 66430
[2023-10-24 20:44:55.158] [info] #2: Feasible / Total: 14385 / 66430
[2023-10-24 20:45:52.069] [info] #3: Feasible / Total: 23514 / 66430
[2023-10-24 20:46:36.080] [info] #4: Feasible / Total: 31420 / 66430
[2023-10-24 20:47:13.485] [info] #5: Feasible / Total: 40530 / 66430
[2023-10-24 20:47:36.725] [info] #6: Feasible / Total: 46140 / 66430
[2023-10-24 20:47:45.150] [info] #7: Feasible / Total: 46378 / 66430
[2023-10-24 20:47:52.110] [info] #8: Feasible / Total: 46379 / 66430
[2023-10-24 20:47:59.262] [info] #8: Feasible / Total: 46379 / 66430
[2023-10-24 20:47:59.262] [info] Graph is not D-reducible.
[2023-10-24 20:47:59.597] [info] Started C-reducibility check
[2023-10-24 20:48:06.789] [info] Trying 322999 possible contractions
[2023-10-24 20:48:06.790] [info] [0/322999] Starting contraction of size 1
[2023-10-24 21:05:52.562] [info] [28/322999] Starting contraction of size 2
[2023-10-24 23:32:35.414] [info] [363/322999] Starting contraction of size 3
[2023-10-25 09:04:26.206] [info] [2616/322999] Starting contraction of size 4
[2023-10-25 23:49:17.064] [info] All colors passed! Contracted: 13, 14, 15, 17
[2023-10-25 23:49:17.064] [info] Graph is C-reducible!
