[2023-10-24 20:42:02.228] [info] Kempe type: Planar
[2023-10-24 20:42:02.228] [info] Vertex size: 23, Edge size: 41, Ring size: 13
[2023-10-24 20:42:45.908] [info] Started D-reducibility check
[2023-10-24 20:42:45.908] [info] #1: Feasible / Total: 4948 / 66430
[2023-10-24 20:43:30.389] [info] #2: Feasible / Total: 13625 / 66430
[2023-10-24 20:44:16.202] [info] #3: Feasible / Total: 22316 / 66430
[2023-10-24 20:44:52.269] [info] #4: Feasible / Total: 30520 / 66430
[2023-10-24 20:45:16.974] [info] #5: Feasible / Total: 35823 / 66430
[2023-10-24 20:45:29.147] [info] #6: Feasible / Total: 36566 / 66430
[2023-10-24 20:45:37.751] [info] #7: Feasible / Total: 36588 / 66430
[2023-10-24 20:45:46.225] [info] #7: Feasible / Total: 36588 / 66430
[2023-10-24 20:45:46.225] [info] Graph is not D-reducible.
[2023-10-24 20:45:46.483] [info] Started C-reducibility check
[2023-10-24 20:45:51.951] [info] Trying 322999 possible contractions
[2023-10-24 20:45:51.951] [info] [0/322999] Starting contraction of size 1
[2023-10-24 21:03:16.382] [info] [28/322999] Starting contraction of size 2
[2023-10-24 23:12:35.658] [info] [363/322999] Starting contraction of size 3
[2023-10-25 08:41:20.897] [info] [2616/322999] Starting contraction of size 4
[2023-10-26 02:40:52.538] [info] [12071/322999] Starting contraction of size 5
[2023-10-27 01:50:11.982] [info] [38184/322999] Starting contraction of size 6
[2023-10-27 07:56:21.867] [info] All colors passed! Contracted: 14, 15, 16, 17, 26, 40
[2023-10-27 07:56:21.867] [info] Graph is C-reducible!
