[2023-10-24 20:42:24.833] [info] Kempe type: Planar
[2023-10-24 20:42:24.833] [info] Vertex size: 23, Edge size: 41, Ring size: 13
[2023-10-24 20:43:16.599] [info] Started D-reducibility check
[2023-10-24 20:43:16.599] [info] #1: Feasible / Total: 4937 / 66430
[2023-10-24 20:44:18.946] [info] #2: Feasible / Total: 16081 / 66430
[2023-10-24 20:45:22.061] [info] #3: Feasible / Total: 27204 / 66430
[2023-10-24 20:46:12.377] [info] #4: Feasible / Total: 38992 / 66430
[2023-10-24 20:46:41.358] [info] #5: Feasible / Total: 48258 / 66430
[2023-10-24 20:46:49.322] [info] #6: Feasible / Total: 48613 / 66430
[2023-10-24 20:46:55.691] [info] #6: Feasible / Total: 48613 / 66430
[2023-10-24 20:46:55.692] [info] Graph is not D-reducible.
[2023-10-24 20:46:55.886] [info] Started C-reducibility check
[2023-10-24 20:47:03.023] [info] Trying 322999 possible contractions
[2023-10-24 20:47:03.023] [info] [0/322999] Starting contraction of size 1
[2023-10-24 21:05:20.164] [info] [28/322999] Starting contraction of size 2
[2023-10-24 23:26:07.032] [info] [363/322999] Starting contraction of size 3
[2023-10-25 08:14:40.655] [info] [2615/322999] Starting contraction of size 4
[2023-10-26 01:20:04.249] [info] [12054/322999] Starting contraction of size 5
[2023-10-26 02:47:29.967] [info] All colors passed! Contracted: 14, 16, 20, 24, 26
[2023-10-26 02:47:29.967] [info] Graph is C-reducible!
