[2023-10-24 20:42:23.243] [info] Kempe type: Planar
[2023-10-24 20:42:23.243] [info] Vertex size: 23, Edge size: 41, Ring size: 13
[2023-10-24 20:43:14.733] [info] Started D-reducibility check
[2023-10-24 20:43:14.733] [info] #1: Feasible / Total: 4983 / 66430
[2023-10-24 20:44:20.907] [info] #2: Feasible / Total: 15974 / 66430
[2023-10-24 20:45:22.132] [info] #3: Feasible / Total: 30127 / 66430
[2023-10-24 20:46:07.188] [info] #4: Feasible / Total: 47345 / 66430
[2023-10-24 20:46:21.964] [info] #5: Feasible / Total: 53591 / 66430
[2023-10-24 20:46:26.321] [info] #6: Feasible / Total: 53616 / 66430
[2023-10-24 20:46:30.454] [info] #6: Feasible / Total: 53616 / 66430
[2023-10-24 20:46:30.454] [info] Graph is not D-reducible.
[2023-10-24 20:46:30.764] [info] Started C-reducibility check
[2023-10-24 20:46:37.716] [info] Trying 322999 possible contractions
[2023-10-24 20:46:37.716] [info] [0/322999] Starting contraction of size 1
[2023-10-24 21:06:02.672] [info] [28/322999] Starting contraction of size 2
[2023-10-24 23:33:57.173] [info] [363/322999] Starting contraction of size 3
[2023-10-25 08:24:47.378] [info] [2615/322999] Starting contraction of size 4
[2023-10-26 01:32:26.574] [info] [12055/322999] Starting contraction of size 5
[2023-10-27 00:24:56.448] [info] [38084/322999] Starting contraction of size 6
[2023-10-27 17:03:01.716] [info] All colors passed! Contracted: 17, 19, 23, 26, 31, 40
[2023-10-27 17:03:01.716] [info] Graph is C-reducible!
