[2023-10-24 20:42:43.887] [info] Kempe type: Planar
[2023-10-24 20:42:43.887] [info] Vertex size: 23, Edge size: 41, Ring size: 13
[2023-10-24 20:43:32.050] [info] Started D-reducibility check
[2023-10-24 20:43:32.050] [info] #1: Feasible / Total: 4793 / 66430
[2023-10-24 20:44:20.870] [info] #2: Feasible / Total: 12545 / 66430
[2023-10-24 20:45:10.425] [info] #3: Feasible / Total: 20056 / 66430
[2023-10-24 20:45:43.982] [info] #4: Feasible / Total: 25044 / 66430
[2023-10-24 20:46:10.178] [info] #5: Feasible / Total: 27969 / 66430
[2023-10-24 20:46:39.414] [info] #6: Feasible / Total: 32151 / 66430
[2023-10-24 20:47:02.566] [info] #7: Feasible / Total: 35683 / 66430
[2023-10-24 20:47:16.655] [info] #8: Feasible / Total: 36560 / 66430
[2023-10-24 20:47:27.249] [info] #9: Feasible / Total: 36619 / 66430
[2023-10-24 20:47:36.940] [info] #9: Feasible / Total: 36619 / 66430
[2023-10-24 20:47:36.940] [info] Graph is not D-reducible.
[2023-10-24 20:47:37.118] [info] Started C-reducibility check
[2023-10-24 20:47:43.258] [info] Trying 322999 possible contractions
[2023-10-24 20:47:43.258] [info] [0/322999] Starting contraction of size 1
[2023-10-24 21:04:28.456] [info] [28/322999] Starting contraction of size 2
[2023-10-24 23:22:02.100] [info] [363/322999] Starting contraction of size 3
[2023-10-25 09:01:31.180] [info] [2616/322999] Starting contraction of size 4
[2023-10-25 19:51:27.796] [info] All colors passed! Contracted: 13, 15, 19, 29
[2023-10-25 19:51:27.807] [info] Graph is C-reducible!
