[2023-10-24 20:42:35.419] [info] Kempe type: Planar
[2023-10-24 20:42:35.419] [info] Vertex size: 23, Edge size: 41, Ring size: 13
[2023-10-24 20:43:18.224] [info] Started D-reducibility check
[2023-10-24 20:43:18.224] [info] #1: Feasible / Total: 4812 / 66430
[2023-10-24 20:44:02.182] [info] #2: Feasible / Total: 12817 / 66430
[2023-10-24 20:44:48.246] [info] #3: Feasible / Total: 21391 / 66430
[2023-10-24 20:45:14.853] [info] #4: Feasible / Total: 28126 / 66430
[2023-10-24 20:45:35.612] [info] #5: Feasible / Total: 33649 / 66430
[2023-10-24 20:45:50.014] [info] #6: Feasible / Total: 37407 / 66430
[2023-10-24 20:45:59.841] [info] #7: Feasible / Total: 37957 / 66430
[2023-10-24 20:46:07.445] [info] #8: Feasible / Total: 37966 / 66430
[2023-10-24 20:46:15.241] [info] #8: Feasible / Total: 37966 / 66430
[2023-10-24 20:46:15.241] [info] Graph is not D-reducible.
[2023-10-24 20:46:15.548] [info] Started C-reducibility check
[2023-10-24 20:46:22.723] [info] Trying 322999 possible contractions
[2023-10-24 20:46:22.723] [info] [0/322999] Starting contraction of size 1
[2023-10-24 21:03:28.724] [info] [28/322999] Starting contraction of size 2
[2023-10-24 23:08:59.373] [info] [363/322999] Starting contraction of size 3
[2023-10-25 07:59:19.106] [info] [2617/322999] Starting contraction of size 4
[2023-10-26 01:17:11.801] [info] [12087/322999] Starting contraction of size 5
[2023-10-26 01:49:02.773] [info] All colors passed! Contracted: 13, 14, 15, 16, 25
[2023-10-26 01:49:02.773] [info] Graph is C-reducible!
