[2023-10-24 20:43:36.876] [info] Kempe type: Planar
[2023-10-24 20:43:36.876] [info] Vertex size: 23, Edge size: 41, Ring size: 13
[2023-10-24 20:44:45.757] [info] Started D-reducibility check
[2023-10-24 20:44:45.757] [info] #1: Feasible / Total: 4799 / 66430
[2023-10-24 20:45:47.932] [info] #2: Feasible / Total: 12135 / 66430
[2023-10-24 20:46:41.728] [info] #3: Feasible / Total: 19957 / 66430
[2023-10-24 20:47:20.853] [info] #4: Feasible / Total: 26634 / 66430
[2023-10-24 20:47:44.109] [info] #5: Feasible / Total: 30482 / 66430
[2023-10-24 20:48:00.301] [info] #6: Feasible / Total: 32332 / 66430
[2023-10-24 20:48:13.915] [info] #7: Feasible / Total: 33692 / 66430
[2023-10-24 20:48:24.496] [info] #8: Feasible / Total: 33976 / 66430
[2023-10-24 20:48:34.170] [info] #9: Feasible / Total: 33986 / 66430
[2023-10-24 20:48:43.612] [info] #9: Feasible / Total: 33986 / 66430
[2023-10-24 20:48:43.613] [info] Graph is not D-reducible.
[2023-10-24 20:48:43.794] [info] Started C-reducibility check
[2023-10-24 20:48:49.665] [info] Trying 322999 possible contractions
[2023-10-24 20:48:49.665] [info] [0/322999] Starting contraction of size 1
[2023-10-24 21:05:01.731] [info] [28/322999] Starting contraction of size 2
[2023-10-24 23:31:39.048] [info] [363/322999] Starting contraction of size 3
[2023-10-25 09:10:57.255] [info] [2617/322999] Starting contraction of size 4
[2023-10-25 23:25:45.582] [info] All colors passed! Contracted: 15, 19, 24, 40
[2023-10-25 23:25:45.607] [info] Graph is C-reducible!
