[2023-10-24 20:43:30.985] [info] Kempe type: Planar
[2023-10-24 20:43:30.985] [info] Vertex size: 23, Edge size: 41, Ring size: 13
[2023-10-24 20:44:26.901] [info] Started D-reducibility check
[2023-10-24 20:44:26.901] [info] #1: Feasible / Total: 4773 / 66430
[2023-10-24 20:45:24.476] [info] #2: Feasible / Total: 12431 / 66430
[2023-10-24 20:46:12.165] [info] #3: Feasible / Total: 20766 / 66430
[2023-10-24 20:46:44.633] [info] #4: Feasible / Total: 27078 / 66430
[2023-10-24 20:47:10.503] [info] #5: Feasible / Total: 30338 / 66430
[2023-10-24 20:47:27.665] [info] #6: Feasible / Total: 32274 / 66430
[2023-10-24 20:47:41.098] [info] #7: Feasible / Total: 33597 / 66430
[2023-10-24 20:47:51.494] [info] #8: Feasible / Total: 33797 / 66430
[2023-10-24 20:48:01.332] [info] #8: Feasible / Total: 33797 / 66430
[2023-10-24 20:48:01.333] [info] Graph is not D-reducible.
[2023-10-24 20:48:01.603] [info] Started C-reducibility check
[2023-10-24 20:48:07.407] [info] Trying 322999 possible contractions
[2023-10-24 20:48:07.407] [info] [0/322999] Starting contraction of size 1
[2023-10-24 21:04:29.715] [info] [28/322999] Starting contraction of size 2
[2023-10-24 23:16:35.429] [info] [363/322999] Starting contraction of size 3
[2023-10-25 08:58:23.338] [info] [2617/322999] Starting contraction of size 4
[2023-10-25 19:50:29.851] [info] All colors passed! Contracted: 15, 19, 24, 40
[2023-10-25 19:50:29.863] [info] Graph is C-reducible!
