[2023-10-24 20:43:19.241] [info] Kempe type: Planar
[2023-10-24 20:43:19.242] [info] Vertex size: 23, Edge size: 41, Ring size: 13
[2023-10-24 20:44:15.519] [info] Started D-reducibility check
[2023-10-24 20:44:15.519] [info] #1: Feasible / Total: 4784 / 66430
[2023-10-24 20:45:17.892] [info] #2: Feasible / Total: 13093 / 66430
[2023-10-24 20:46:17.119] [info] #3: Feasible / Total: 22177 / 66430
[2023-10-24 20:46:59.990] [info] #4: Feasible / Total: 30044 / 66430
[2023-10-24 20:47:28.588] [info] #5: Feasible / Total: 35980 / 66430
[2023-10-24 20:47:46.069] [info] #6: Feasible / Total: 39654 / 66430
[2023-10-24 20:47:54.702] [info] #7: Feasible / Total: 40316 / 66430
[2023-10-24 20:48:01.337] [info] #8: Feasible / Total: 40341 / 66430
[2023-10-24 20:48:08.203] [info] #9: Feasible / Total: 40342 / 66430
[2023-10-24 20:48:15.042] [info] #9: Feasible / Total: 40342 / 66430
[2023-10-24 20:48:15.042] [info] Graph is not D-reducible.
[2023-10-24 20:48:15.304] [info] Started C-reducibility check
[2023-10-24 20:48:20.847] [info] Trying 322999 possible contractions
[2023-10-24 20:48:20.931] [info] [0/322999] Starting contraction of size 1
[2023-10-24 21:04:43.764] [info] [28/322999] Starting contraction of size 2
[2023-10-24 23:19:29.310] [info] [363/322999] Starting contraction of size 3
[2023-10-25 08:27:46.840] [info] [2617/322999] Starting contraction of size 4
[2023-10-26 01:55:40.494] [info] [12088/322999] Starting contraction of size 5
[2023-10-26 12:35:56.961] [info] All colors passed! Contracted: 14, 20, 23, 25, 27
[2023-10-26 12:35:56.971] [info] Graph is C-reducible!
