[2023-10-24 20:44:10.785] [info] Kempe type: Planar
[2023-10-24 20:44:10.785] [info] Vertex size: 23, Edge size: 41, Ring size: 13
[2023-10-24 20:45:12.283] [info] Started D-reducibility check
[2023-10-24 20:45:12.283] [info] #1: Feasible / Total: 4774 / 66430
[2023-10-24 20:46:12.674] [info] #2: Feasible / Total: 12926 / 66430
[2023-10-24 20:47:17.023] [info] #3: Feasible / Total: 21571 / 66430
[2023-10-24 20:48:04.162] [info] #4: Feasible / Total: 29845 / 66430
[2023-10-24 20:48:46.464] [info] #5: Feasible / Total: 39453 / 66430
[2023-10-24 20:49:08.482] [info] #6: Feasible / Total: 44911 / 66430
[2023-10-24 20:49:16.857] [info] #7: Feasible / Total: 45058 / 66430
[2023-10-24 20:49:23.933] [info] #7: Feasible / Total: 45058 / 66430
[2023-10-24 20:49:23.933] [info] Graph is not D-reducible.
[2023-10-24 20:49:24.232] [info] Started C-reducibility check
[2023-10-24 20:49:30.960] [info] Trying 322999 possible contractions
[2023-10-24 20:49:30.960] [info] [0/322999] Starting contraction of size 1
[2023-10-24 21:07:14.755] [info] [28/322999] Starting contraction of size 2
[2023-10-24 23:33:29.479] [info] [363/322999] Starting contraction of size 3
[2023-10-25 09:12:07.531] [info] [2617/322999] Starting contraction of size 4
[2023-10-25 15:53:48.116] [info] All colors passed! Contracted: 13, 20, 23, 36
[2023-10-25 15:53:48.116] [info] Graph is C-reducible!
