[2023-10-24 20:43:31.466] [info] Kempe type: Planar
[2023-10-24 20:43:31.466] [info] Vertex size: 23, Edge size: 41, Ring size: 13
[2023-10-24 20:44:24.680] [info] Started D-reducibility check
[2023-10-24 20:44:24.680] [info] #1: Feasible / Total: 4956 / 66430
[2023-10-24 20:45:37.826] [info] #2: Feasible / Total: 15774 / 66430
[2023-10-24 20:46:49.092] [info] #3: Feasible / Total: 29625 / 66430
[2023-10-24 20:47:39.141] [info] #4: Feasible / Total: 46620 / 66430
[2023-10-24 20:47:55.477] [info] #5: Feasible / Total: 51761 / 66430
[2023-10-24 20:48:00.595] [info] #6: Feasible / Total: 51834 / 66430
[2023-10-24 20:48:05.279] [info] #6: Feasible / Total: 51834 / 66430
[2023-10-24 20:48:05.279] [info] Graph is not D-reducible.
[2023-10-24 20:48:05.581] [info] Started C-reducibility check
[2023-10-24 20:48:12.242] [info] Trying 322999 possible contractions
[2023-10-24 20:48:12.242] [info] [0/322999] Starting contraction of size 1
[2023-10-24 21:06:41.914] [info] [28/322999] Starting contraction of size 2
[2023-10-24 23:37:26.597] [info] [363/322999] Starting contraction of size 3
[2023-10-25 09:03:36.207] [info] [2616/322999] Starting contraction of size 4
[2023-10-26 02:57:04.478] [info] [12072/322999] Starting contraction of size 5
[2023-10-26 13:11:16.312] [info] All colors passed! Contracted: 15, 16, 17, 19, 40
[2023-10-26 13:11:16.313] [info] Graph is C-reducible!
