[2023-10-24 20:44:09.306] [info] Kempe type: Planar
[2023-10-24 20:44:09.306] [info] Vertex size: 23, Edge size: 41, Ring size: 13
[2023-10-24 20:45:10.920] [info] Started D-reducibility check
[2023-10-24 20:45:10.920] [info] #1: Feasible / Total: 4944 / 66430
[2023-10-24 20:46:23.074] [info] #2: Feasible / Total: 14215 / 66430
[2023-10-24 20:47:30.565] [info] #3: Feasible / Total: 24007 / 66430
[2023-10-24 20:48:19.287] [info] #4: Feasible / Total: 34693 / 66430
[2023-10-24 20:48:50.435] [info] #5: Feasible / Total: 42813 / 66430
[2023-10-24 20:49:02.796] [info] #6: Feasible / Total: 44027 / 66430
[2023-10-24 20:49:10.551] [info] #7: Feasible / Total: 44083 / 66430
[2023-10-24 20:49:18.212] [info] #8: Feasible / Total: 44095 / 66430
[2023-10-24 20:49:25.465] [info] #9: Feasible / Total: 44096 / 66430
[2023-10-24 20:49:32.951] [info] #9: Feasible / Total: 44096 / 66430
[2023-10-24 20:49:32.951] [info] Graph is not D-reducible.
[2023-10-24 20:49:33.162] [info] Started C-reducibility check
[2023-10-24 20:49:40.020] [info] Trying 322999 possible contractions
[2023-10-24 20:49:40.020] [info] [0/322999] Starting contraction of size 1
[2023-10-24 21:07:21.361] [info] [28/322999] Starting contraction of size 2
[2023-10-24 23:37:37.022] [info] [363/322999] Starting contraction of size 3
[2023-10-25 09:06:37.085] [info] [2616/322999] Starting contraction of size 4
[2023-10-26 02:05:30.918] [info] All colors passed! Contracted: 19, 21, 33, 35
[2023-10-26 02:05:30.943] [info] Graph is C-reducible!
