[2023-10-24 20:43:35.530] [info] Kempe type: Planar
[2023-10-24 20:43:35.530] [info] Vertex size: 23, Edge size: 41, Ring size: 13
[2023-10-24 20:44:40.572] [info] Started D-reducibility check
[2023-10-24 20:44:40.572] [info] #1: Feasible / Total: 4911 / 66430
[2023-10-24 20:45:47.898] [info] #2: Feasible / Total: 15480 / 66430
[2023-10-24 20:46:52.486] [info] #3: Feasible / Total: 27374 / 66430
[2023-10-24 20:47:38.202] [info] #4: Feasible / Total: 40056 / 66430
[2023-10-24 20:47:54.976] [info] #5: Feasible / Total: 46461 / 66430
[2023-10-24 20:48:01.422] [info] #6: Feasible / Total: 46799 / 66430
[2023-10-24 20:48:07.156] [info] #7: Feasible / Total: 46814 / 66430
[2023-10-24 20:48:12.805] [info] #7: Feasible / Total: 46814 / 66430
[2023-10-24 20:48:12.805] [info] Graph is not D-reducible.
[2023-10-24 20:48:13.075] [info] Started C-reducibility check
[2023-10-24 20:48:18.722] [info] Trying 322999 possible contractions
[2023-10-24 20:48:18.723] [info] [0/322999] Starting contraction of size 1
[2023-10-24 21:04:13.261] [info] [28/322999] Starting contraction of size 2
[2023-10-24 23:27:29.827] [info] [363/322999] Starting contraction of size 3
[2023-10-25 09:07:08.105] [info] [2616/322999] Starting contraction of size 4
[2023-10-26 02:58:41.228] [info] [12071/322999] Starting contraction of size 5
[2023-10-26 09:10:56.574] [info] All colors passed! Contracted: 13, 15, 17, 19, 24
[2023-10-26 09:10:56.574] [info] Graph is C-reducible!
