[2023-10-24 20:43:18.527] [info] Kempe type: Planar
[2023-10-24 20:43:18.527] [info] Vertex size: 23, Edge size: 41, Ring size: 13
[2023-10-24 20:44:13.934] [info] Started D-reducibility check
[2023-10-24 20:44:13.934] [info] #1: Feasible / Total: 4807 / 66430
[2023-10-24 20:45:09.713] [info] #2: Feasible / Total: 13585 / 66430
[2023-10-24 20:46:05.810] [info] #3: Feasible / Total: 22383 / 66430
[2023-10-24 20:46:49.507] [info] #4: Feasible / Total: 31053 / 66430
[2023-10-24 20:47:19.594] [info] #5: Feasible / Total: 37171 / 66430
[2023-10-24 20:47:34.595] [info] #6: Feasible / Total: 38798 / 66430
[2023-10-24 20:47:43.729] [info] #7: Feasible / Total: 38844 / 66430
[2023-10-24 20:47:52.366] [info] #7: Feasible / Total: 38844 / 66430
[2023-10-24 20:47:52.366] [info] Graph is not D-reducible.
[2023-10-24 20:47:52.648] [info] Started C-reducibility check
[2023-10-24 20:47:58.803] [info] Trying 322999 possible contractions
[2023-10-24 20:47:58.803] [info] [0/322999] Starting contraction of size 1
[2023-10-24 21:04:54.960] [info] [28/322999] Starting contraction of size 2
[2023-10-24 23:20:41.984] [info] [363/322999] Starting contraction of size 3
[2023-10-25 08:19:08.805] [info] [2616/322999] Starting contraction of size 4
[2023-10-25 17:34:29.860] [info] All colors passed! Contracted: 14, 17, 27, 40
[2023-10-25 17:34:29.879] [info] Graph is C-reducible!
