[2023-10-24 20:43:20.517] [info] Kempe type: Planar
[2023-10-24 20:43:20.517] [info] Vertex size: 23, Edge size: 41, Ring size: 13
[2023-10-24 20:44:14.601] [info] Started D-reducibility check
[2023-10-24 20:44:14.601] [info] #1: Feasible / Total: 4797 / 66430
[2023-10-24 20:45:08.942] [info] #2: Feasible / Total: 13317 / 66430
[2023-10-24 20:46:03.780] [info] #3: Feasible / Total: 22030 / 66430
[2023-10-24 20:46:45.070] [info] #4: Feasible / Total: 30160 / 66430
[2023-10-24 20:47:13.800] [info] #5: Feasible / Total: 35633 / 66430
[2023-10-24 20:47:29.732] [info] #6: Feasible / Total: 37219 / 66430
[2023-10-24 20:47:39.979] [info] #7: Feasible / Total: 37301 / 66430
[2023-10-24 20:47:48.999] [info] #8: Feasible / Total: 37304 / 66430
[2023-10-24 20:47:58.022] [info] #8: Feasible / Total: 37304 / 66430
[2023-10-24 20:47:58.023] [info] Graph is not D-reducible.
[2023-10-24 20:47:58.300] [info] Started C-reducibility check
[2023-10-24 20:48:04.455] [info] Trying 322999 possible contractions
[2023-10-24 20:48:04.455] [info] [0/322999] Starting contraction of size 1
[2023-10-24 21:04:47.439] [info] [28/322999] Starting contraction of size 2
[2023-10-24 23:14:50.969] [info] [363/322999] Starting contraction of size 3
[2023-10-25 08:05:33.475] [info] [2616/322999] Starting contraction of size 4
[2023-10-25 09:38:22.675] [info] All colors passed! Contracted: 18, 26, 28, 39
[2023-10-25 09:38:22.675] [info] Graph is C-reducible!
