[2023-10-24 20:44:13.141] [info] Kempe type: Planar
[2023-10-24 20:44:13.141] [info] Vertex size: 23, Edge size: 41, Ring size: 13
[2023-10-24 20:45:15.162] [info] Started D-reducibility check
[2023-10-24 20:45:15.162] [info] #1: Feasible / Total: 4919 / 66430
[2023-10-24 20:46:33.396] [info] #2: Feasible / Total: 15346 / 66430
[2023-10-24 20:47:41.675] [info] #3: Feasible / Total: 26729 / 66430
[2023-10-24 20:48:33.514] [info] #4: Feasible / Total: 38103 / 66430
[2023-10-24 20:49:02.806] [info] #5: Feasible / Total: 44752 / 66430
[2023-10-24 20:49:13.122] [info] #6: Feasible / Total: 45490 / 66430
[2023-10-24 20:49:20.047] [info] #7: Feasible / Total: 45514 / 66430
[2023-10-24 20:49:26.774] [info] #8: Feasible / Total: 45518 / 66430
[2023-10-24 20:49:33.507] [info] #8: Feasible / Total: 45518 / 66430
[2023-10-24 20:49:33.507] [info] Graph is not D-reducible.
[2023-10-24 20:49:33.817] [info] Started C-reducibility check
[2023-10-24 20:49:40.498] [info] Trying 322999 possible contractions
[2023-10-24 20:49:40.498] [info] [0/322999] Starting contraction of size 1
[2023-10-24 21:07:18.139] [info] [28/322999] Starting contraction of size 2
[2023-10-24 23:33:17.815] [info] [363/322999] Starting contraction of size 3
[2023-10-25 09:10:24.390] [info] [2616/322999] Starting contraction of size 4
[2023-10-25 19:43:19.591] [info] All colors passed! Contracted: 18, 21, 32, 35
[2023-10-25 19:43:19.607] [info] Graph is C-reducible!
