[2023-10-24 20:43:34.693] [info] Kempe type: Planar
[2023-10-24 20:43:34.693] [info] Vertex size: 23, Edge size: 41, Ring size: 13
[2023-10-24 20:44:43.112] [info] Started D-reducibility check
[2023-10-24 20:44:43.112] [info] #1: Feasible / Total: 4915 / 66430
[2023-10-24 20:45:56.070] [info] #2: Feasible / Total: 14606 / 66430
[2023-10-24 20:47:05.473] [info] #3: Feasible / Total: 26709 / 66430
[2023-10-24 20:47:52.756] [info] #4: Feasible / Total: 38670 / 66430
[2023-10-24 20:48:14.075] [info] #5: Feasible / Total: 44390 / 66430
[2023-10-24 20:48:22.220] [info] #6: Feasible / Total: 44796 / 66430
[2023-10-24 20:48:28.180] [info] #7: Feasible / Total: 44804 / 66430
[2023-10-24 20:48:33.981] [info] #7: Feasible / Total: 44804 / 66430
[2023-10-24 20:48:33.982] [info] Graph is not D-reducible.
[2023-10-24 20:48:34.244] [info] Started C-reducibility check
[2023-10-24 20:48:39.906] [info] Trying 322999 possible contractions
[2023-10-24 20:48:39.907] [info] [0/322999] Starting contraction of size 1
[2023-10-24 21:04:45.723] [info] [28/322999] Starting contraction of size 2
[2023-10-24 23:15:35.350] [info] [363/322999] Starting contraction of size 3
[2023-10-25 08:06:57.920] [info] [2617/322999] Starting contraction of size 4
[2023-10-26 01:27:25.004] [info] [12088/322999] Starting contraction of size 5
[2023-10-26 13:25:37.576] [info] All colors passed! Contracted: 15, 16, 19, 25, 40
[2023-10-26 13:25:37.587] [info] Graph is C-reducible!
