[2023-10-24 20:43:43.858] [info] Kempe type: Planar
[2023-10-24 20:43:43.858] [info] Vertex size: 23, Edge size: 41, Ring size: 13
[2023-10-24 20:44:39.034] [info] Started D-reducibility check
[2023-10-24 20:44:39.034] [info] #1: Feasible / Total: 4759 / 66430
[2023-10-24 20:45:45.018] [info] #2: Feasible / Total: 13410 / 66430
[2023-10-24 20:46:48.053] [info] #3: Feasible / Total: 23642 / 66430
[2023-10-24 20:47:34.619] [info] #4: Feasible / Total: 36021 / 66430
[2023-10-24 20:48:05.307] [info] #5: Feasible / Total: 46612 / 66430
[2023-10-24 20:48:14.177] [info] #6: Feasible / Total: 47894 / 66430
[2023-10-24 20:48:18.549] [info] #7: Feasible / Total: 47898 / 66430
[2023-10-24 20:48:22.375] [info] #7: Feasible / Total: 47898 / 66430
[2023-10-24 20:48:22.375] [info] Graph is not D-reducible.
[2023-10-24 20:48:22.573] [info] Started C-reducibility check
[2023-10-24 20:48:26.159] [info] Trying 322999 possible contractions
[2023-10-24 20:48:26.159] [info] [0/322999] Starting contraction of size 1
[2023-10-24 21:04:44.576] [info] [28/322999] Starting contraction of size 2
[2023-10-24 23:27:02.374] [info] [363/322999] Starting contraction of size 3
[2023-10-25 09:08:17.024] [info] [2616/322999] Starting contraction of size 4
[2023-10-25 11:55:21.211] [info] All colors passed! Contracted: 18, 20, 28, 30
[2023-10-25 11:55:21.211] [info] Graph is C-reducible!
