[2023-10-24 20:43:20.033] [info] Kempe type: Planar
[2023-10-24 20:43:20.033] [info] Vertex size: 23, Edge size: 41, Ring size: 13
[2023-10-24 20:44:15.141] [info] Started D-reducibility check
[2023-10-24 20:44:15.142] [info] #1: Feasible / Total: 4802 / 66430
[2023-10-24 20:45:11.804] [info] #2: Feasible / Total: 14657 / 66430
[2023-10-24 20:46:07.127] [info] #3: Feasible / Total: 24725 / 66430
[2023-10-24 20:46:47.654] [info] #4: Feasible / Total: 33853 / 66430
[2023-10-24 20:47:12.507] [info] #5: Feasible / Total: 39433 / 66430
[2023-10-24 20:47:26.223] [info] #6: Feasible / Total: 41075 / 66430
[2023-10-24 20:47:34.673] [info] #7: Feasible / Total: 41110 / 66430
[2023-10-24 20:47:42.746] [info] #7: Feasible / Total: 41110 / 66430
[2023-10-24 20:47:42.747] [info] Graph is not D-reducible.
[2023-10-24 20:47:43.036] [info] Started C-reducibility check
[2023-10-24 20:47:49.452] [info] Trying 322999 possible contractions
[2023-10-24 20:47:49.452] [info] [0/322999] Starting contraction of size 1
[2023-10-24 21:04:49.252] [info] [28/322999] Starting contraction of size 2
[2023-10-24 23:17:16.235] [info] [363/322999] Starting contraction of size 3
[2023-10-25 09:11:15.423] [info] [2616/322999] Starting contraction of size 4
[2023-10-25 12:59:24.202] [info] All colors passed! Contracted: 18, 26, 28, 39
[2023-10-25 12:59:24.219] [info] Graph is C-reducible!
