[2023-10-24 20:43:36.385] [info] Kempe type: Planar
[2023-10-24 20:43:36.385] [info] Vertex size: 23, Edge size: 41, Ring size: 13
[2023-10-24 20:44:44.482] [info] Started D-reducibility check
[2023-10-24 20:44:44.483] [info] #1: Feasible / Total: 4969 / 66430
[2023-10-24 20:45:59.803] [info] #2: Feasible / Total: 14868 / 66430
[2023-10-24 20:47:06.743] [info] #3: Feasible / Total: 26589 / 66430
[2023-10-24 20:47:59.950] [info] #4: Feasible / Total: 40386 / 66430
[2023-10-24 20:48:27.336] [info] #5: Feasible / Total: 49560 / 66430
[2023-10-24 20:48:34.671] [info] #6: Feasible / Total: 50296 / 66430
[2023-10-24 20:48:40.054] [info] #6: Feasible / Total: 50296 / 66430
[2023-10-24 20:48:40.054] [info] Graph is not D-reducible.
[2023-10-24 20:48:40.361] [info] Started C-reducibility check
[2023-10-24 20:48:47.214] [info] Trying 322999 possible contractions
[2023-10-24 20:48:47.214] [info] [0/322999] Starting contraction of size 1
[2023-10-24 21:06:57.197] [info] [28/322999] Starting contraction of size 2
[2023-10-24 23:38:05.298] [info] [363/322999] Starting contraction of size 3
[2023-10-25 09:11:43.117] [info] [2616/322999] Starting contraction of size 4
[2023-10-26 02:53:12.794] [info] [12071/322999] Starting contraction of size 5
[2023-10-26 23:57:32.800] [info] All colors passed! Contracted: 13, 14, 20, 23, 37
[2023-10-26 23:57:32.800] [info] Graph is C-reducible!
