[2023-10-24 20:43:18.153] [info] Kempe type: Planar
[2023-10-24 20:43:18.153] [info] Vertex size: 23, Edge size: 41, Ring size: 13
[2023-10-24 20:44:12.983] [info] Started D-reducibility check
[2023-10-24 20:44:12.983] [info] #1: Feasible / Total: 4809 / 66430
[2023-10-24 20:45:06.778] [info] #2: Feasible / Total: 12924 / 66430
[2023-10-24 20:46:00.277] [info] #3: Feasible / Total: 21067 / 66430
[2023-10-24 20:46:43.650] [info] #4: Feasible / Total: 29469 / 66430
[2023-10-24 20:47:13.176] [info] #5: Feasible / Total: 35727 / 66430
[2023-10-24 20:47:30.169] [info] #6: Feasible / Total: 37815 / 66430
[2023-10-24 20:47:40.213] [info] #7: Feasible / Total: 37949 / 66430
[2023-10-24 20:47:49.037] [info] #8: Feasible / Total: 37950 / 66430
[2023-10-24 20:47:57.870] [info] #8: Feasible / Total: 37950 / 66430
[2023-10-24 20:47:57.870] [info] Graph is not D-reducible.
[2023-10-24 20:47:58.156] [info] Started C-reducibility check
[2023-10-24 20:48:04.396] [info] Trying 322999 possible contractions
[2023-10-24 20:48:04.396] [info] [0/322999] Starting contraction of size 1
[2023-10-24 21:04:42.811] [info] [28/322999] Starting contraction of size 2
[2023-10-24 23:15:54.228] [info] [363/322999] Starting contraction of size 3
[2023-10-25 08:09:24.894] [info] [2616/322999] Starting contraction of size 4
[2023-10-25 17:19:19.736] [info] All colors passed! Contracted: 14, 17, 27, 40
[2023-10-25 17:19:19.736] [info] Graph is C-reducible!
