[2023-10-24 20:43:34.516] [info] Kempe type: Planar
[2023-10-24 20:43:34.516] [info] Vertex size: 23, Edge size: 41, Ring size: 13
[2023-10-24 20:44:42.415] [info] Started D-reducibility check
[2023-10-24 20:44:42.415] [info] #1: Feasible / Total: 4916 / 66430
[2023-10-24 20:45:52.121] [info] #2: Feasible / Total: 13662 / 66430
[2023-10-24 20:46:59.191] [info] #3: Feasible / Total: 24435 / 66430
[2023-10-24 20:47:45.410] [info] #4: Feasible / Total: 34950 / 66430
[2023-10-24 20:48:10.937] [info] #5: Feasible / Total: 41542 / 66430
[2023-10-24 20:48:21.107] [info] #6: Feasible / Total: 42409 / 66430
[2023-10-24 20:48:28.127] [info] #7: Feasible / Total: 42437 / 66430
[2023-10-24 20:48:34.724] [info] #8: Feasible / Total: 42438 / 66430
[2023-10-24 20:48:41.195] [info] #8: Feasible / Total: 42438 / 66430
[2023-10-24 20:48:41.279] [info] Graph is not D-reducible.
[2023-10-24 20:48:41.453] [info] Started C-reducibility check
[2023-10-24 20:48:46.886] [info] Trying 322999 possible contractions
[2023-10-24 20:48:46.886] [info] [0/322999] Starting contraction of size 1
[2023-10-24 21:05:03.258] [info] [28/322999] Starting contraction of size 2
[2023-10-24 23:15:52.018] [info] [363/322999] Starting contraction of size 3
[2023-10-25 08:10:33.297] [info] [2617/322999] Starting contraction of size 4
[2023-10-26 01:36:21.419] [info] [12088/322999] Starting contraction of size 5
[2023-10-27 01:24:04.542] [info] [38295/322999] Starting contraction of size 6
[2023-10-27 19:45:08.459] [info] All colors passed! Contracted: 15, 16, 19, 25, 27, 31
[2023-10-27 19:45:08.460] [info] Graph is C-reducible!
