[2023-10-24 20:43:28.842] [info] Kempe type: Planar
[2023-10-24 20:43:28.842] [info] Vertex size: 23, Edge size: 41, Ring size: 13
[2023-10-24 20:44:22.554] [info] Started D-reducibility check
[2023-10-24 20:44:22.554] [info] #1: Feasible / Total: 4973 / 66430
[2023-10-24 20:45:36.700] [info] #2: Feasible / Total: 14477 / 66430
[2023-10-24 20:46:52.578] [info] #3: Feasible / Total: 26714 / 66430
[2023-10-24 20:47:47.210] [info] #4: Feasible / Total: 43404 / 66430
[2023-10-24 20:48:05.778] [info] #5: Feasible / Total: 52324 / 66430
[2023-10-24 20:48:10.463] [info] #6: Feasible / Total: 52713 / 66430
[2023-10-24 20:48:14.354] [info] #7: Feasible / Total: 52716 / 66430
[2023-10-24 20:48:18.385] [info] #7: Feasible / Total: 52716 / 66430
[2023-10-24 20:48:18.385] [info] Graph is not D-reducible.
[2023-10-24 20:48:18.571] [info] Started C-reducibility check
[2023-10-24 20:48:24.666] [info] Trying 322999 possible contractions
[2023-10-24 20:48:24.667] [info] [0/322999] Starting contraction of size 1
[2023-10-24 21:04:26.049] [info] [28/322999] Starting contraction of size 2
[2023-10-24 23:12:14.665] [info] [363/322999] Starting contraction of size 3
[2023-10-25 08:03:17.530] [info] [2617/322999] Starting contraction of size 4
[2023-10-25 16:29:01.603] [info] All colors passed! Contracted: 15, 16, 18, 25
[2023-10-25 16:29:01.619] [info] Graph is C-reducible!
