[2023-10-24 20:43:56.461] [info] Kempe type: Planar
[2023-10-24 20:43:56.461] [info] Vertex size: 23, Edge size: 41, Ring size: 13
[2023-10-24 20:44:54.687] [info] Started D-reducibility check
[2023-10-24 20:44:54.775] [info] #1: Feasible / Total: 4957 / 66430
[2023-10-24 20:46:06.134] [info] #2: Feasible / Total: 14637 / 66430
[2023-10-24 20:47:25.290] [info] #3: Feasible / Total: 30574 / 66430
[2023-10-24 20:48:17.885] [info] #4: Feasible / Total: 50313 / 66430
[2023-10-24 20:48:30.342] [info] #5: Feasible / Total: 54452 / 66430
[2023-10-24 20:48:34.437] [info] #6: Feasible / Total: 54468 / 66430
[2023-10-24 20:48:38.317] [info] #6: Feasible / Total: 54468 / 66430
[2023-10-24 20:48:38.317] [info] Graph is not D-reducible.
[2023-10-24 20:48:38.526] [info] Started C-reducibility check
[2023-10-24 20:48:45.547] [info] Trying 322999 possible contractions
[2023-10-24 20:48:45.547] [info] [0/322999] Starting contraction of size 1
[2023-10-24 21:06:38.889] [info] [28/322999] Starting contraction of size 2
[2023-10-24 23:29:08.392] [info] [363/322999] Starting contraction of size 3
[2023-10-25 08:09:59.917] [info] [2616/322999] Starting contraction of size 4
[2023-10-26 01:15:14.948] [info] [12072/322999] Starting contraction of size 5
[2023-10-27 00:16:18.523] [info] [38198/322999] Starting contraction of size 6
[2023-10-27 20:17:06.594] [info] All colors passed! Contracted: 13, 15, 16, 17, 19, 31
[2023-10-27 20:17:06.594] [info] Graph is C-reducible!
