[2023-10-24 20:43:43.706] [info] Kempe type: Planar
[2023-10-24 20:43:43.706] [info] Vertex size: 23, Edge size: 41, Ring size: 13
[2023-10-24 20:44:49.785] [info] Started D-reducibility check
[2023-10-24 20:44:49.785] [info] #1: Feasible / Total: 4784 / 66430
[2023-10-24 20:45:57.253] [info] #2: Feasible / Total: 13225 / 66430
[2023-10-24 20:47:03.156] [info] #3: Feasible / Total: 23130 / 66430
[2023-10-24 20:47:53.404] [info] #4: Feasible / Total: 34358 / 66430
[2023-10-24 20:48:28.349] [info] #5: Feasible / Total: 45810 / 66430
[2023-10-24 20:48:39.055] [info] #6: Feasible / Total: 47513 / 66430
[2023-10-24 20:48:44.513] [info] #7: Feasible / Total: 47517 / 66430
[2023-10-24 20:48:49.791] [info] #7: Feasible / Total: 47517 / 66430
[2023-10-24 20:48:49.791] [info] Graph is not D-reducible.
[2023-10-24 20:48:50.061] [info] Started C-reducibility check
[2023-10-24 20:48:55.775] [info] Trying 322999 possible contractions
[2023-10-24 20:48:55.776] [info] [0/322999] Starting contraction of size 1
[2023-10-24 21:05:01.445] [info] [28/322999] Starting contraction of size 2
[2023-10-24 23:18:43.222] [info] [363/322999] Starting contraction of size 3
[2023-10-25 08:05:47.697] [info] [2616/322999] Starting contraction of size 4
[2023-10-25 09:19:41.161] [info] All colors passed! Contracted: 13, 14, 27, 28
[2023-10-25 09:19:41.161] [info] Graph is C-reducible!
