[2023-10-24 20:43:45.693] [info] Kempe type: Planar
[2023-10-24 20:43:45.694] [info] Vertex size: 23, Edge size: 41, Ring size: 13
[2023-10-24 20:44:51.008] [info] Started D-reducibility check
[2023-10-24 20:44:51.008] [info] #1: Feasible / Total: 4930 / 66430
[2023-10-24 20:46:04.851] [info] #2: Feasible / Total: 15560 / 66430
[2023-10-24 20:47:15.831] [info] #3: Feasible / Total: 29495 / 66430
[2023-10-24 20:48:04.014] [info] #4: Feasible / Total: 45883 / 66430
[2023-10-24 20:48:17.034] [info] #5: Feasible / Total: 49441 / 66430
[2023-10-24 20:48:22.154] [info] #6: Feasible / Total: 49442 / 66430
[2023-10-24 20:48:26.967] [info] #6: Feasible / Total: 49442 / 66430
[2023-10-24 20:48:26.967] [info] Graph is not D-reducible.
[2023-10-24 20:48:27.149] [info] Started C-reducibility check
[2023-10-24 20:48:32.787] [info] Trying 322999 possible contractions
[2023-10-24 20:48:32.787] [info] [0/322999] Starting contraction of size 1
[2023-10-24 21:04:43.041] [info] [28/322999] Starting contraction of size 2
[2023-10-24 23:14:06.928] [info] [363/322999] Starting contraction of size 3
[2023-10-25 08:47:20.881] [info] [2616/322999] Starting contraction of size 4
[2023-10-26 02:42:30.171] [info] [12071/322999] Starting contraction of size 5
[2023-10-27 01:44:49.747] [info] [38181/322999] Starting contraction of size 6
[2023-10-28 00:48:30.094] [info] [87321/322999] Starting contraction of size 7
[2023-10-28 03:01:11.522] [info] All colors passed! Contracted: 13, 14, 15, 16, 17, 29, 30
[2023-10-28 03:01:11.522] [info] Graph is C-reducible!
