[2023-10-24 20:43:30.538] [info] Kempe type: Planar
[2023-10-24 20:43:30.538] [info] Vertex size: 23, Edge size: 41, Ring size: 13
[2023-10-24 20:44:18.523] [info] Started D-reducibility check
[2023-10-24 20:44:18.523] [info] #1: Feasible / Total: 4958 / 66430
[2023-10-24 20:45:12.457] [info] #2: Feasible / Total: 14158 / 66430
[2023-10-24 20:46:27.599] [info] #3: Feasible / Total: 26058 / 66430
[2023-10-24 20:47:26.553] [info] #4: Feasible / Total: 40207 / 66430
[2023-10-24 20:47:52.774] [info] #5: Feasible / Total: 48743 / 66430
[2023-10-24 20:48:01.280] [info] #6: Feasible / Total: 49423 / 66430
[2023-10-24 20:48:07.097] [info] #7: Feasible / Total: 49424 / 66430
[2023-10-24 20:48:12.819] [info] #7: Feasible / Total: 49424 / 66430
[2023-10-24 20:48:12.819] [info] Graph is not D-reducible.
[2023-10-24 20:48:13.031] [info] Started C-reducibility check
[2023-10-24 20:48:20.061] [info] Trying 322999 possible contractions
[2023-10-24 20:48:20.062] [info] [0/322999] Starting contraction of size 1
[2023-10-24 21:05:54.102] [info] [28/322999] Starting contraction of size 2
[2023-10-24 23:36:11.465] [info] [363/322999] Starting contraction of size 3
[2023-10-25 09:14:13.105] [info] [2616/322999] Starting contraction of size 4
[2023-10-26 02:56:51.499] [info] [12072/322999] Starting contraction of size 5
[2023-10-27 01:20:37.286] [info] [38198/322999] Starting contraction of size 6
[2023-10-27 12:16:54.424] [info] All colors passed! Contracted: 13, 15, 17, 19, 24, 36
[2023-10-27 12:16:54.424] [info] Graph is C-reducible!
