[2023-10-24 20:43:36.529] [info] Kempe type: Planar
[2023-10-24 20:43:36.529] [info] Vertex size: 23, Edge size: 41, Ring size: 13
[2023-10-24 20:44:33.729] [info] Started D-reducibility check
[2023-10-24 20:44:33.729] [info] #1: Feasible / Total: 4964 / 66430
[2023-10-24 20:45:45.488] [info] #2: Feasible / Total: 13303 / 66430
[2023-10-24 20:46:54.333] [info] #3: Feasible / Total: 24075 / 66430
[2023-10-24 20:47:52.574] [info] #4: Feasible / Total: 38352 / 66430
[2023-10-24 20:48:21.911] [info] #5: Feasible / Total: 48049 / 66430
[2023-10-24 20:48:30.719] [info] #6: Feasible / Total: 48612 / 66430
[2023-10-24 20:48:36.875] [info] #7: Feasible / Total: 48614 / 66430
[2023-10-24 20:48:42.853] [info] #7: Feasible / Total: 48614 / 66430
[2023-10-24 20:48:42.853] [info] Graph is not D-reducible.
[2023-10-24 20:48:43.177] [info] Started C-reducibility check
[2023-10-24 20:48:50.049] [info] Trying 322999 possible contractions
[2023-10-24 20:48:50.049] [info] [0/322999] Starting contraction of size 1
[2023-10-24 21:07:16.037] [info] [28/322999] Starting contraction of size 2
[2023-10-24 23:31:15.868] [info] [363/322999] Starting contraction of size 3
[2023-10-25 09:08:37.256] [info] [2617/322999] Starting contraction of size 4
[2023-10-26 02:55:45.926] [info] [12088/322999] Starting contraction of size 5
[2023-10-26 07:12:19.627] [info] All colors passed! Contracted: 14, 20, 25, 27, 33
[2023-10-26 07:12:19.627] [info] Graph is C-reducible!
