[2023-10-24 20:43:32.473] [info] Kempe type: Planar
[2023-10-24 20:43:32.473] [info] Vertex size: 23, Edge size: 41, Ring size: 13
[2023-10-24 20:44:19.614] [info] Started D-reducibility check
[2023-10-24 20:44:19.614] [info] #1: Feasible / Total: 4935 / 66430
[2023-10-24 20:45:29.100] [info] #2: Feasible / Total: 14447 / 66430
[2023-10-24 20:46:28.615] [info] #3: Feasible / Total: 24786 / 66430
[2023-10-24 20:47:16.800] [info] #4: Feasible / Total: 35852 / 66430
[2023-10-24 20:47:46.232] [info] #5: Feasible / Total: 43676 / 66430
[2023-10-24 20:47:57.790] [info] #6: Feasible / Total: 44933 / 66430
[2023-10-24 20:48:05.233] [info] #7: Feasible / Total: 44960 / 66430
[2023-10-24 20:48:12.365] [info] #8: Feasible / Total: 44962 / 66430
[2023-10-24 20:48:19.362] [info] #8: Feasible / Total: 44962 / 66430
[2023-10-24 20:48:19.362] [info] Graph is not D-reducible.
[2023-10-24 20:48:19.693] [info] Started C-reducibility check
[2023-10-24 20:48:26.728] [info] Trying 322999 possible contractions
[2023-10-24 20:48:26.728] [info] [0/322999] Starting contraction of size 1
[2023-10-24 21:06:28.439] [info] [28/322999] Starting contraction of size 2
[2023-10-24 23:29:20.031] [info] [363/322999] Starting contraction of size 3
[2023-10-25 09:03:33.892] [info] [2617/322999] Starting contraction of size 4
[2023-10-25 15:15:12.661] [info] All colors passed! Contracted: 14, 20, 22, 32
[2023-10-25 15:15:12.675] [info] Graph is C-reducible!
