[2023-10-24 20:43:36.726] [info] Kempe type: Planar
[2023-10-24 20:43:36.726] [info] Vertex size: 23, Edge size: 41, Ring size: 13
[2023-10-24 20:44:35.129] [info] Started D-reducibility check
[2023-10-24 20:44:35.129] [info] #1: Feasible / Total: 4980 / 66430
[2023-10-24 20:45:47.282] [info] #2: Feasible / Total: 14674 / 66430
[2023-10-24 20:46:54.118] [info] #3: Feasible / Total: 28233 / 66430
[2023-10-24 20:47:38.166] [info] #4: Feasible / Total: 45624 / 66430
[2023-10-24 20:47:52.109] [info] #5: Feasible / Total: 51661 / 66430
[2023-10-24 20:47:56.503] [info] #6: Feasible / Total: 51824 / 66430
[2023-10-24 20:48:00.460] [info] #6: Feasible / Total: 51824 / 66430
[2023-10-24 20:48:00.460] [info] Graph is not D-reducible.
[2023-10-24 20:48:00.638] [info] Started C-reducibility check
[2023-10-24 20:48:06.274] [info] Trying 322999 possible contractions
[2023-10-24 20:48:06.274] [info] [0/322999] Starting contraction of size 1
[2023-10-24 21:04:37.796] [info] [28/322999] Starting contraction of size 2
[2023-10-24 23:15:44.752] [info] [363/322999] Starting contraction of size 3
[2023-10-25 08:41:22.725] [info] [2617/322999] Starting contraction of size 4
[2023-10-26 02:45:16.145] [info] [12089/322999] Starting contraction of size 5
[2023-10-26 12:14:57.198] [info] All colors passed! Contracted: 15, 19, 24, 37, 40
[2023-10-26 12:14:57.199] [info] Graph is C-reducible!
