[2023-10-24 20:43:30.830] [info] Kempe type: Planar
[2023-10-24 20:43:30.830] [info] Vertex size: 23, Edge size: 41, Ring size: 13
[2023-10-24 20:44:26.467] [info] Started D-reducibility check
[2023-10-24 20:44:26.467] [info] #1: Feasible / Total: 4968 / 66430
[2023-10-24 20:45:39.331] [info] #2: Feasible / Total: 16143 / 66430
[2023-10-24 20:46:51.359] [info] #3: Feasible / Total: 30365 / 66430
[2023-10-24 20:47:39.677] [info] #4: Feasible / Total: 46874 / 66430
[2023-10-24 20:47:56.050] [info] #5: Feasible / Total: 51479 / 66430
[2023-10-24 20:48:01.750] [info] #6: Feasible / Total: 51556 / 66430
[2023-10-24 20:48:07.067] [info] #6: Feasible / Total: 51556 / 66430
[2023-10-24 20:48:07.067] [info] Graph is not D-reducible.
[2023-10-24 20:48:07.294] [info] Started C-reducibility check
[2023-10-24 20:48:14.646] [info] Trying 322999 possible contractions
[2023-10-24 20:48:14.646] [info] [0/322999] Starting contraction of size 1
[2023-10-24 21:06:15.046] [info] [28/322999] Starting contraction of size 2
[2023-10-24 23:38:19.526] [info] [363/322999] Starting contraction of size 3
[2023-10-25 09:12:49.443] [info] [2617/322999] Starting contraction of size 4
[2023-10-26 02:54:05.636] [info] [12089/322999] Starting contraction of size 5
[2023-10-26 17:38:03.865] [info] All colors passed! Contracted: 15, 16, 17, 19, 40
[2023-10-26 17:38:03.865] [info] Graph is C-reducible!
