[2023-10-24 20:43:24.647] [info] Kempe type: Planar
[2023-10-24 20:43:24.647] [info] Vertex size: 23, Edge size: 41, Ring size: 13
[2023-10-24 20:44:23.517] [info] Started D-reducibility check
[2023-10-24 20:44:23.517] [info] #1: Feasible / Total: 4931 / 66430
[2023-10-24 20:45:40.380] [info] #2: Feasible / Total: 15524 / 66430
[2023-10-24 20:46:48.925] [info] #3: Feasible / Total: 27205 / 66430
[2023-10-24 20:47:41.724] [info] #4: Feasible / Total: 39261 / 66430
[2023-10-24 20:48:10.453] [info] #5: Feasible / Total: 49321 / 66430
[2023-10-24 20:48:19.528] [info] #6: Feasible / Total: 50605 / 66430
[2023-10-24 20:48:25.064] [info] #7: Feasible / Total: 50607 / 66430
[2023-10-24 20:48:30.539] [info] #7: Feasible / Total: 50607 / 66430
[2023-10-24 20:48:30.539] [info] Graph is not D-reducible.
[2023-10-24 20:48:30.765] [info] Started C-reducibility check
[2023-10-24 20:48:37.915] [info] Trying 322999 possible contractions
[2023-10-24 20:48:38.015] [info] [0/322999] Starting contraction of size 1
[2023-10-24 21:07:09.977] [info] [28/322999] Starting contraction of size 2
[2023-10-24 23:30:16.700] [info] [363/322999] Starting contraction of size 3
[2023-10-25 08:09:14.266] [info] [2617/322999] Starting contraction of size 4
[2023-10-26 01:20:09.601] [info] [12089/322999] Starting contraction of size 5
[2023-10-26 13:29:44.109] [info] All colors passed! Contracted: 13, 15, 19, 24, 29
[2023-10-26 13:29:44.115] [info] Graph is C-reducible!
