[2023-10-24 20:44:11.594] [info] Kempe type: Planar
[2023-10-24 20:44:11.594] [info] Vertex size: 23, Edge size: 41, Ring size: 13
[2023-10-24 20:45:03.157] [info] Started D-reducibility check
[2023-10-24 20:45:03.157] [info] #1: Feasible / Total: 4726 / 66430
[2023-10-24 20:45:51.738] [info] #2: Feasible / Total: 12523 / 66430
[2023-10-24 20:46:53.025] [info] #3: Feasible / Total: 20666 / 66430
[2023-10-24 20:47:40.205] [info] #4: Feasible / Total: 28563 / 66430
[2023-10-24 20:48:13.142] [info] #5: Feasible / Total: 34121 / 66430
[2023-10-24 20:48:35.529] [info] #6: Feasible / Total: 37719 / 66430
[2023-10-24 20:48:46.494] [info] #7: Feasible / Total: 37985 / 66430
[2023-10-24 20:48:55.986] [info] #8: Feasible / Total: 37986 / 66430
[2023-10-24 20:49:05.665] [info] #8: Feasible / Total: 37986 / 66430
[2023-10-24 20:49:05.665] [info] Graph is not D-reducible.
[2023-10-24 20:49:05.977] [info] Started C-reducibility check
[2023-10-24 20:49:12.759] [info] Trying 322999 possible contractions
[2023-10-24 20:49:12.759] [info] [0/322999] Starting contraction of size 1
[2023-10-24 21:07:07.110] [info] [28/322999] Starting contraction of size 2
[2023-10-24 23:38:17.021] [info] [363/322999] Starting contraction of size 3
[2023-10-24 23:40:32.798] [info] All colors passed! Contracted: 13, 33, 35
[2023-10-24 23:40:32.798] [info] Graph is C-reducible!
