[2023-10-24 20:44:10.598] [info] Kempe type: Planar
[2023-10-24 20:44:10.598] [info] Vertex size: 23, Edge size: 41, Ring size: 13
[2023-10-24 20:45:12.096] [info] Started D-reducibility check
[2023-10-24 20:45:12.097] [info] #1: Feasible / Total: 4719 / 66430
[2023-10-24 20:46:15.319] [info] #2: Feasible / Total: 13228 / 66430
[2023-10-24 20:47:18.257] [info] #3: Feasible / Total: 22663 / 66430
[2023-10-24 20:48:09.944] [info] #4: Feasible / Total: 31589 / 66430
[2023-10-24 20:48:48.441] [info] #5: Feasible / Total: 39747 / 66430
[2023-10-24 20:49:10.981] [info] #6: Feasible / Total: 48057 / 66430
[2023-10-24 20:49:18.179] [info] #7: Feasible / Total: 48537 / 66430
[2023-10-24 20:49:23.683] [info] #8: Feasible / Total: 48538 / 66430
[2023-10-24 20:49:29.385] [info] #8: Feasible / Total: 48538 / 66430
[2023-10-24 20:49:29.385] [info] Graph is not D-reducible.
[2023-10-24 20:49:29.614] [info] Started C-reducibility check
[2023-10-24 20:49:35.958] [info] Trying 322999 possible contractions
[2023-10-24 20:49:35.958] [info] [0/322999] Starting contraction of size 1
[2023-10-24 21:06:52.969] [info] [28/322999] Starting contraction of size 2
[2023-10-24 23:32:58.023] [info] [363/322999] Starting contraction of size 3
[2023-10-25 00:11:37.620] [info] All colors passed! Contracted: 15, 19, 40
[2023-10-25 00:11:37.620] [info] Graph is C-reducible!
