[2023-10-24 20:43:56.803] [info] Kempe type: Planar
[2023-10-24 20:43:56.803] [info] Vertex size: 23, Edge size: 41, Ring size: 13
[2023-10-24 20:44:55.803] [info] Started D-reducibility check
[2023-10-24 20:44:55.804] [info] #1: Feasible / Total: 4977 / 66430
[2023-10-24 20:46:07.342] [info] #2: Feasible / Total: 13849 / 66430
[2023-10-24 20:47:21.382] [info] #3: Feasible / Total: 26015 / 66430
[2023-10-24 20:48:22.302] [info] #4: Feasible / Total: 43336 / 66430
[2023-10-24 20:48:45.091] [info] #5: Feasible / Total: 51138 / 66430
[2023-10-24 20:48:51.242] [info] #6: Feasible / Total: 51254 / 66430
[2023-10-24 20:48:56.515] [info] #6: Feasible / Total: 51254 / 66430
[2023-10-24 20:48:56.515] [info] Graph is not D-reducible.
[2023-10-24 20:48:56.734] [info] Started C-reducibility check
[2023-10-24 20:49:03.199] [info] Trying 322999 possible contractions
[2023-10-24 20:49:03.199] [info] [0/322999] Starting contraction of size 1
[2023-10-24 21:07:09.564] [info] [28/322999] Starting contraction of size 2
[2023-10-24 23:34:42.798] [info] [363/322999] Starting contraction of size 3
[2023-10-25 09:09:20.815] [info] [2617/322999] Starting contraction of size 4
[2023-10-26 01:52:38.478] [info] [12088/322999] Starting contraction of size 5
[2023-10-26 10:11:10.124] [info] All colors passed! Contracted: 13, 16, 17, 21, 33
[2023-10-26 10:11:10.124] [info] Graph is C-reducible!
