[2023-10-24 20:43:57.306] [info] Kempe type: Planar
[2023-10-24 20:43:57.306] [info] Vertex size: 23, Edge size: 41, Ring size: 13
[2023-10-24 20:44:59.700] [info] Started D-reducibility check
[2023-10-24 20:44:59.700] [info] #1: Feasible / Total: 4971 / 66430
[2023-10-24 20:46:04.968] [info] #2: Feasible / Total: 13642 / 66430
[2023-10-24 20:47:14.844] [info] #3: Feasible / Total: 25015 / 66430
[2023-10-24 20:48:09.566] [info] #4: Feasible / Total: 38148 / 66430
[2023-10-24 20:48:37.886] [info] #5: Feasible / Total: 45935 / 66430
[2023-10-24 20:48:46.722] [info] #6: Feasible / Total: 46434 / 66430
[2023-10-24 20:48:53.623] [info] #7: Feasible / Total: 46436 / 66430
[2023-10-24 20:49:00.234] [info] #7: Feasible / Total: 46436 / 66430
[2023-10-24 20:49:00.234] [info] Graph is not D-reducible.
[2023-10-24 20:49:00.557] [info] Started C-reducibility check
[2023-10-24 20:49:07.334] [info] Trying 322999 possible contractions
[2023-10-24 20:49:07.334] [info] [0/322999] Starting contraction of size 1
[2023-10-24 21:06:57.057] [info] [28/322999] Starting contraction of size 2
[2023-10-24 23:33:02.749] [info] [363/322999] Starting contraction of size 3
[2023-10-25 09:12:20.494] [info] [2617/322999] Starting contraction of size 4
[2023-10-26 02:53:48.109] [info] [12088/322999] Starting contraction of size 5
[2023-10-26 06:17:15.836] [info] All colors passed! Contracted: 15, 17, 23, 27, 40
[2023-10-26 06:17:15.836] [info] Graph is C-reducible!
