[2023-10-24 20:43:33.397] [info] Kempe type: Planar
[2023-10-24 20:43:33.397] [info] Vertex size: 23, Edge size: 41, Ring size: 13
[2023-10-24 20:44:40.338] [info] Started D-reducibility check
[2023-10-24 20:44:40.338] [info] #1: Feasible / Total: 4814 / 66430
[2023-10-24 20:45:45.554] [info] #2: Feasible / Total: 12716 / 66430
[2023-10-24 20:46:47.985] [info] #3: Feasible / Total: 21509 / 66430
[2023-10-24 20:47:38.613] [info] #4: Feasible / Total: 31505 / 66430
[2023-10-24 20:48:07.898] [info] #5: Feasible / Total: 39424 / 66430
[2023-10-24 20:48:22.768] [info] #6: Feasible / Total: 43281 / 66430
[2023-10-24 20:48:29.646] [info] #7: Feasible / Total: 43671 / 66430
[2023-10-24 20:48:35.901] [info] #8: Feasible / Total: 43694 / 66430
[2023-10-24 20:48:42.066] [info] #9: Feasible / Total: 43695 / 66430
[2023-10-24 20:48:48.308] [info] #9: Feasible / Total: 43695 / 66430
[2023-10-24 20:48:48.309] [info] Graph is not D-reducible.
[2023-10-24 20:48:48.487] [info] Started C-reducibility check
[2023-10-24 20:48:54.210] [info] Trying 322999 possible contractions
[2023-10-24 20:48:54.210] [info] [0/322999] Starting contraction of size 1
[2023-10-24 21:04:49.536] [info] [28/322999] Starting contraction of size 2
[2023-10-24 23:10:01.495] [info] [363/322999] Starting contraction of size 3
[2023-10-25 08:46:09.960] [info] [2617/322999] Starting contraction of size 4
[2023-10-26 02:43:08.924] [info] [12088/322999] Starting contraction of size 5
[2023-10-26 07:46:15.171] [info] All colors passed! Contracted: 13, 15, 17, 19, 24
[2023-10-26 07:46:15.171] [info] Graph is C-reducible!
