[2023-10-24 20:43:57.466] [info] Kempe type: Planar
[2023-10-24 20:43:57.466] [info] Vertex size: 23, Edge size: 41, Ring size: 13
[2023-10-24 20:44:56.291] [info] Started D-reducibility check
[2023-10-24 20:44:56.367] [info] #1: Feasible / Total: 4960 / 66430
[2023-10-24 20:45:57.922] [info] #2: Feasible / Total: 13252 / 66430
[2023-10-24 20:47:01.910] [info] #3: Feasible / Total: 23450 / 66430
[2023-10-24 20:47:54.733] [info] #4: Feasible / Total: 36622 / 66430
[2023-10-24 20:48:22.283] [info] #5: Feasible / Total: 47078 / 66430
[2023-10-24 20:48:30.112] [info] #6: Feasible / Total: 47995 / 66430
[2023-10-24 20:48:35.303] [info] #7: Feasible / Total: 47997 / 66430
[2023-10-24 20:48:40.398] [info] #7: Feasible / Total: 47997 / 66430
[2023-10-24 20:48:40.398] [info] Graph is not D-reducible.
[2023-10-24 20:48:40.626] [info] Started C-reducibility check
[2023-10-24 20:48:46.346] [info] Trying 322999 possible contractions
[2023-10-24 20:48:46.347] [info] [0/322999] Starting contraction of size 1
[2023-10-24 21:04:52.882] [info] [28/322999] Starting contraction of size 2
[2023-10-24 23:13:01.139] [info] [363/322999] Starting contraction of size 3
[2023-10-25 08:49:35.603] [info] [2616/322999] Starting contraction of size 4
[2023-10-26 02:36:57.822] [info] [12071/322999] Starting contraction of size 5
[2023-10-26 23:29:12.103] [info] All colors passed! Contracted: 13, 15, 16, 17, 19
[2023-10-26 23:29:12.103] [info] Graph is C-reducible!
