[2023-10-24 20:43:33.893] [info] Kempe type: Planar
[2023-10-24 20:43:33.893] [info] Vertex size: 23, Edge size: 41, Ring size: 13
[2023-10-24 20:44:33.217] [info] Started D-reducibility check
[2023-10-24 20:44:33.217] [info] #1: Feasible / Total: 4808 / 66430
[2023-10-24 20:45:44.770] [info] #2: Feasible / Total: 12723 / 66430
[2023-10-24 20:46:48.769] [info] #3: Feasible / Total: 21023 / 66430
[2023-10-24 20:47:40.651] [info] #4: Feasible / Total: 30740 / 66430
[2023-10-24 20:48:13.634] [info] #5: Feasible / Total: 38636 / 66430
[2023-10-24 20:48:31.654] [info] #6: Feasible / Total: 42282 / 66430
[2023-10-24 20:48:41.382] [info] #7: Feasible / Total: 42959 / 66430
[2023-10-24 20:48:49.469] [info] #8: Feasible / Total: 42976 / 66430
[2023-10-24 20:48:57.432] [info] #8: Feasible / Total: 42976 / 66430
[2023-10-24 20:48:57.432] [info] Graph is not D-reducible.
[2023-10-24 20:48:57.651] [info] Started C-reducibility check
[2023-10-24 20:49:04.078] [info] Trying 322999 possible contractions
[2023-10-24 20:49:04.078] [info] [0/322999] Starting contraction of size 1
[2023-10-24 21:07:14.411] [info] [28/322999] Starting contraction of size 2
[2023-10-24 23:37:47.656] [info] [363/322999] Starting contraction of size 3
[2023-10-25 09:21:08.571] [info] [2617/322999] Starting contraction of size 4
[2023-10-26 03:22:33.058] [info] [12088/322999] Starting contraction of size 5
[2023-10-26 07:19:11.046] [info] All colors passed! Contracted: 13, 15, 17, 19, 24
[2023-10-26 07:19:11.046] [info] Graph is C-reducible!
