[2023-10-24 20:44:01.938] [info] Kempe type: Planar
[2023-10-24 20:44:01.938] [info] Vertex size: 23, Edge size: 41, Ring size: 13
[2023-10-24 20:45:04.869] [info] Started D-reducibility check
[2023-10-24 20:45:04.869] [info] #1: Feasible / Total: 4788 / 66430
[2023-10-24 20:46:20.332] [info] #2: Feasible / Total: 14254 / 66430
[2023-10-24 20:47:28.790] [info] #3: Feasible / Total: 24555 / 66430
[2023-10-24 20:48:16.673] [info] #4: Feasible / Total: 33337 / 66430
[2023-10-24 20:48:48.878] [info] #5: Feasible / Total: 41863 / 66430
[2023-10-24 20:49:01.530] [info] #6: Feasible / Total: 43893 / 66430
[2023-10-24 20:49:09.190] [info] #7: Feasible / Total: 43926 / 66430
[2023-10-24 20:49:16.601] [info] #7: Feasible / Total: 43926 / 66430
[2023-10-24 20:49:16.601] [info] Graph is not D-reducible.
[2023-10-24 20:49:16.912] [info] Started C-reducibility check
[2023-10-24 20:49:23.576] [info] Trying 322999 possible contractions
[2023-10-24 20:49:23.576] [info] [0/322999] Starting contraction of size 1
[2023-10-24 21:07:26.729] [info] [28/322999] Starting contraction of size 2
[2023-10-24 23:30:17.761] [info] [363/322999] Starting contraction of size 3
[2023-10-25 09:05:29.517] [info] [2617/322999] Starting contraction of size 4
[2023-10-25 09:29:37.752] [info] All colors passed! Contracted: 18, 20, 29, 31
[2023-10-25 09:29:37.752] [info] Graph is C-reducible!
