[2023-10-24 20:43:31.753] [info] Kempe type: Planar
[2023-10-24 20:43:31.753] [info] Vertex size: 23, Edge size: 41, Ring size: 13
[2023-10-24 20:44:27.335] [info] Started D-reducibility check
[2023-10-24 20:44:27.335] [info] #1: Feasible / Total: 4954 / 66430
[2023-10-24 20:45:32.252] [info] #2: Feasible / Total: 13795 / 66430
[2023-10-24 20:46:36.224] [info] #3: Feasible / Total: 25061 / 66430
[2023-10-24 20:47:30.579] [info] #4: Feasible / Total: 38484 / 66430
[2023-10-24 20:47:57.142] [info] #5: Feasible / Total: 47509 / 66430
[2023-10-24 20:48:05.463] [info] #6: Feasible / Total: 48279 / 66430
[2023-10-24 20:48:11.397] [info] #7: Feasible / Total: 48280 / 66430
[2023-10-24 20:48:17.337] [info] #7: Feasible / Total: 48280 / 66430
[2023-10-24 20:48:17.337] [info] Graph is not D-reducible.
[2023-10-24 20:48:17.660] [info] Started C-reducibility check
[2023-10-24 20:48:24.787] [info] Trying 322999 possible contractions
[2023-10-24 20:48:24.787] [info] [0/322999] Starting contraction of size 1
[2023-10-24 21:06:52.265] [info] [28/322999] Starting contraction of size 2
[2023-10-24 23:30:50.381] [info] [363/322999] Starting contraction of size 3
[2023-10-25 09:10:08.138] [info] [2616/322999] Starting contraction of size 4
[2023-10-26 02:54:59.337] [info] [12072/322999] Starting contraction of size 5
[2023-10-27 01:46:36.029] [info] [38198/322999] Starting contraction of size 6
[2023-10-27 18:38:09.576] [info] All colors passed! Contracted: 13, 15, 17, 19, 24, 36
[2023-10-27 18:38:09.576] [info] Graph is C-reducible!
