[2023-10-24 20:44:10.233] [info] Kempe type: Planar
[2023-10-24 20:44:10.233] [info] Vertex size: 23, Edge size: 41, Ring size: 13
[2023-10-24 20:45:13.598] [info] Started D-reducibility check
[2023-10-24 20:45:13.598] [info] #1: Feasible / Total: 4721 / 66430
[2023-10-24 20:46:21.890] [info] #2: Feasible / Total: 13171 / 66430
[2023-10-24 20:47:30.919] [info] #3: Feasible / Total: 23609 / 66430
[2023-10-24 20:48:23.414] [info] #4: Feasible / Total: 32425 / 66430
[2023-10-24 20:49:00.769] [info] #5: Feasible / Total: 39517 / 66430
[2023-10-24 20:49:22.061] [info] #6: Feasible / Total: 44274 / 66430
[2023-10-24 20:49:30.286] [info] #7: Feasible / Total: 44422 / 66430
[2023-10-24 20:49:37.503] [info] #7: Feasible / Total: 44422 / 66430
[2023-10-24 20:49:37.503] [info] Graph is not D-reducible.
[2023-10-24 20:49:37.686] [info] Started C-reducibility check
[2023-10-24 20:49:44.184] [info] Trying 322999 possible contractions
[2023-10-24 20:49:44.184] [info] [0/322999] Starting contraction of size 1
[2023-10-24 21:07:51.510] [info] [28/322999] Starting contraction of size 2
[2023-10-24 23:32:13.418] [info] [363/322999] Starting contraction of size 3
[2023-10-25 09:08:21.265] [info] [2616/322999] Starting contraction of size 4
[2023-10-25 09:40:32.235] [info] All colors passed! Contracted: 13, 14, 22, 34
[2023-10-25 09:40:32.235] [info] Graph is C-reducible!
