[2023-10-24 20:43:32.641] [info] Kempe type: Planar
[2023-10-24 20:43:32.641] [info] Vertex size: 23, Edge size: 41, Ring size: 13
[2023-10-24 20:44:27.228] [info] Started D-reducibility check
[2023-10-24 20:44:27.229] [info] #1: Feasible / Total: 4924 / 66430
[2023-10-24 20:45:36.627] [info] #2: Feasible / Total: 15634 / 66430
[2023-10-24 20:46:39.108] [info] #3: Feasible / Total: 27831 / 66430
[2023-10-24 20:47:26.852] [info] #4: Feasible / Total: 39582 / 66430
[2023-10-24 20:47:50.603] [info] #5: Feasible / Total: 46058 / 66430
[2023-10-24 20:47:59.135] [info] #6: Feasible / Total: 46640 / 66430
[2023-10-24 20:48:05.722] [info] #7: Feasible / Total: 46646 / 66430
[2023-10-24 20:48:12.197] [info] #7: Feasible / Total: 46646 / 66430
[2023-10-24 20:48:12.197] [info] Graph is not D-reducible.
[2023-10-24 20:48:12.519] [info] Started C-reducibility check
[2023-10-24 20:48:19.266] [info] Trying 322999 possible contractions
[2023-10-24 20:48:19.266] [info] [0/322999] Starting contraction of size 1
[2023-10-24 21:07:07.240] [info] [28/322999] Starting contraction of size 2
[2023-10-24 23:34:17.632] [info] [363/322999] Starting contraction of size 3
[2023-10-25 09:15:31.375] [info] [2617/322999] Starting contraction of size 4
[2023-10-25 16:34:59.283] [info] All colors passed! Contracted: 14, 20, 22, 32
[2023-10-25 16:34:59.283] [info] Graph is C-reducible!
