[2023-10-24 20:44:21.662] [info] Kempe type: Planar
[2023-10-24 20:44:21.662] [info] Vertex size: 23, Edge size: 41, Ring size: 13
[2023-10-24 20:45:23.728] [info] Started D-reducibility check
[2023-10-24 20:45:23.728] [info] #1: Feasible / Total: 4799 / 66430
[2023-10-24 20:46:35.594] [info] #2: Feasible / Total: 15969 / 66430
[2023-10-24 20:47:43.864] [info] #3: Feasible / Total: 27794 / 66430
[2023-10-24 20:48:31.442] [info] #4: Feasible / Total: 39013 / 66430
[2023-10-24 20:48:55.333] [info] #5: Feasible / Total: 45527 / 66430
[2023-10-24 20:49:03.758] [info] #6: Feasible / Total: 45852 / 66430
[2023-10-24 20:49:10.887] [info] #7: Feasible / Total: 45854 / 66430
[2023-10-24 20:49:17.727] [info] #7: Feasible / Total: 45854 / 66430
[2023-10-24 20:49:17.727] [info] Graph is not D-reducible.
[2023-10-24 20:49:17.918] [info] Started C-reducibility check
[2023-10-24 20:49:24.426] [info] Trying 322999 possible contractions
[2023-10-24 20:49:24.427] [info] [0/322999] Starting contraction of size 1
[2023-10-24 21:07:39.816] [info] [28/322999] Starting contraction of size 2
[2023-10-24 23:36:51.338] [info] [363/322999] Starting contraction of size 3
[2023-10-25 09:20:33.246] [info] [2617/322999] Starting contraction of size 4
[2023-10-25 13:33:54.055] [info] All colors passed! Contracted: 18, 21, 28, 30
[2023-10-25 13:33:54.075] [info] Graph is C-reducible!
