[2023-10-24 20:44:36.505] [info] Kempe type: Planar
[2023-10-24 20:44:36.505] [info] Vertex size: 23, Edge size: 41, Ring size: 13
[2023-10-24 20:45:38.425] [info] Started D-reducibility check
[2023-10-24 20:45:38.425] [info] #1: Feasible / Total: 4990 / 66430
[2023-10-24 20:46:46.911] [info] #2: Feasible / Total: 12547 / 66430
[2023-10-24 20:47:43.301] [info] #3: Feasible / Total: 21609 / 66430
[2023-10-24 20:48:27.698] [info] #4: Feasible / Total: 34192 / 66430
[2023-10-24 20:48:56.685] [info] #5: Feasible / Total: 47973 / 66430
[2023-10-24 20:49:06.014] [info] #6: Feasible / Total: 51922 / 66430
[2023-10-24 20:49:09.558] [info] #7: Feasible / Total: 51948 / 66430
[2023-10-24 20:49:12.955] [info] #7: Feasible / Total: 51948 / 66430
[2023-10-24 20:49:12.956] [info] Graph is not D-reducible.
[2023-10-24 20:49:13.117] [info] Started C-reducibility check
[2023-10-24 20:49:17.893] [info] Trying 322999 possible contractions
[2023-10-24 20:49:17.893] [info] [0/322999] Starting contraction of size 1
[2023-10-24 21:04:44.138] [info] [28/322999] Starting contraction of size 2
[2023-10-24 23:12:54.683] [info] [363/322999] Starting contraction of size 3
[2023-10-25 07:58:41.118] [info] [2617/322999] Starting contraction of size 4
[2023-10-25 10:21:39.738] [info] All colors passed! Contracted: 16, 19, 35, 40
[2023-10-25 10:21:39.738] [info] Graph is C-reducible!
