[2023-10-24 20:44:23.797] [info] Kempe type: Planar
[2023-10-24 20:44:23.797] [info] Vertex size: 23, Edge size: 41, Ring size: 13
[2023-10-24 20:45:28.751] [info] Started D-reducibility check
[2023-10-24 20:45:28.751] [info] #1: Feasible / Total: 4751 / 66430
[2023-10-24 20:46:28.695] [info] #2: Feasible / Total: 12256 / 66430
[2023-10-24 20:47:25.909] [info] #3: Feasible / Total: 19121 / 66430
[2023-10-24 20:48:12.966] [info] #4: Feasible / Total: 26698 / 66430
[2023-10-24 20:48:44.223] [info] #5: Feasible / Total: 33489 / 66430
[2023-10-24 20:49:03.480] [info] #6: Feasible / Total: 37937 / 66430
[2023-10-24 20:49:13.822] [info] #7: Feasible / Total: 39051 / 66430
[2023-10-24 20:49:21.845] [info] #8: Feasible / Total: 39073 / 66430
[2023-10-24 20:49:29.687] [info] #8: Feasible / Total: 39073 / 66430
[2023-10-24 20:49:29.688] [info] Graph is not D-reducible.
[2023-10-24 20:49:29.866] [info] Started C-reducibility check
[2023-10-24 20:49:35.669] [info] Trying 322999 possible contractions
[2023-10-24 20:49:35.670] [info] [0/322999] Starting contraction of size 1
[2023-10-24 21:05:06.650] [info] [28/322999] Starting contraction of size 2
[2023-10-24 23:13:33.122] [info] [363/322999] Starting contraction of size 3
[2023-10-25 08:08:32.439] [info] [2617/322999] Starting contraction of size 4
[2023-10-25 16:20:02.448] [info] All colors passed! Contracted: 15, 16, 17, 30
[2023-10-25 16:20:02.449] [info] Graph is C-reducible!
