[2023-10-24 20:44:38.110] [info] Kempe type: Planar
[2023-10-24 20:44:38.110] [info] Vertex size: 23, Edge size: 41, Ring size: 13
[2023-10-24 20:45:41.124] [info] Started D-reducibility check
[2023-10-24 20:45:41.124] [info] #1: Feasible / Total: 4795 / 66430
[2023-10-24 20:46:50.735] [info] #2: Feasible / Total: 12573 / 66430
[2023-10-24 20:47:52.906] [info] #3: Feasible / Total: 21214 / 66430
[2023-10-24 20:48:36.745] [info] #4: Feasible / Total: 27853 / 66430
[2023-10-24 20:49:08.625] [info] #5: Feasible / Total: 32289 / 66430
[2023-10-24 20:49:31.278] [info] #6: Feasible / Total: 34844 / 66430
[2023-10-24 20:49:46.040] [info] #7: Feasible / Total: 35502 / 66430
[2023-10-24 20:49:56.940] [info] #8: Feasible / Total: 35590 / 66430
[2023-10-24 20:50:06.968] [info] #9: Feasible / Total: 35592 / 66430
[2023-10-24 20:50:16.944] [info] #9: Feasible / Total: 35592 / 66430
[2023-10-24 20:50:16.944] [info] Graph is not D-reducible.
[2023-10-24 20:50:17.159] [info] Started C-reducibility check
[2023-10-24 20:50:23.573] [info] Trying 322999 possible contractions
[2023-10-24 20:50:23.573] [info] [0/322999] Starting contraction of size 1
[2023-10-24 21:07:40.986] [info] [28/322999] Starting contraction of size 2
[2023-10-24 23:33:28.699] [info] [363/322999] Starting contraction of size 3
[2023-10-25 09:06:49.097] [info] [2617/322999] Starting contraction of size 4
[2023-10-26 02:49:27.442] [info] [12088/322999] Starting contraction of size 5
[2023-10-27 01:52:48.128] [info] [38294/322999] Starting contraction of size 6
[2023-10-28 01:08:32.158] [info] [87698/322999] Starting contraction of size 7
[2023-10-28 19:18:33.269] [info] [153235/322999] Starting contraction of size 8
[2023-10-29 08:23:42.336] [info] [217090/322999] Starting contraction of size 9
[2023-10-29 15:32:31.759] [info] [265355/322999] Starting contraction of size 10
[2023-10-29 18:40:46.446] [info] [295176/322999] Starting contraction of size 11
[2023-10-29 19:51:58.902] [info] [310989/322999] Starting contraction of size 12
[2023-10-29 20:16:21.533] [info] [318450/322999] Starting contraction of size 13
[2023-10-29 20:23:31.447] [info] [321492/322999] Starting contraction of size 14
[2023-10-29 20:25:21.999] [info] [322556/322999] Starting contraction of size 15
[2023-10-29 20:25:46.892] [info] [322883/322999] Starting contraction of size 16
[2023-10-29 20:25:52.186] [info] [322973/322999] Starting contraction of size 17
[2023-10-29 20:25:53.256] [info] [322995/322999] Starting contraction of size 18
[2023-10-29 20:25:53.388] [info] Graph is not C-reducible.
