[2023-10-24 20:44:26.154] [info] Kempe type: Planar
[2023-10-24 20:44:26.154] [info] Vertex size: 23, Edge size: 41, Ring size: 13
[2023-10-24 20:45:39.968] [info] Started D-reducibility check
[2023-10-24 20:45:39.968] [info] #1: Feasible / Total: 4868 / 66430
[2023-10-24 20:46:48.218] [info] #2: Feasible / Total: 13340 / 66430
[2023-10-24 20:47:48.896] [info] #3: Feasible / Total: 21878 / 66430
[2023-10-24 20:48:22.407] [info] #4: Feasible / Total: 28060 / 66430
[2023-10-24 20:48:46.622] [info] #5: Feasible / Total: 32783 / 66430
[2023-10-24 20:49:11.729] [info] #6: Feasible / Total: 41511 / 66430
[2023-10-24 20:49:22.087] [info] #7: Feasible / Total: 44367 / 66430
[2023-10-24 20:49:27.768] [info] #8: Feasible / Total: 44370 / 66430
[2023-10-24 20:49:33.224] [info] #8: Feasible / Total: 44370 / 66430
[2023-10-24 20:49:33.224] [info] Graph is not D-reducible.
[2023-10-24 20:49:33.398] [info] Started C-reducibility check
[2023-10-24 20:49:38.208] [info] Trying 322999 possible contractions
[2023-10-24 20:49:38.208] [info] [0/322999] Starting contraction of size 1
[2023-10-24 21:05:41.351] [info] [28/322999] Starting contraction of size 2
[2023-10-24 23:41:07.642] [info] [363/322999] Starting contraction of size 3
[2023-10-25 09:27:42.502] [info] [2618/322999] Starting contraction of size 4
[2023-10-25 15:00:33.709] [info] All colors passed! Contracted: 13, 14, 22, 38
[2023-10-25 15:00:33.719] [info] Graph is C-reducible!
