[2023-10-24 20:44:14.791] [info] Kempe type: Planar
[2023-10-24 20:44:14.791] [info] Vertex size: 23, Edge size: 41, Ring size: 13
[2023-10-24 20:45:16.228] [info] Started D-reducibility check
[2023-10-24 20:45:16.228] [info] #1: Feasible / Total: 4905 / 66430
[2023-10-24 20:46:18.356] [info] #2: Feasible / Total: 13895 / 66430
[2023-10-24 20:47:22.933] [info] #3: Feasible / Total: 24717 / 66430
[2023-10-24 20:48:18.696] [info] #4: Feasible / Total: 38751 / 66430
[2023-10-24 20:48:47.353] [info] #5: Feasible / Total: 48114 / 66430
[2023-10-24 20:48:55.657] [info] #6: Feasible / Total: 48718 / 66430
[2023-10-24 20:49:01.659] [info] #6: Feasible / Total: 48718 / 66430
[2023-10-24 20:49:01.659] [info] Graph is not D-reducible.
[2023-10-24 20:49:01.874] [info] Started C-reducibility check
[2023-10-24 20:49:08.591] [info] Trying 322999 possible contractions
[2023-10-24 20:49:08.591] [info] [0/322999] Starting contraction of size 1
[2023-10-24 21:07:09.034] [info] [28/322999] Starting contraction of size 2
[2023-10-24 23:38:20.939] [info] [363/322999] Starting contraction of size 3
[2023-10-25 09:10:30.377] [info] [2617/322999] Starting contraction of size 4
[2023-10-26 02:52:10.083] [info] [12087/322999] Starting contraction of size 5
[2023-10-26 07:03:03.096] [info] All colors passed! Contracted: 13, 14, 16, 17, 21
[2023-10-26 07:03:03.096] [info] Graph is C-reducible!
