[2023-10-24 20:44:24.706] [info] Kempe type: Planar
[2023-10-24 20:44:24.706] [info] Vertex size: 23, Edge size: 41, Ring size: 13
[2023-10-24 20:45:28.660] [info] Started D-reducibility check
[2023-10-24 20:45:28.660] [info] #1: Feasible / Total: 4863 / 66430
[2023-10-24 20:46:46.342] [info] #2: Feasible / Total: 15356 / 66430
[2023-10-24 20:47:51.648] [info] #3: Feasible / Total: 25596 / 66430
[2023-10-24 20:48:40.817] [info] #4: Feasible / Total: 36143 / 66430
[2023-10-24 20:49:13.713] [info] #5: Feasible / Total: 48032 / 66430
[2023-10-24 20:49:23.154] [info] #6: Feasible / Total: 50494 / 66430
[2023-10-24 20:49:27.955] [info] #7: Feasible / Total: 50500 / 66430
[2023-10-24 20:49:32.775] [info] #7: Feasible / Total: 50500 / 66430
[2023-10-24 20:49:32.775] [info] Graph is not D-reducible.
[2023-10-24 20:49:32.966] [info] Started C-reducibility check
[2023-10-24 20:49:39.038] [info] Trying 322999 possible contractions
[2023-10-24 20:49:39.038] [info] [0/322999] Starting contraction of size 1
[2023-10-24 21:07:06.571] [info] [28/322999] Starting contraction of size 2
[2023-10-24 23:34:17.912] [info] [363/322999] Starting contraction of size 3
[2023-10-25 09:03:18.456] [info] [2617/322999] Starting contraction of size 4
[2023-10-25 18:22:58.948] [info] All colors passed! Contracted: 15, 16, 38, 40
[2023-10-25 18:22:58.948] [info] Graph is C-reducible!
