[2023-10-24 20:44:30.245] [info] Kempe type: Planar
[2023-10-24 20:44:30.245] [info] Vertex size: 23, Edge size: 41, Ring size: 13
[2023-10-24 20:45:34.741] [info] Started D-reducibility check
[2023-10-24 20:45:34.741] [info] #1: Feasible / Total: 4798 / 66430
[2023-10-24 20:46:39.334] [info] #2: Feasible / Total: 12532 / 66430
[2023-10-24 20:47:35.666] [info] #3: Feasible / Total: 20186 / 66430
[2023-10-24 20:48:10.147] [info] #4: Feasible / Total: 25083 / 66430
[2023-10-24 20:48:32.387] [info] #5: Feasible / Total: 27655 / 66430
[2023-10-24 20:48:52.032] [info] #6: Feasible / Total: 29987 / 66430
[2023-10-24 20:49:12.313] [info] #7: Feasible / Total: 33237 / 66430
[2023-10-24 20:49:30.187] [info] #8: Feasible / Total: 35507 / 66430
[2023-10-24 20:49:40.439] [info] #9: Feasible / Total: 35724 / 66430
[2023-10-24 20:49:49.118] [info] #10: Feasible / Total: 35734 / 66430
[2023-10-24 20:49:57.298] [info] #10: Feasible / Total: 35734 / 66430
[2023-10-24 20:49:57.298] [info] Graph is not D-reducible.
[2023-10-24 20:49:57.548] [info] Started C-reducibility check
[2023-10-24 20:50:02.993] [info] Trying 322999 possible contractions
[2023-10-24 20:50:02.994] [info] [0/322999] Starting contraction of size 1
[2023-10-24 21:05:21.128] [info] [28/322999] Starting contraction of size 2
[2023-10-24 23:13:19.335] [info] [363/322999] Starting contraction of size 3
[2023-10-25 08:04:22.732] [info] [2617/322999] Starting contraction of size 4
[2023-10-25 09:48:07.123] [info] All colors passed! Contracted: 13, 15, 19, 30
[2023-10-25 09:48:07.123] [info] Graph is C-reducible!
