[2023-10-24 20:44:37.601] [info] Kempe type: Planar
[2023-10-24 20:44:37.601] [info] Vertex size: 23, Edge size: 41, Ring size: 13
[2023-10-24 20:45:39.745] [info] Started D-reducibility check
[2023-10-24 20:45:39.745] [info] #1: Feasible / Total: 4765 / 66430
[2023-10-24 20:46:41.578] [info] #2: Feasible / Total: 12005 / 66430
[2023-10-24 20:47:35.134] [info] #3: Feasible / Total: 19912 / 66430
[2023-10-24 20:48:17.017] [info] #4: Feasible / Total: 28335 / 66430
[2023-10-24 20:49:05.012] [info] #5: Feasible / Total: 36702 / 66430
[2023-10-24 20:49:29.458] [info] #6: Feasible / Total: 41902 / 66430
[2023-10-24 20:49:38.968] [info] #7: Feasible / Total: 42294 / 66430
[2023-10-24 20:49:46.335] [info] #7: Feasible / Total: 42294 / 66430
[2023-10-24 20:49:46.335] [info] Graph is not D-reducible.
[2023-10-24 20:49:46.602] [info] Started C-reducibility check
[2023-10-24 20:49:52.583] [info] Trying 322999 possible contractions
[2023-10-24 20:49:52.583] [info] [0/322999] Starting contraction of size 1
[2023-10-24 21:07:26.509] [info] [28/322999] Starting contraction of size 2
[2023-10-24 23:34:32.012] [info] [363/322999] Starting contraction of size 3
[2023-10-25 09:02:19.973] [info] [2617/322999] Starting contraction of size 4
[2023-10-25 16:37:43.512] [info] All colors passed! Contracted: 13, 14, 22, 35
[2023-10-25 16:37:43.513] [info] Graph is C-reducible!
