[2023-10-24 20:44:33.359] [info] Kempe type: Planar
[2023-10-24 20:44:33.359] [info] Vertex size: 23, Edge size: 41, Ring size: 13
[2023-10-24 20:45:32.800] [info] Started D-reducibility check
[2023-10-24 20:45:32.801] [info] #1: Feasible / Total: 4794 / 66430
[2023-10-24 20:46:41.168] [info] #2: Feasible / Total: 12598 / 66430
[2023-10-24 20:47:49.241] [info] #3: Feasible / Total: 20917 / 66430
[2023-10-24 20:48:37.942] [info] #4: Feasible / Total: 28421 / 66430
[2023-10-24 20:49:10.797] [info] #5: Feasible / Total: 33290 / 66430
[2023-10-24 20:49:30.778] [info] #6: Feasible / Total: 36079 / 66430
[2023-10-24 20:49:42.831] [info] #7: Feasible / Total: 36883 / 66430
[2023-10-24 20:49:51.983] [info] #8: Feasible / Total: 36900 / 66430
[2023-10-24 20:50:00.819] [info] #8: Feasible / Total: 36900 / 66430
[2023-10-24 20:50:00.903] [info] Graph is not D-reducible.
[2023-10-24 20:50:01.082] [info] Started C-reducibility check
[2023-10-24 20:50:06.819] [info] Trying 322999 possible contractions
[2023-10-24 20:50:06.819] [info] [0/322999] Starting contraction of size 1
[2023-10-24 21:07:17.918] [info] [28/322999] Starting contraction of size 2
[2023-10-24 23:31:28.629] [info] [363/322999] Starting contraction of size 3
[2023-10-25 04:02:47.578] [info] All colors passed! Contracted: 17, 29, 40
[2023-10-25 04:02:47.579] [info] Graph is C-reducible!
