[2023-10-24 20:44:39.379] [info] Kempe type: Planar
[2023-10-24 20:44:39.379] [info] Vertex size: 23, Edge size: 41, Ring size: 13
[2023-10-24 20:45:47.492] [info] Started D-reducibility check
[2023-10-24 20:45:47.492] [info] #1: Feasible / Total: 4921 / 66430
[2023-10-24 20:47:09.964] [info] #2: Feasible / Total: 14745 / 66430
[2023-10-24 20:48:21.938] [info] #3: Feasible / Total: 26184 / 66430
[2023-10-24 20:49:12.715] [info] #4: Feasible / Total: 38570 / 66430
[2023-10-24 20:49:39.755] [info] #5: Feasible / Total: 45357 / 66430
[2023-10-24 20:49:49.279] [info] #6: Feasible / Total: 45996 / 66430
[2023-10-24 20:49:55.779] [info] #7: Feasible / Total: 46016 / 66430
[2023-10-24 20:50:01.974] [info] #7: Feasible / Total: 46016 / 66430
[2023-10-24 20:50:01.974] [info] Graph is not D-reducible.
[2023-10-24 20:50:02.261] [info] Started C-reducibility check
[2023-10-24 20:50:08.640] [info] Trying 322999 possible contractions
[2023-10-24 20:50:08.640] [info] [0/322999] Starting contraction of size 1
[2023-10-24 21:08:10.828] [info] [28/322999] Starting contraction of size 2
[2023-10-24 23:38:38.423] [info] [363/322999] Starting contraction of size 3
[2023-10-25 09:26:51.260] [info] [2616/322999] Starting contraction of size 4
[2023-10-25 16:54:30.029] [info] All colors passed! Contracted: 19, 21, 33, 35
[2023-10-25 16:54:30.030] [info] Graph is C-reducible!
