[2023-10-24 20:44:20.448] [info] Kempe type: Planar
[2023-10-24 20:44:20.448] [info] Vertex size: 23, Edge size: 41, Ring size: 13
[2023-10-24 20:45:17.650] [info] Started D-reducibility check
[2023-10-24 20:45:17.651] [info] #1: Feasible / Total: 4717 / 66430
[2023-10-24 20:46:24.377] [info] #2: Feasible / Total: 12821 / 66430
[2023-10-24 20:47:20.351] [info] #3: Feasible / Total: 20935 / 66430
[2023-10-24 20:48:01.519] [info] #4: Feasible / Total: 27772 / 66430
[2023-10-24 20:48:30.876] [info] #5: Feasible / Total: 32789 / 66430
[2023-10-24 20:48:53.161] [info] #6: Feasible / Total: 37375 / 66430
[2023-10-24 20:49:11.675] [info] #7: Feasible / Total: 42726 / 66430
[2023-10-24 20:49:20.134] [info] #8: Feasible / Total: 43450 / 66430
[2023-10-24 20:49:26.852] [info] #8: Feasible / Total: 43450 / 66430
[2023-10-24 20:49:26.852] [info] Graph is not D-reducible.
[2023-10-24 20:49:27.022] [info] Started C-reducibility check
[2023-10-24 20:49:33.023] [info] Trying 322999 possible contractions
[2023-10-24 20:49:33.023] [info] [0/322999] Starting contraction of size 1
[2023-10-24 21:05:29.477] [info] [28/322999] Starting contraction of size 2
[2023-10-24 23:11:19.451] [info] [363/322999] Starting contraction of size 3
[2023-10-25 01:23:02.981] [info] All colors passed! Contracted: 17, 18, 30
[2023-10-25 01:23:02.981] [info] Graph is C-reducible!
