[2023-10-24 20:44:17.990] [info] Kempe type: Planar
[2023-10-24 20:44:17.990] [info] Vertex size: 23, Edge size: 41, Ring size: 13
[2023-10-24 20:45:15.535] [info] Started D-reducibility check
[2023-10-24 20:45:15.535] [info] #1: Feasible / Total: 4602 / 66430
[2023-10-24 20:46:07.666] [info] #2: Feasible / Total: 11268 / 66430
[2023-10-24 20:46:57.290] [info] #3: Feasible / Total: 17262 / 66430
[2023-10-24 20:47:39.110] [info] #4: Feasible / Total: 22063 / 66430
[2023-10-24 20:48:07.925] [info] #5: Feasible / Total: 24982 / 66430
[2023-10-24 20:48:32.466] [info] #6: Feasible / Total: 27417 / 66430
[2023-10-24 20:48:50.271] [info] #7: Feasible / Total: 28256 / 66430
[2023-10-24 20:49:04.394] [info] #8: Feasible / Total: 28408 / 66430
[2023-10-24 20:49:17.530] [info] #9: Feasible / Total: 28428 / 66430
[2023-10-24 20:49:30.260] [info] #9: Feasible / Total: 28428 / 66430
[2023-10-24 20:49:30.260] [info] Graph is not D-reducible.
[2023-10-24 20:49:30.478] [info] Started C-reducibility check
[2023-10-24 20:49:37.236] [info] Trying 322999 possible contractions
[2023-10-24 20:49:37.236] [info] [0/322999] Starting contraction of size 1
[2023-10-24 21:07:25.700] [info] [28/322999] Starting contraction of size 2
[2023-10-24 23:31:28.668] [info] [363/322999] Starting contraction of size 3
[2023-10-25 09:07:36.904] [info] [2617/322999] Starting contraction of size 4
[2023-10-26 02:48:13.879] [info] [12087/322999] Starting contraction of size 5
[2023-10-27 01:29:27.856] [info] All colors passed! Contracted: 13, 14, 16, 17, 21
[2023-10-27 01:29:27.856] [info] Graph is C-reducible!
