[2023-10-24 20:44:24.866] [info] Kempe type: Planar
[2023-10-24 20:44:24.866] [info] Vertex size: 23, Edge size: 41, Ring size: 13
[2023-10-24 20:45:27.089] [info] Started D-reducibility check
[2023-10-24 20:45:27.089] [info] #1: Feasible / Total: 4768 / 66430
[2023-10-24 20:46:33.955] [info] #2: Feasible / Total: 12674 / 66430
[2023-10-24 20:47:30.454] [info] #3: Feasible / Total: 19224 / 66430
[2023-10-24 20:48:13.574] [info] #4: Feasible / Total: 24264 / 66430
[2023-10-24 20:48:44.605] [info] #5: Feasible / Total: 27291 / 66430
[2023-10-24 20:49:08.338] [info] #6: Feasible / Total: 29861 / 66430
[2023-10-24 20:49:28.175] [info] #7: Feasible / Total: 32511 / 66430
[2023-10-24 20:49:45.662] [info] #8: Feasible / Total: 35105 / 66430
[2023-10-24 20:49:59.188] [info] #9: Feasible / Total: 36023 / 66430
[2023-10-24 20:50:08.898] [info] #10: Feasible / Total: 36166 / 66430
[2023-10-24 20:50:17.972] [info] #11: Feasible / Total: 36168 / 66430
[2023-10-24 20:50:26.926] [info] #11: Feasible / Total: 36168 / 66430
[2023-10-24 20:50:26.926] [info] Graph is not D-reducible.
[2023-10-24 20:50:27.189] [info] Started C-reducibility check
[2023-10-24 20:50:32.999] [info] Trying 322999 possible contractions
[2023-10-24 20:50:32.999] [info] [0/322999] Starting contraction of size 1
[2023-10-24 21:08:00.873] [info] [28/322999] Starting contraction of size 2
[2023-10-24 23:33:56.777] [info] [363/322999] Starting contraction of size 3
[2023-10-25 09:09:55.315] [info] [2617/322999] Starting contraction of size 4
[2023-10-26 03:02:27.012] [info] [12088/322999] Starting contraction of size 5
[2023-10-27 02:08:11.934] [info] [38294/322999] Starting contraction of size 6
[2023-10-28 01:12:46.121] [info] [87700/322999] Starting contraction of size 7
[2023-10-28 19:24:40.516] [info] [153248/322999] Starting contraction of size 8
[2023-10-29 08:22:39.795] [info] [217093/322999] Starting contraction of size 9
[2023-10-29 11:07:51.059] [info] All colors passed! Contracted: 14, 15, 16, 18, 19, 22, 23, 26, 28
[2023-10-29 11:07:51.059] [info] Graph is C-reducible!
