[2023-10-24 20:44:33.204] [info] Kempe type: Planar
[2023-10-24 20:44:33.204] [info] Vertex size: 23, Edge size: 41, Ring size: 13
[2023-10-24 20:45:35.516] [info] Started D-reducibility check
[2023-10-24 20:45:35.516] [info] #1: Feasible / Total: 4828 / 66430
[2023-10-24 20:46:42.591] [info] #2: Feasible / Total: 12482 / 66430
[2023-10-24 20:47:37.054] [info] #3: Feasible / Total: 20256 / 66430
[2023-10-24 20:48:18.001] [info] #4: Feasible / Total: 28256 / 66430
[2023-10-24 20:48:52.721] [info] #5: Feasible / Total: 36700 / 66430
[2023-10-24 20:49:19.216] [info] #6: Feasible / Total: 47522 / 66430
[2023-10-24 20:49:26.438] [info] #7: Feasible / Total: 49521 / 66430
[2023-10-24 20:49:30.973] [info] #8: Feasible / Total: 49522 / 66430
[2023-10-24 20:49:35.262] [info] #8: Feasible / Total: 49522 / 66430
[2023-10-24 20:49:35.262] [info] Graph is not D-reducible.
[2023-10-24 20:49:35.500] [info] Started C-reducibility check
[2023-10-24 20:49:40.788] [info] Trying 322999 possible contractions
[2023-10-24 20:49:40.788] [info] [0/322999] Starting contraction of size 1
[2023-10-24 21:05:06.495] [info] [28/322999] Starting contraction of size 2
[2023-10-24 23:09:14.320] [info] [363/322999] Starting contraction of size 3
[2023-10-25 02:47:44.841] [info] All colors passed! Contracted: 14, 28, 38
[2023-10-25 02:47:44.842] [info] Graph is C-reducible!
