[2023-10-24 20:44:15.926] [info] Kempe type: Planar
[2023-10-24 20:44:15.926] [info] Vertex size: 23, Edge size: 41, Ring size: 13
[2023-10-24 20:45:06.713] [info] Started D-reducibility check
[2023-10-24 20:45:06.713] [info] #1: Feasible / Total: 4746 / 66430
[2023-10-24 20:45:51.866] [info] #2: Feasible / Total: 12834 / 66430
[2023-10-24 20:46:37.033] [info] #3: Feasible / Total: 20152 / 66430
[2023-10-24 20:47:05.458] [info] #4: Feasible / Total: 25865 / 66430
[2023-10-24 20:47:24.419] [info] #5: Feasible / Total: 29897 / 66430
[2023-10-24 20:47:43.604] [info] #6: Feasible / Total: 35469 / 66430
[2023-10-24 20:47:59.592] [info] #7: Feasible / Total: 40964 / 66430
[2023-10-24 20:48:09.485] [info] #8: Feasible / Total: 42167 / 66430
[2023-10-24 20:48:20.513] [info] #9: Feasible / Total: 42198 / 66430
[2023-10-24 20:48:28.830] [info] #9: Feasible / Total: 42198 / 66430
[2023-10-24 20:48:28.830] [info] Graph is not D-reducible.
[2023-10-24 20:48:29.157] [info] Started C-reducibility check
[2023-10-24 20:48:36.069] [info] Trying 322999 possible contractions
[2023-10-24 20:48:36.069] [info] [0/322999] Starting contraction of size 1
[2023-10-24 21:06:34.026] [info] [28/322999] Starting contraction of size 2
[2023-10-24 23:37:39.007] [info] [363/322999] Starting contraction of size 3
[2023-10-25 09:19:31.723] [info] [2617/322999] Starting contraction of size 4
[2023-10-26 03:17:03.974] [info] [12088/322999] Starting contraction of size 5
[2023-10-26 10:47:50.812] [info] All colors passed! Contracted: 14, 16, 20, 26, 28
[2023-10-26 10:47:50.812] [info] Graph is C-reducible!
