[2023-10-24 20:44:26.329] [info] Kempe type: Planar
[2023-10-24 20:44:26.329] [info] Vertex size: 23, Edge size: 41, Ring size: 13
[2023-10-24 20:45:32.859] [info] Started D-reducibility check
[2023-10-24 20:45:32.859] [info] #1: Feasible / Total: 4762 / 66430
[2023-10-24 20:46:35.663] [info] #2: Feasible / Total: 11654 / 66430
[2023-10-24 20:47:26.542] [info] #3: Feasible / Total: 17678 / 66430
[2023-10-24 20:48:04.420] [info] #4: Feasible / Total: 22301 / 66430
[2023-10-24 20:48:31.132] [info] #5: Feasible / Total: 25593 / 66430
[2023-10-24 20:48:54.364] [info] #6: Feasible / Total: 29266 / 66430
[2023-10-24 20:49:20.408] [info] #7: Feasible / Total: 35910 / 66430
[2023-10-24 20:49:36.239] [info] #8: Feasible / Total: 39166 / 66430
[2023-10-24 20:49:44.255] [info] #9: Feasible / Total: 39242 / 66430
[2023-10-24 20:49:51.787] [info] #9: Feasible / Total: 39242 / 66430
[2023-10-24 20:49:51.875] [info] Graph is not D-reducible.
[2023-10-24 20:49:52.057] [info] Started C-reducibility check
[2023-10-24 20:49:58.220] [info] Trying 322999 possible contractions
[2023-10-24 20:49:58.220] [info] [0/322999] Starting contraction of size 1
[2023-10-24 21:05:35.238] [info] [28/322999] Starting contraction of size 2
[2023-10-24 23:14:33.452] [info] [363/322999] Starting contraction of size 3
[2023-10-25 07:59:07.625] [info] [2617/322999] Starting contraction of size 4
[2023-10-26 01:10:58.808] [info] [12087/322999] Starting contraction of size 5
[2023-10-27 00:48:24.975] [info] [38280/322999] Starting contraction of size 6
[2023-10-27 04:31:44.475] [info] All colors passed! Contracted: 14, 15, 16, 17, 28, 40
[2023-10-27 04:31:44.475] [info] Graph is C-reducible!
