[2023-10-24 20:44:16.725] [info] Kempe type: Planar
[2023-10-24 20:44:16.725] [info] Vertex size: 23, Edge size: 41, Ring size: 13
[2023-10-24 20:45:17.674] [info] Started D-reducibility check
[2023-10-24 20:45:17.674] [info] #1: Feasible / Total: 4783 / 66430
[2023-10-24 20:46:21.737] [info] #2: Feasible / Total: 13747 / 66430
[2023-10-24 20:47:14.457] [info] #3: Feasible / Total: 22647 / 66430
[2023-10-24 20:47:58.786] [info] #4: Feasible / Total: 31663 / 66430
[2023-10-24 20:48:31.055] [info] #5: Feasible / Total: 39965 / 66430
[2023-10-24 20:48:48.371] [info] #6: Feasible / Total: 45235 / 66430
[2023-10-24 20:48:55.562] [info] #7: Feasible / Total: 45757 / 66430
[2023-10-24 20:49:00.906] [info] #7: Feasible / Total: 45757 / 66430
[2023-10-24 20:49:00.906] [info] Graph is not D-reducible.
[2023-10-24 20:49:01.118] [info] Started C-reducibility check
[2023-10-24 20:49:06.390] [info] Trying 322999 possible contractions
[2023-10-24 20:49:06.390] [info] [0/322999] Starting contraction of size 1
[2023-10-24 21:05:18.768] [info] [28/322999] Starting contraction of size 2
[2023-10-24 23:14:17.160] [info] [363/322999] Starting contraction of size 3
[2023-10-25 08:03:31.097] [info] [2616/322999] Starting contraction of size 4
[2023-10-25 12:06:07.380] [info] All colors passed! Contracted: 16, 17, 21, 29
[2023-10-25 12:06:07.403] [info] Graph is C-reducible!
