[2023-10-24 20:44:25.983] [info] Kempe type: Planar
[2023-10-24 20:44:25.983] [info] Vertex size: 23, Edge size: 41, Ring size: 13
[2023-10-24 20:45:27.988] [info] Started D-reducibility check
[2023-10-24 20:45:27.988] [info] #1: Feasible / Total: 4759 / 66430
[2023-10-24 20:46:30.590] [info] #2: Feasible / Total: 12025 / 66430
[2023-10-24 20:47:33.537] [info] #3: Feasible / Total: 20311 / 66430
[2023-10-24 20:48:28.984] [info] #4: Feasible / Total: 31468 / 66430
[2023-10-24 20:49:05.703] [info] #5: Feasible / Total: 42528 / 66430
[2023-10-24 20:49:18.944] [info] #6: Feasible / Total: 45700 / 66430
[2023-10-24 20:49:25.933] [info] #7: Feasible / Total: 45775 / 66430
[2023-10-24 20:49:32.569] [info] #8: Feasible / Total: 45776 / 66430
[2023-10-24 20:49:39.225] [info] #8: Feasible / Total: 45776 / 66430
[2023-10-24 20:49:39.225] [info] Graph is not D-reducible.
[2023-10-24 20:49:39.536] [info] Started C-reducibility check
[2023-10-24 20:49:46.262] [info] Trying 322999 possible contractions
[2023-10-24 20:49:46.262] [info] [0/322999] Starting contraction of size 1
[2023-10-24 21:07:23.147] [info] [28/322999] Starting contraction of size 2
[2023-10-24 23:38:17.396] [info] [363/322999] Starting contraction of size 3
[2023-10-25 09:02:45.470] [info] [2617/322999] Starting contraction of size 4
[2023-10-26 02:51:34.028] [info] [12088/322999] Starting contraction of size 5
[2023-10-26 05:17:26.013] [info] All colors passed! Contracted: 14, 15, 16, 17, 40
[2023-10-26 05:17:26.013] [info] Graph is C-reducible!
