[2023-10-24 20:44:20.846] [info] Kempe type: Planar
[2023-10-24 20:44:20.847] [info] Vertex size: 23, Edge size: 41, Ring size: 13
[2023-10-24 20:45:33.743] [info] Started D-reducibility check
[2023-10-24 20:45:33.835] [info] #1: Feasible / Total: 4742 / 66430
[2023-10-24 20:46:43.654] [info] #2: Feasible / Total: 12779 / 66430
[2023-10-24 20:47:41.924] [info] #3: Feasible / Total: 20764 / 66430
[2023-10-24 20:48:17.691] [info] #4: Feasible / Total: 27020 / 66430
[2023-10-24 20:48:42.837] [info] #5: Feasible / Total: 31343 / 66430
[2023-10-24 20:49:04.539] [info] #6: Feasible / Total: 35188 / 66430
[2023-10-24 20:49:22.120] [info] #7: Feasible / Total: 40524 / 66430
[2023-10-24 20:49:30.763] [info] #8: Feasible / Total: 41962 / 66430
[2023-10-24 20:49:36.461] [info] #9: Feasible / Total: 41964 / 66430
[2023-10-24 20:49:42.053] [info] #9: Feasible / Total: 41964 / 66430
[2023-10-24 20:49:42.053] [info] Graph is not D-reducible.
[2023-10-24 20:49:42.251] [info] Started C-reducibility check
[2023-10-24 20:49:46.681] [info] Trying 322999 possible contractions
[2023-10-24 20:49:46.682] [info] [0/322999] Starting contraction of size 1
[2023-10-24 21:05:01.173] [info] [28/322999] Starting contraction of size 2
[2023-10-24 23:19:05.484] [info] [363/322999] Starting contraction of size 3
[2023-10-25 01:18:08.695] [info] All colors passed! Contracted: 18, 28, 30
[2023-10-25 01:18:08.695] [info] Graph is C-reducible!
