[2023-10-24 20:44:15.118] [info] Kempe type: Planar
[2023-10-24 20:44:15.118] [info] Vertex size: 23, Edge size: 41, Ring size: 13
[2023-10-24 20:45:06.326] [info] Started D-reducibility check
[2023-10-24 20:45:06.326] [info] #1: Feasible / Total: 4747 / 66430
[2023-10-24 20:46:06.294] [info] #2: Feasible / Total: 13549 / 66430
[2023-10-24 20:47:21.996] [info] #3: Feasible / Total: 23006 / 66430
[2023-10-24 20:48:11.497] [info] #4: Feasible / Total: 31638 / 66430
[2023-10-24 20:48:44.798] [info] #5: Feasible / Total: 38540 / 66430
[2023-10-24 20:49:05.002] [info] #6: Feasible / Total: 42948 / 66430
[2023-10-24 20:49:13.788] [info] #7: Feasible / Total: 43275 / 66430
[2023-10-24 20:49:21.187] [info] #8: Feasible / Total: 43278 / 66430
[2023-10-24 20:49:28.587] [info] #8: Feasible / Total: 43278 / 66430
[2023-10-24 20:49:28.587] [info] Graph is not D-reducible.
[2023-10-24 20:49:28.886] [info] Started C-reducibility check
[2023-10-24 20:49:35.414] [info] Trying 322999 possible contractions
[2023-10-24 20:49:35.415] [info] [0/322999] Starting contraction of size 1
[2023-10-24 21:07:27.640] [info] [28/322999] Starting contraction of size 2
[2023-10-24 23:33:59.484] [info] [363/322999] Starting contraction of size 3
[2023-10-25 09:09:37.609] [info] [2616/322999] Starting contraction of size 4
[2023-10-25 11:51:23.139] [info] All colors passed! Contracted: 16, 17, 21, 40
[2023-10-25 11:51:23.139] [info] Graph is C-reducible!
