[2023-10-24 20:44:27.012] [info] Kempe type: Planar
[2023-10-24 20:44:27.012] [info] Vertex size: 23, Edge size: 41, Ring size: 13
[2023-10-24 20:45:30.904] [info] Started D-reducibility check
[2023-10-24 20:45:30.904] [info] #1: Feasible / Total: 5040 / 66430
[2023-10-24 20:46:38.331] [info] #2: Feasible / Total: 14974 / 66430
[2023-10-24 20:47:41.416] [info] #3: Feasible / Total: 27858 / 66430
[2023-10-24 20:48:28.618] [info] #4: Feasible / Total: 44127 / 66430
[2023-10-24 20:48:45.887] [info] #5: Feasible / Total: 52979 / 66430
[2023-10-24 20:48:49.576] [info] #6: Feasible / Total: 53098 / 66430
[2023-10-24 20:48:52.754] [info] #6: Feasible / Total: 53098 / 66430
[2023-10-24 20:48:52.754] [info] Graph is not D-reducible.
[2023-10-24 20:48:52.985] [info] Started C-reducibility check
[2023-10-24 20:48:57.891] [info] Trying 322999 possible contractions
[2023-10-24 20:48:57.891] [info] [0/322999] Starting contraction of size 1
[2023-10-24 21:04:49.108] [info] [28/322999] Starting contraction of size 2
[2023-10-24 23:09:01.674] [info] [363/322999] Starting contraction of size 3
[2023-10-25 08:02:51.121] [info] [2617/322999] Starting contraction of size 4
[2023-10-26 01:16:02.854] [info] [12087/322999] Starting contraction of size 5
[2023-10-26 01:56:17.685] [info] All colors passed! Contracted: 18, 21, 27, 34, 37
[2023-10-26 01:56:17.685] [info] Graph is C-reducible!
