[2023-10-24 20:44:17.838] [info] Kempe type: Planar
[2023-10-24 20:44:17.838] [info] Vertex size: 23, Edge size: 41, Ring size: 13
[2023-10-24 20:45:19.719] [info] Started D-reducibility check
[2023-10-24 20:45:19.719] [info] #1: Feasible / Total: 4779 / 66430
[2023-10-24 20:46:25.164] [info] #2: Feasible / Total: 12871 / 66430
[2023-10-24 20:47:31.653] [info] #3: Feasible / Total: 21358 / 66430
[2023-10-24 20:48:23.097] [info] #4: Feasible / Total: 30372 / 66430
[2023-10-24 20:49:02.867] [info] #5: Feasible / Total: 39153 / 66430
[2023-10-24 20:49:22.372] [info] #6: Feasible / Total: 43881 / 66430
[2023-10-24 20:49:30.303] [info] #7: Feasible / Total: 44200 / 66430
[2023-10-24 20:49:37.007] [info] #7: Feasible / Total: 44200 / 66430
[2023-10-24 20:49:37.007] [info] Graph is not D-reducible.
[2023-10-24 20:49:37.294] [info] Started C-reducibility check
[2023-10-24 20:49:43.486] [info] Trying 322999 possible contractions
[2023-10-24 20:49:43.486] [info] [0/322999] Starting contraction of size 1
[2023-10-24 21:07:27.325] [info] [28/322999] Starting contraction of size 2
[2023-10-24 23:32:48.904] [info] [363/322999] Starting contraction of size 3
[2023-10-25 09:10:27.878] [info] [2617/322999] Starting contraction of size 4
[2023-10-26 02:53:33.133] [info] [12088/322999] Starting contraction of size 5
[2023-10-26 22:49:46.587] [info] All colors passed! Contracted: 13, 14, 15, 16, 17
[2023-10-26 22:49:46.587] [info] Graph is C-reducible!
