[2023-10-24 20:44:25.417] [info] Kempe type: Planar
[2023-10-24 20:44:25.418] [info] Vertex size: 23, Edge size: 41, Ring size: 13
[2023-10-24 20:45:24.160] [info] Started D-reducibility check
[2023-10-24 20:45:24.160] [info] #1: Feasible / Total: 4710 / 66430
[2023-10-24 20:46:24.326] [info] #2: Feasible / Total: 12492 / 66430
[2023-10-24 20:47:14.536] [info] #3: Feasible / Total: 19964 / 66430
[2023-10-24 20:47:52.864] [info] #4: Feasible / Total: 26236 / 66430
[2023-10-24 20:48:19.406] [info] #5: Feasible / Total: 30077 / 66430
[2023-10-24 20:48:37.623] [info] #6: Feasible / Total: 32077 / 66430
[2023-10-24 20:48:50.859] [info] #7: Feasible / Total: 32726 / 66430
[2023-10-24 20:49:01.636] [info] #8: Feasible / Total: 32770 / 66430
[2023-10-24 20:49:11.672] [info] #8: Feasible / Total: 32770 / 66430
[2023-10-24 20:49:11.673] [info] Graph is not D-reducible.
[2023-10-24 20:49:11.859] [info] Started C-reducibility check
[2023-10-24 20:49:17.914] [info] Trying 322999 possible contractions
[2023-10-24 20:49:17.914] [info] [0/322999] Starting contraction of size 1
[2023-10-24 21:05:13.513] [info] [28/322999] Starting contraction of size 2
[2023-10-24 23:14:31.665] [info] [363/322999] Starting contraction of size 3
[2023-10-25 08:36:44.433] [info] [2617/322999] Starting contraction of size 4
[2023-10-26 02:38:17.684] [info] [12087/322999] Starting contraction of size 5
[2023-10-27 01:50:00.576] [info] [38281/322999] Starting contraction of size 6
[2023-10-28 00:43:54.680] [info] [87632/322999] Starting contraction of size 7
[2023-10-28 03:14:41.907] [info] All colors passed! Contracted: 15, 16, 17, 19, 32, 33, 40
[2023-10-28 03:14:41.908] [info] Graph is C-reducible!
