[2023-10-24 20:44:39.049] [info] Kempe type: Planar
[2023-10-24 20:44:39.049] [info] Vertex size: 23, Edge size: 41, Ring size: 13
[2023-10-24 20:45:39.552] [info] Started D-reducibility check
[2023-10-24 20:45:39.552] [info] #1: Feasible / Total: 4798 / 66430
[2023-10-24 20:46:45.977] [info] #2: Feasible / Total: 12354 / 66430
[2023-10-24 20:47:44.318] [info] #3: Feasible / Total: 20071 / 66430
[2023-10-24 20:48:32.822] [info] #4: Feasible / Total: 29708 / 66430
[2023-10-24 20:49:10.009] [info] #5: Feasible / Total: 37970 / 66430
[2023-10-24 20:49:30.876] [info] #6: Feasible / Total: 43765 / 66430
[2023-10-24 20:49:39.910] [info] #7: Feasible / Total: 44657 / 66430
[2023-10-24 20:49:44.746] [info] #8: Feasible / Total: 44660 / 66430
[2023-10-24 20:49:49.665] [info] #8: Feasible / Total: 44660 / 66430
[2023-10-24 20:49:49.666] [info] Graph is not D-reducible.
[2023-10-24 20:49:49.927] [info] Started C-reducibility check
[2023-10-24 20:49:55.650] [info] Trying 322999 possible contractions
[2023-10-24 20:49:55.650] [info] [0/322999] Starting contraction of size 1
[2023-10-24 21:05:27.480] [info] [28/322999] Starting contraction of size 2
[2023-10-24 23:10:56.217] [info] [363/322999] Starting contraction of size 3
[2023-10-25 08:02:33.547] [info] [2616/322999] Starting contraction of size 4
[2023-10-26 01:16:17.231] [info] [12072/322999] Starting contraction of size 5
[2023-10-26 02:16:02.595] [info] All colors passed! Contracted: 16, 19, 21, 32, 34
[2023-10-26 02:16:02.595] [info] Graph is C-reducible!
