[2023-10-24 20:44:36.336] [info] Kempe type: Planar
[2023-10-24 20:44:36.336] [info] Vertex size: 23, Edge size: 41, Ring size: 13
[2023-10-24 20:45:36.529] [info] Started D-reducibility check
[2023-10-24 20:45:36.529] [info] #1: Feasible / Total: 4926 / 66430
[2023-10-24 20:46:54.090] [info] #2: Feasible / Total: 15457 / 66430
[2023-10-24 20:48:04.737] [info] #3: Feasible / Total: 27252 / 66430
[2023-10-24 20:48:54.448] [info] #4: Feasible / Total: 39281 / 66430
[2023-10-24 20:49:18.983] [info] #5: Feasible / Total: 45427 / 66430
[2023-10-24 20:49:27.638] [info] #6: Feasible / Total: 45966 / 66430
[2023-10-24 20:49:34.303] [info] #7: Feasible / Total: 45973 / 66430
[2023-10-24 20:49:40.898] [info] #7: Feasible / Total: 45973 / 66430
[2023-10-24 20:49:40.898] [info] Graph is not D-reducible.
[2023-10-24 20:49:41.185] [info] Started C-reducibility check
[2023-10-24 20:49:47.722] [info] Trying 322999 possible contractions
[2023-10-24 20:49:47.723] [info] [0/322999] Starting contraction of size 1
[2023-10-24 21:07:02.806] [info] [28/322999] Starting contraction of size 2
[2023-10-24 23:30:21.403] [info] [363/322999] Starting contraction of size 3
[2023-10-25 09:01:46.933] [info] [2616/322999] Starting contraction of size 4
[2023-10-25 15:45:24.071] [info] All colors passed! Contracted: 19, 21, 33, 35
[2023-10-25 15:45:24.103] [info] Graph is C-reducible!
