[2023-10-24 20:45:16.077] [info] Kempe type: Planar
[2023-10-24 20:45:16.078] [info] Vertex size: 23, Edge size: 41, Ring size: 13
[2023-10-24 20:46:21.867] [info] Started D-reducibility check
[2023-10-24 20:46:21.867] [info] #1: Feasible / Total: 4831 / 66430
[2023-10-24 20:47:24.482] [info] #2: Feasible / Total: 12837 / 66430
[2023-10-24 20:48:19.530] [info] #3: Feasible / Total: 22134 / 66430
[2023-10-24 20:49:05.413] [info] #4: Feasible / Total: 34394 / 66430
[2023-10-24 20:49:35.994] [info] #5: Feasible / Total: 46939 / 66430
[2023-10-24 20:49:45.383] [info] #6: Feasible / Total: 49945 / 66430
[2023-10-24 20:49:49.543] [info] #7: Feasible / Total: 49958 / 66430
[2023-10-24 20:49:53.712] [info] #7: Feasible / Total: 49958 / 66430
[2023-10-24 20:49:53.712] [info] Graph is not D-reducible.
[2023-10-24 20:49:53.867] [info] Started C-reducibility check
[2023-10-24 20:49:59.252] [info] Trying 322999 possible contractions
[2023-10-24 20:49:59.252] [info] [0/322999] Starting contraction of size 1
[2023-10-24 21:05:31.687] [info] [28/322999] Starting contraction of size 2
[2023-10-24 23:12:54.427] [info] [363/322999] Starting contraction of size 3
[2023-10-25 07:59:25.329] [info] [2617/322999] Starting contraction of size 4
[2023-10-26 01:01:50.100] [info] [12089/322999] Starting contraction of size 5
[2023-10-26 18:32:39.429] [info] All colors passed! Contracted: 13, 14, 22, 35, 38
[2023-10-26 18:32:39.429] [info] Graph is C-reducible!
