[2023-10-24 20:45:15.885] [info] Kempe type: Planar
[2023-10-24 20:45:15.885] [info] Vertex size: 23, Edge size: 41, Ring size: 13
[2023-10-24 20:46:30.858] [info] Started D-reducibility check
[2023-10-24 20:46:30.859] [info] #1: Feasible / Total: 4937 / 66430
[2023-10-24 20:47:38.953] [info] #2: Feasible / Total: 12594 / 66430
[2023-10-24 20:48:37.427] [info] #3: Feasible / Total: 22042 / 66430
[2023-10-24 20:49:23.228] [info] #4: Feasible / Total: 34440 / 66430
[2023-10-24 20:49:53.323] [info] #5: Feasible / Total: 47285 / 66430
[2023-10-24 20:50:02.530] [info] #6: Feasible / Total: 50841 / 66430
[2023-10-24 20:50:06.548] [info] #7: Feasible / Total: 50858 / 66430
[2023-10-24 20:50:10.147] [info] #7: Feasible / Total: 50858 / 66430
[2023-10-24 20:50:10.147] [info] Graph is not D-reducible.
[2023-10-24 20:50:10.298] [info] Started C-reducibility check
[2023-10-24 20:50:15.302] [info] Trying 322999 possible contractions
[2023-10-24 20:50:15.302] [info] [0/322999] Starting contraction of size 1
[2023-10-24 21:05:11.904] [info] [28/322999] Starting contraction of size 2
[2023-10-24 23:15:02.499] [info] [363/322999] Starting contraction of size 3
[2023-10-25 08:54:24.349] [info] [2617/322999] Starting contraction of size 4
[2023-10-25 11:48:17.507] [info] All colors passed! Contracted: 19, 23, 34, 40
[2023-10-25 11:48:17.507] [info] Graph is C-reducible!
