[2023-10-24 20:44:59.366] [info] Kempe type: Planar
[2023-10-24 20:44:59.366] [info] Vertex size: 23, Edge size: 41, Ring size: 13
[2023-10-24 20:46:04.398] [info] Started D-reducibility check
[2023-10-24 20:46:04.398] [info] #1: Feasible / Total: 4888 / 66430
[2023-10-24 20:47:17.608] [info] #2: Feasible / Total: 13720 / 66430
[2023-10-24 20:48:13.586] [info] #3: Feasible / Total: 22126 / 66430
[2023-10-24 20:48:47.049] [info] #4: Feasible / Total: 28341 / 66430
[2023-10-24 20:49:13.897] [info] #5: Feasible / Total: 33835 / 66430
[2023-10-24 20:49:36.999] [info] #6: Feasible / Total: 42727 / 66430
[2023-10-24 20:49:46.211] [info] #7: Feasible / Total: 44905 / 66430
[2023-10-24 20:49:51.064] [info] #8: Feasible / Total: 44910 / 66430
[2023-10-24 20:49:56.008] [info] #8: Feasible / Total: 44910 / 66430
[2023-10-24 20:49:56.008] [info] Graph is not D-reducible.
[2023-10-24 20:49:56.158] [info] Started C-reducibility check
[2023-10-24 20:50:01.115] [info] Trying 322999 possible contractions
[2023-10-24 20:50:01.115] [info] [0/322999] Starting contraction of size 1
[2023-10-24 21:05:03.019] [info] [28/322999] Starting contraction of size 2
[2023-10-24 23:09:06.614] [info] [363/322999] Starting contraction of size 3
[2023-10-25 07:59:22.595] [info] [2617/322999] Starting contraction of size 4
[2023-10-25 12:21:23.373] [info] All colors passed! Contracted: 15, 23, 25, 40
[2023-10-25 12:21:23.387] [info] Graph is C-reducible!
