[2023-10-24 20:45:21.617] [info] Kempe type: Planar
[2023-10-24 20:45:21.617] [info] Vertex size: 23, Edge size: 41, Ring size: 13
[2023-10-24 20:46:35.120] [info] Started D-reducibility check
[2023-10-24 20:46:35.120] [info] #1: Feasible / Total: 4937 / 66430
[2023-10-24 20:47:50.850] [info] #2: Feasible / Total: 13963 / 66430
[2023-10-24 20:48:57.024] [info] #3: Feasible / Total: 24362 / 66430
[2023-10-24 20:49:47.960] [info] #4: Feasible / Total: 37420 / 66430
[2023-10-24 20:50:18.815] [info] #5: Feasible / Total: 49475 / 66430
[2023-10-24 20:50:27.067] [info] #6: Feasible / Total: 52088 / 66430
[2023-10-24 20:50:31.356] [info] #7: Feasible / Total: 52090 / 66430
[2023-10-24 20:50:35.676] [info] #7: Feasible / Total: 52090 / 66430
[2023-10-24 20:50:35.676] [info] Graph is not D-reducible.
[2023-10-24 20:50:35.863] [info] Started C-reducibility check
[2023-10-24 20:50:42.109] [info] Trying 322999 possible contractions
[2023-10-24 20:50:42.109] [info] [0/322999] Starting contraction of size 1
[2023-10-24 21:07:50.129] [info] [28/322999] Starting contraction of size 2
[2023-10-24 23:32:06.882] [info] [363/322999] Starting contraction of size 3
[2023-10-25 08:56:36.555] [info] [2617/322999] Starting contraction of size 4
[2023-10-25 13:07:26.409] [info] All colors passed! Contracted: 19, 23, 34, 40
[2023-10-25 13:07:26.439] [info] Graph is C-reducible!
