[2023-10-24 20:45:21.794] [info] Kempe type: Planar
[2023-10-24 20:45:21.795] [info] Vertex size: 23, Edge size: 41, Ring size: 13
[2023-10-24 20:46:38.512] [info] Started D-reducibility check
[2023-10-24 20:46:38.512] [info] #1: Feasible / Total: 4800 / 66430
[2023-10-24 20:47:51.731] [info] #2: Feasible / Total: 12977 / 66430
[2023-10-24 20:48:52.559] [info] #3: Feasible / Total: 22577 / 66430
[2023-10-24 20:49:39.842] [info] #4: Feasible / Total: 35423 / 66430
[2023-10-24 20:50:07.051] [info] #5: Feasible / Total: 47021 / 66430
[2023-10-24 20:50:14.416] [info] #6: Feasible / Total: 49360 / 66430
[2023-10-24 20:50:18.587] [info] #7: Feasible / Total: 49366 / 66430
[2023-10-24 20:50:22.732] [info] #7: Feasible / Total: 49366 / 66430
[2023-10-24 20:50:22.732] [info] Graph is not D-reducible.
[2023-10-24 20:50:22.935] [info] Started C-reducibility check
[2023-10-24 20:50:27.562] [info] Trying 322999 possible contractions
[2023-10-24 20:50:27.562] [info] [0/322999] Starting contraction of size 1
[2023-10-24 21:05:34.652] [info] [28/322999] Starting contraction of size 2
[2023-10-24 23:16:35.329] [info] [363/322999] Starting contraction of size 3
[2023-10-25 08:08:31.309] [info] [2617/322999] Starting contraction of size 4
[2023-10-26 01:32:56.446] [info] [12089/322999] Starting contraction of size 5
[2023-10-27 01:28:23.596] [info] [38308/322999] Starting contraction of size 6
[2023-10-27 10:14:09.372] [info] All colors passed! Contracted: 15, 19, 23, 34, 38, 40
[2023-10-27 10:14:09.372] [info] Graph is C-reducible!
