[2023-10-24 20:45:06.450] [info] Kempe type: Planar
[2023-10-24 20:45:06.450] [info] Vertex size: 23, Edge size: 41, Ring size: 13
[2023-10-24 20:46:13.724] [info] Started D-reducibility check
[2023-10-24 20:46:13.724] [info] #1: Feasible / Total: 4797 / 66430
[2023-10-24 20:47:17.942] [info] #2: Feasible / Total: 12665 / 66430
[2023-10-24 20:48:10.834] [info] #3: Feasible / Total: 20544 / 66430
[2023-10-24 20:48:40.554] [info] #4: Feasible / Total: 25455 / 66430
[2023-10-24 20:49:01.628] [info] #5: Feasible / Total: 28515 / 66430
[2023-10-24 20:49:21.748] [info] #6: Feasible / Total: 32439 / 66430
[2023-10-24 20:49:39.666] [info] #7: Feasible / Total: 36047 / 66430
[2023-10-24 20:49:48.564] [info] #8: Feasible / Total: 36859 / 66430
[2023-10-24 20:49:54.691] [info] #9: Feasible / Total: 36908 / 66430
[2023-10-24 20:50:00.459] [info] #9: Feasible / Total: 36908 / 66430
[2023-10-24 20:50:00.460] [info] Graph is not D-reducible.
[2023-10-24 20:50:00.610] [info] Started C-reducibility check
[2023-10-24 20:50:05.473] [info] Trying 322999 possible contractions
[2023-10-24 20:50:05.473] [info] [0/322999] Starting contraction of size 1
[2023-10-24 21:05:26.444] [info] [28/322999] Starting contraction of size 2
[2023-10-24 23:11:00.084] [info] [363/322999] Starting contraction of size 3
[2023-10-25 08:03:44.853] [info] [2617/322999] Starting contraction of size 4
[2023-10-25 17:40:34.848] [info] All colors passed! Contracted: 13, 15, 19, 29
[2023-10-25 17:40:34.867] [info] Graph is C-reducible!
