[2023-10-24 20:44:58.350] [info] Kempe type: Planar
[2023-10-24 20:44:58.350] [info] Vertex size: 23, Edge size: 41, Ring size: 13
[2023-10-24 20:46:07.976] [info] Started D-reducibility check
[2023-10-24 20:46:07.976] [info] #1: Feasible / Total: 4961 / 66430
[2023-10-24 20:47:25.781] [info] #2: Feasible / Total: 13919 / 66430
[2023-10-24 20:48:23.375] [info] #3: Feasible / Total: 24044 / 66430
[2023-10-24 20:49:04.095] [info] #4: Feasible / Total: 35579 / 66430
[2023-10-24 20:49:30.718] [info] #5: Feasible / Total: 47248 / 66430
[2023-10-24 20:49:37.868] [info] #6: Feasible / Total: 50774 / 66430
[2023-10-24 20:49:41.258] [info] #7: Feasible / Total: 50794 / 66430
[2023-10-24 20:49:44.798] [info] #7: Feasible / Total: 50794 / 66430
[2023-10-24 20:49:44.798] [info] Graph is not D-reducible.
[2023-10-24 20:49:45.020] [info] Started C-reducibility check
[2023-10-24 20:49:49.688] [info] Trying 322999 possible contractions
[2023-10-24 20:49:49.688] [info] [0/322999] Starting contraction of size 1
[2023-10-24 21:05:14.033] [info] [28/322999] Starting contraction of size 2
[2023-10-24 23:13:33.767] [info] [363/322999] Starting contraction of size 3
[2023-10-25 07:54:30.969] [info] [2617/322999] Starting contraction of size 4
[2023-10-25 09:38:00.741] [info] All colors passed! Contracted: 13, 14, 17, 22
[2023-10-25 09:38:00.741] [info] Graph is C-reducible!
