[2023-10-24 20:45:18.273] [info] Kempe type: Planar
[2023-10-24 20:45:18.273] [info] Vertex size: 23, Edge size: 41, Ring size: 13
[2023-10-24 20:46:24.926] [info] Started D-reducibility check
[2023-10-24 20:46:24.926] [info] #1: Feasible / Total: 4620 / 66430
[2023-10-24 20:47:18.218] [info] #2: Feasible / Total: 12102 / 66430
[2023-10-24 20:47:58.202] [info] #3: Feasible / Total: 19651 / 66430
[2023-10-24 20:48:28.332] [info] #4: Feasible / Total: 26661 / 66430
[2023-10-24 20:48:53.700] [info] #5: Feasible / Total: 31662 / 66430
[2023-10-24 20:49:15.643] [info] #6: Feasible / Total: 35662 / 66430
[2023-10-24 20:49:31.259] [info] #7: Feasible / Total: 37413 / 66430
[2023-10-24 20:49:40.895] [info] #8: Feasible / Total: 37575 / 66430
[2023-10-24 20:49:49.488] [info] #9: Feasible / Total: 37583 / 66430
[2023-10-24 20:49:57.499] [info] #9: Feasible / Total: 37583 / 66430
[2023-10-24 20:49:57.499] [info] Graph is not D-reducible.
[2023-10-24 20:49:57.666] [info] Started C-reducibility check
[2023-10-24 20:50:03.242] [info] Trying 322999 possible contractions
[2023-10-24 20:50:03.243] [info] [0/322999] Starting contraction of size 1
[2023-10-24 21:06:25.229] [info] [28/322999] Starting contraction of size 2
[2023-10-24 23:30:46.873] [info] [363/322999] Starting contraction of size 3
[2023-10-25 09:05:51.746] [info] [2617/322999] Starting contraction of size 4
[2023-10-26 02:42:24.983] [info] [12088/322999] Starting contraction of size 5
[2023-10-26 19:28:54.087] [info] All colors passed! Contracted: 13, 14, 15, 22, 34
[2023-10-26 19:28:54.099] [info] Graph is C-reducible!
