[2023-10-24 20:44:58.971] [info] Kempe type: Planar
[2023-10-24 20:44:58.971] [info] Vertex size: 23, Edge size: 41, Ring size: 13
[2023-10-24 20:46:10.227] [info] Started D-reducibility check
[2023-10-24 20:46:10.227] [info] #1: Feasible / Total: 4795 / 66430
[2023-10-24 20:47:21.933] [info] #2: Feasible / Total: 12740 / 66430
[2023-10-24 20:48:18.545] [info] #3: Feasible / Total: 21413 / 66430
[2023-10-24 20:49:04.162] [info] #4: Feasible / Total: 32367 / 66430
[2023-10-24 20:49:36.019] [info] #5: Feasible / Total: 48296 / 66430
[2023-10-24 20:49:43.705] [info] #6: Feasible / Total: 55419 / 66430
[2023-10-24 20:49:46.059] [info] #7: Feasible / Total: 55452 / 66430
[2023-10-24 20:49:48.203] [info] #7: Feasible / Total: 55452 / 66430
[2023-10-24 20:49:48.203] [info] Graph is not D-reducible.
[2023-10-24 20:49:48.412] [info] Started C-reducibility check
[2023-10-24 20:49:52.898] [info] Trying 322999 possible contractions
[2023-10-24 20:49:52.898] [info] [0/322999] Starting contraction of size 1
[2023-10-24 21:05:15.399] [info] [28/322999] Starting contraction of size 2
[2023-10-24 23:20:14.084] [info] [363/322999] Starting contraction of size 3
[2023-10-25 08:57:39.033] [info] [2617/322999] Starting contraction of size 4
[2023-10-25 11:08:02.095] [info] All colors passed! Contracted: 13, 14, 17, 22
[2023-10-25 11:08:02.095] [info] Graph is C-reducible!
