[2023-10-24 20:45:17.931] [info] Kempe type: Planar
[2023-10-24 20:45:17.931] [info] Vertex size: 23, Edge size: 41, Ring size: 13
[2023-10-24 20:46:24.171] [info] Started D-reducibility check
[2023-10-24 20:46:24.171] [info] #1: Feasible / Total: 4791 / 66430
[2023-10-24 20:47:36.236] [info] #2: Feasible / Total: 12391 / 66430
[2023-10-24 20:48:38.680] [info] #3: Feasible / Total: 20882 / 66430
[2023-10-24 20:49:27.126] [info] #4: Feasible / Total: 29647 / 66430
[2023-10-24 20:50:05.760] [info] #5: Feasible / Total: 38861 / 66430
[2023-10-24 20:50:25.008] [info] #6: Feasible / Total: 42567 / 66430
[2023-10-24 20:50:33.009] [info] #7: Feasible / Total: 42660 / 66430
[2023-10-24 20:50:40.009] [info] #7: Feasible / Total: 42660 / 66430
[2023-10-24 20:50:40.009] [info] Graph is not D-reducible.
[2023-10-24 20:50:40.238] [info] Started C-reducibility check
[2023-10-24 20:50:46.343] [info] Trying 322999 possible contractions
[2023-10-24 20:50:46.343] [info] [0/322999] Starting contraction of size 1
[2023-10-24 21:07:41.944] [info] [28/322999] Starting contraction of size 2
[2023-10-24 23:33:30.975] [info] [363/322999] Starting contraction of size 3
[2023-10-25 09:03:55.237] [info] [2617/322999] Starting contraction of size 4
[2023-10-25 15:01:51.965] [info] All colors passed! Contracted: 13, 14, 16, 22
[2023-10-25 15:01:51.971] [info] Graph is C-reducible!
