[2023-10-24 20:45:21.358] [info] Kempe type: Planar
[2023-10-24 20:45:21.358] [info] Vertex size: 23, Edge size: 41, Ring size: 13
[2023-10-24 20:46:25.996] [info] Started D-reducibility check
[2023-10-24 20:46:25.996] [info] #1: Feasible / Total: 4954 / 66430
[2023-10-24 20:47:48.910] [info] #2: Feasible / Total: 14907 / 66430
[2023-10-24 20:49:07.208] [info] #3: Feasible / Total: 28509 / 66430
[2023-10-24 20:49:59.170] [info] #4: Feasible / Total: 47033 / 66430
[2023-10-24 20:50:13.480] [info] #5: Feasible / Total: 52897 / 66430
[2023-10-24 20:50:17.702] [info] #6: Feasible / Total: 52964 / 66430
[2023-10-24 20:50:21.699] [info] #6: Feasible / Total: 52964 / 66430
[2023-10-24 20:50:21.699] [info] Graph is not D-reducible.
[2023-10-24 20:50:21.894] [info] Started C-reducibility check
[2023-10-24 20:50:28.167] [info] Trying 322999 possible contractions
[2023-10-24 20:50:28.167] [info] [0/322999] Starting contraction of size 1
[2023-10-24 21:07:43.209] [info] [28/322999] Starting contraction of size 2
[2023-10-24 23:30:02.225] [info] [363/322999] Starting contraction of size 3
[2023-10-25 09:04:12.741] [info] [2617/322999] Starting contraction of size 4
[2023-10-26 02:41:36.814] [info] [12089/322999] Starting contraction of size 5
[2023-10-26 02:51:21.408] [info] All colors passed! Contracted: 16, 17, 31, 33, 40
[2023-10-26 02:51:21.408] [info] Graph is C-reducible!
