[2023-10-24 20:45:00.149] [info] Kempe type: Planar
[2023-10-24 20:45:00.149] [info] Vertex size: 23, Edge size: 41, Ring size: 13
[2023-10-24 20:46:08.360] [info] Started D-reducibility check
[2023-10-24 20:46:08.360] [info] #1: Feasible / Total: 4898 / 66430
[2023-10-24 20:47:34.386] [info] #2: Feasible / Total: 17044 / 66430
[2023-10-24 20:48:45.615] [info] #3: Feasible / Total: 29900 / 66430
[2023-10-24 20:49:33.174] [info] #4: Feasible / Total: 44255 / 66430
[2023-10-24 20:49:51.774] [info] #5: Feasible / Total: 52755 / 66430
[2023-10-24 20:49:55.985] [info] #6: Feasible / Total: 53006 / 66430
[2023-10-24 20:49:59.455] [info] #6: Feasible / Total: 53006 / 66430
[2023-10-24 20:49:59.455] [info] Graph is not D-reducible.
[2023-10-24 20:49:59.697] [info] Started C-reducibility check
[2023-10-24 20:50:05.413] [info] Trying 322999 possible contractions
[2023-10-24 20:50:05.413] [info] [0/322999] Starting contraction of size 1
[2023-10-24 21:07:17.552] [info] [28/322999] Starting contraction of size 2
[2023-10-24 23:33:22.395] [info] [363/322999] Starting contraction of size 3
[2023-10-25 08:59:37.111] [info] [2617/322999] Starting contraction of size 4
[2023-10-26 02:40:36.186] [info] [12088/322999] Starting contraction of size 5
[2023-10-26 05:58:23.598] [info] All colors passed! Contracted: 13, 21, 23, 25, 33
[2023-10-26 05:58:23.598] [info] Graph is C-reducible!
