[2023-10-24 20:44:59.815] [info] Kempe type: Planar
[2023-10-24 20:44:59.815] [info] Vertex size: 23, Edge size: 41, Ring size: 13
[2023-10-24 20:46:10.568] [info] Started D-reducibility check
[2023-10-24 20:46:10.568] [info] #1: Feasible / Total: 4891 / 66430
[2023-10-24 20:47:30.773] [info] #2: Feasible / Total: 15149 / 66430
[2023-10-24 20:48:23.428] [info] #3: Feasible / Total: 24059 / 66430
[2023-10-24 20:48:55.410] [info] #4: Feasible / Total: 29978 / 66430
[2023-10-24 20:49:20.557] [info] #5: Feasible / Total: 35462 / 66430
[2023-10-24 20:49:40.432] [info] #6: Feasible / Total: 44483 / 66430
[2023-10-24 20:49:47.308] [info] #7: Feasible / Total: 46219 / 66430
[2023-10-24 20:49:51.342] [info] #8: Feasible / Total: 46222 / 66430
[2023-10-24 20:49:55.201] [info] #8: Feasible / Total: 46222 / 66430
[2023-10-24 20:49:55.311] [info] Graph is not D-reducible.
[2023-10-24 20:49:55.441] [info] Started C-reducibility check
[2023-10-24 20:50:00.029] [info] Trying 322999 possible contractions
[2023-10-24 20:50:00.029] [info] [0/322999] Starting contraction of size 1
[2023-10-24 21:05:18.916] [info] [28/322999] Starting contraction of size 2
[2023-10-24 23:14:27.127] [info] [363/322999] Starting contraction of size 3
[2023-10-25 08:09:34.604] [info] [2617/322999] Starting contraction of size 4
[2023-10-25 10:59:54.945] [info] All colors passed! Contracted: 13, 14, 16, 17
[2023-10-25 10:59:54.945] [info] Graph is C-reducible!
