[2023-10-24 20:44:58.581] [info] Kempe type: Planar
[2023-10-24 20:44:58.581] [info] Vertex size: 23, Edge size: 41, Ring size: 13
[2023-10-24 20:46:08.596] [info] Started D-reducibility check
[2023-10-24 20:46:08.596] [info] #1: Feasible / Total: 4968 / 66430
[2023-10-24 20:47:18.943] [info] #2: Feasible / Total: 13047 / 66430
[2023-10-24 20:48:17.803] [info] #3: Feasible / Total: 22640 / 66430
[2023-10-24 20:49:02.874] [info] #4: Feasible / Total: 34172 / 66430
[2023-10-24 20:49:33.715] [info] #5: Feasible / Total: 47851 / 66430
[2023-10-24 20:49:42.136] [info] #6: Feasible / Total: 52243 / 66430
[2023-10-24 20:49:45.195] [info] #7: Feasible / Total: 52306 / 66430
[2023-10-24 20:49:48.184] [info] #7: Feasible / Total: 52306 / 66430
[2023-10-24 20:49:48.195] [info] Graph is not D-reducible.
[2023-10-24 20:49:48.405] [info] Started C-reducibility check
[2023-10-24 20:49:52.888] [info] Trying 322999 possible contractions
[2023-10-24 20:49:52.889] [info] [0/322999] Starting contraction of size 1
[2023-10-24 21:05:00.511] [info] [28/322999] Starting contraction of size 2
[2023-10-24 23:13:17.909] [info] [363/322999] Starting contraction of size 3
[2023-10-25 08:53:24.977] [info] [2617/322999] Starting contraction of size 4
[2023-10-25 09:34:34.977] [info] All colors passed! Contracted: 13, 14, 16, 22
[2023-10-25 09:34:34.977] [info] Graph is C-reducible!
