[2023-10-24 20:45:18.883] [info] Kempe type: Planar
[2023-10-24 20:45:18.883] [info] Vertex size: 23, Edge size: 41, Ring size: 13
[2023-10-24 20:46:32.649] [info] Started D-reducibility check
[2023-10-24 20:46:32.649] [info] #1: Feasible / Total: 4638 / 66430
[2023-10-24 20:47:43.491] [info] #2: Feasible / Total: 11861 / 66430
[2023-10-24 20:48:38.894] [info] #3: Feasible / Total: 18863 / 66430
[2023-10-24 20:49:16.629] [info] #4: Feasible / Total: 26033 / 66430
[2023-10-24 20:49:48.057] [info] #5: Feasible / Total: 32997 / 66430
[2023-10-24 20:50:10.116] [info] #6: Feasible / Total: 37784 / 66430
[2023-10-24 20:50:21.847] [info] #7: Feasible / Total: 39492 / 66430
[2023-10-24 20:50:28.788] [info] #8: Feasible / Total: 39679 / 66430
[2023-10-24 20:50:34.518] [info] #9: Feasible / Total: 39692 / 66430
[2023-10-24 20:50:40.362] [info] #9: Feasible / Total: 39692 / 66430
[2023-10-24 20:50:40.362] [info] Graph is not D-reducible.
[2023-10-24 20:50:40.564] [info] Started C-reducibility check
[2023-10-24 20:50:45.077] [info] Trying 322999 possible contractions
[2023-10-24 20:50:45.078] [info] [0/322999] Starting contraction of size 1
[2023-10-24 21:05:23.260] [info] [28/322999] Starting contraction of size 2
[2023-10-24 23:11:45.005] [info] [363/322999] Starting contraction of size 3
[2023-10-25 08:44:21.232] [info] [2617/322999] Starting contraction of size 4
[2023-10-26 02:35:08.722] [info] [12088/322999] Starting contraction of size 5
[2023-10-26 09:49:06.512] [info] All colors passed! Contracted: 15, 16, 22, 38, 40
[2023-10-26 09:49:06.512] [info] Graph is C-reducible!
