[2023-10-24 20:45:19.197] [info] Kempe type: Planar
[2023-10-24 20:45:19.197] [info] Vertex size: 23, Edge size: 41, Ring size: 13
[2023-10-24 20:46:25.608] [info] Started D-reducibility check
[2023-10-24 20:46:25.608] [info] #1: Feasible / Total: 4768 / 66430
[2023-10-24 20:47:31.591] [info] #2: Feasible / Total: 12998 / 66430
[2023-10-24 20:48:29.222] [info] #3: Feasible / Total: 21571 / 66430
[2023-10-24 20:49:17.088] [info] #4: Feasible / Total: 31245 / 66430
[2023-10-24 20:49:54.344] [info] #5: Feasible / Total: 42999 / 66430
[2023-10-24 20:50:08.791] [info] #6: Feasible / Total: 47862 / 66430
[2023-10-24 20:50:13.428] [info] #7: Feasible / Total: 47942 / 66430
[2023-10-24 20:50:17.367] [info] #7: Feasible / Total: 47942 / 66430
[2023-10-24 20:50:17.367] [info] Graph is not D-reducible.
[2023-10-24 20:50:17.601] [info] Started C-reducibility check
[2023-10-24 20:50:22.804] [info] Trying 322999 possible contractions
[2023-10-24 20:50:22.804] [info] [0/322999] Starting contraction of size 1
[2023-10-24 21:05:34.065] [info] [28/322999] Starting contraction of size 2
[2023-10-24 23:10:10.988] [info] [363/322999] Starting contraction of size 3
[2023-10-25 08:40:20.889] [info] [2616/322999] Starting contraction of size 4
[2023-10-25 15:13:20.407] [info] All colors passed! Contracted: 13, 14, 17, 33
[2023-10-25 15:13:20.439] [info] Graph is C-reducible!
