[2023-10-24 20:45:26.358] [info] Kempe type: Planar
[2023-10-24 20:45:26.358] [info] Vertex size: 23, Edge size: 41, Ring size: 13
[2023-10-24 20:46:31.962] [info] Started D-reducibility check
[2023-10-24 20:46:31.963] [info] #1: Feasible / Total: 4812 / 66430
[2023-10-24 20:47:50.493] [info] #2: Feasible / Total: 13258 / 66430
[2023-10-24 20:48:57.289] [info] #3: Feasible / Total: 22392 / 66430
[2023-10-24 20:49:48.033] [info] #4: Feasible / Total: 31765 / 66430
[2023-10-24 20:50:16.988] [info] #5: Feasible / Total: 39180 / 66430
[2023-10-24 20:50:31.515] [info] #6: Feasible / Total: 42342 / 66430
[2023-10-24 20:50:38.995] [info] #7: Feasible / Total: 42609 / 66430
[2023-10-24 20:50:45.269] [info] #8: Feasible / Total: 42611 / 66430
[2023-10-24 20:50:51.567] [info] #8: Feasible / Total: 42611 / 66430
[2023-10-24 20:50:51.567] [info] Graph is not D-reducible.
[2023-10-24 20:50:51.738] [info] Started C-reducibility check
[2023-10-24 20:50:57.198] [info] Trying 322999 possible contractions
[2023-10-24 20:50:57.198] [info] [0/322999] Starting contraction of size 1
[2023-10-24 21:07:19.724] [info] [28/322999] Starting contraction of size 2
[2023-10-24 23:32:48.776] [info] [363/322999] Starting contraction of size 3
[2023-10-25 08:58:34.716] [info] [2617/322999] Starting contraction of size 4
[2023-10-26 02:40:43.081] [info] [12088/322999] Starting contraction of size 5
[2023-10-26 05:10:44.914] [info] All colors passed! Contracted: 14, 16, 20, 22, 26
[2023-10-26 05:10:44.915] [info] Graph is C-reducible!
