[2023-10-24 20:45:31.991] [info] Kempe type: Planar
[2023-10-24 20:45:31.992] [info] Vertex size: 23, Edge size: 41, Ring size: 13
[2023-10-24 20:46:41.957] [info] Started D-reducibility check
[2023-10-24 20:46:41.957] [info] #1: Feasible / Total: 4925 / 66430
[2023-10-24 20:48:00.227] [info] #2: Feasible / Total: 14777 / 66430
[2023-10-24 20:49:08.131] [info] #3: Feasible / Total: 26823 / 66430
[2023-10-24 20:49:50.485] [info] #4: Feasible / Total: 37060 / 66430
[2023-10-24 20:50:10.982] [info] #5: Feasible / Total: 42387 / 66430
[2023-10-24 20:50:18.815] [info] #6: Feasible / Total: 42880 / 66430
[2023-10-24 20:50:23.529] [info] #7: Feasible / Total: 42897 / 66430
[2023-10-24 20:50:27.951] [info] #7: Feasible / Total: 42897 / 66430
[2023-10-24 20:50:27.951] [info] Graph is not D-reducible.
[2023-10-24 20:50:28.188] [info] Started C-reducibility check
[2023-10-24 20:50:33.392] [info] Trying 322999 possible contractions
[2023-10-24 20:50:33.393] [info] [0/322999] Starting contraction of size 1
[2023-10-24 21:05:48.219] [info] [28/322999] Starting contraction of size 2
[2023-10-24 23:14:57.377] [info] [363/322999] Starting contraction of size 3
[2023-10-25 07:58:59.374] [info] [2617/322999] Starting contraction of size 4
[2023-10-26 01:40:51.346] [info] [12089/322999] Starting contraction of size 5
[2023-10-27 01:17:50.255] [info] [38311/322999] Starting contraction of size 6
[2023-10-28 00:44:07.932] [info] [87799/322999] Starting contraction of size 7
[2023-10-28 06:07:02.764] [info] All colors passed! Contracted: 15, 16, 17, 19, 25, 26, 40
[2023-10-28 06:07:02.764] [info] Graph is C-reducible!
