[2023-10-24 20:45:33.925] [info] Kempe type: Planar
[2023-10-24 20:45:33.925] [info] Vertex size: 23, Edge size: 41, Ring size: 13
[2023-10-24 20:46:41.331] [info] Started D-reducibility check
[2023-10-24 20:46:41.331] [info] #1: Feasible / Total: 4910 / 66430
[2023-10-24 20:48:11.939] [info] #2: Feasible / Total: 16160 / 66430
[2023-10-24 20:49:22.924] [info] #3: Feasible / Total: 28889 / 66430
[2023-10-24 20:50:06.282] [info] #4: Feasible / Total: 40226 / 66430
[2023-10-24 20:50:24.542] [info] #5: Feasible / Total: 45662 / 66430
[2023-10-24 20:50:31.463] [info] #6: Feasible / Total: 45981 / 66430
[2023-10-24 20:50:37.465] [info] #7: Feasible / Total: 46005 / 66430
[2023-10-24 20:50:43.264] [info] #8: Feasible / Total: 46016 / 66430
[2023-10-24 20:50:48.298] [info] #8: Feasible / Total: 46016 / 66430
[2023-10-24 20:50:48.298] [info] Graph is not D-reducible.
[2023-10-24 20:50:48.549] [info] Started C-reducibility check
[2023-10-24 20:50:54.227] [info] Trying 322999 possible contractions
[2023-10-24 20:50:54.227] [info] [0/322999] Starting contraction of size 1
[2023-10-24 21:07:38.820] [info] [28/322999] Starting contraction of size 2
[2023-10-24 23:40:18.886] [info] [363/322999] Starting contraction of size 3
[2023-10-25 09:18:04.533] [info] [2617/322999] Starting contraction of size 4
[2023-10-26 03:05:03.242] [info] [12088/322999] Starting contraction of size 5
[2023-10-26 12:03:53.716] [info] All colors passed! Contracted: 13, 14, 15, 16, 25
[2023-10-26 12:03:53.716] [info] Graph is C-reducible!
