[2023-10-24 20:45:58.890] [info] Kempe type: Planar
[2023-10-24 20:45:58.890] [info] Vertex size: 23, Edge size: 41, Ring size: 13
[2023-10-24 20:47:16.669] [info] Started D-reducibility check
[2023-10-24 20:47:16.669] [info] #1: Feasible / Total: 4799 / 66430
[2023-10-24 20:48:31.972] [info] #2: Feasible / Total: 12299 / 66430
[2023-10-24 20:49:30.673] [info] #3: Feasible / Total: 20560 / 66430
[2023-10-24 20:50:21.139] [info] #4: Feasible / Total: 31485 / 66430
[2023-10-24 20:50:58.650] [info] #5: Feasible / Total: 47722 / 66430
[2023-10-24 20:51:09.581] [info] #6: Feasible / Total: 55235 / 66430
[2023-10-24 20:51:12.263] [info] #7: Feasible / Total: 55286 / 66430
[2023-10-24 20:51:14.780] [info] #7: Feasible / Total: 55286 / 66430
[2023-10-24 20:51:14.781] [info] Graph is not D-reducible.
[2023-10-24 20:51:14.946] [info] Started C-reducibility check
[2023-10-24 20:51:20.402] [info] Trying 322999 possible contractions
[2023-10-24 20:51:20.403] [info] [0/322999] Starting contraction of size 1
[2023-10-24 21:05:58.787] [info] [28/322999] Starting contraction of size 2
[2023-10-24 23:14:31.352] [info] [363/322999] Starting contraction of size 3
[2023-10-25 08:03:54.272] [info] [2617/322999] Starting contraction of size 4
[2023-10-25 10:47:59.298] [info] All colors passed! Contracted: 16, 17, 19, 40
[2023-10-25 10:47:59.299] [info] Graph is C-reducible!
