[2023-10-24 20:45:59.557] [info] Kempe type: Planar
[2023-10-24 20:45:59.557] [info] Vertex size: 23, Edge size: 41, Ring size: 13
[2023-10-24 20:47:17.613] [info] Started D-reducibility check
[2023-10-24 20:47:17.613] [info] #1: Feasible / Total: 4624 / 66430
[2023-10-24 20:48:30.434] [info] #2: Feasible / Total: 11940 / 66430
[2023-10-24 20:49:28.165] [info] #3: Feasible / Total: 19496 / 66430
[2023-10-24 20:50:09.625] [info] #4: Feasible / Total: 26040 / 66430
[2023-10-24 20:50:43.381] [info] #5: Feasible / Total: 31109 / 66430
[2023-10-24 20:51:09.098] [info] #6: Feasible / Total: 36455 / 66430
[2023-10-24 20:51:24.314] [info] #7: Feasible / Total: 39842 / 66430
[2023-10-24 20:51:31.381] [info] #8: Feasible / Total: 40127 / 66430
[2023-10-24 20:51:35.989] [info] #9: Feasible / Total: 40131 / 66430
[2023-10-24 20:51:40.595] [info] #9: Feasible / Total: 40131 / 66430
[2023-10-24 20:51:40.595] [info] Graph is not D-reducible.
[2023-10-24 20:51:40.741] [info] Started C-reducibility check
[2023-10-24 20:51:45.428] [info] Trying 322999 possible contractions
[2023-10-24 20:51:45.428] [info] [0/322999] Starting contraction of size 1
[2023-10-24 21:06:04.104] [info] [28/322999] Starting contraction of size 2
[2023-10-24 23:09:27.681] [info] [363/322999] Starting contraction of size 3
[2023-10-25 08:00:12.788] [info] [2617/322999] Starting contraction of size 4
[2023-10-26 01:09:32.938] [info] [12088/322999] Starting contraction of size 5
[2023-10-26 14:16:12.808] [info] All colors passed! Contracted: 13, 14, 17, 22, 35
[2023-10-26 14:16:12.823] [info] Graph is C-reducible!
