[2023-10-24 20:45:49.987] [info] Kempe type: Planar
[2023-10-24 20:45:49.987] [info] Vertex size: 23, Edge size: 41, Ring size: 13
[2023-10-24 20:47:00.545] [info] Started D-reducibility check
[2023-10-24 20:47:00.567] [info] #1: Feasible / Total: 4773 / 66430
[2023-10-24 20:48:07.631] [info] #2: Feasible / Total: 12111 / 66430
[2023-10-24 20:49:01.814] [info] #3: Feasible / Total: 19846 / 66430
[2023-10-24 20:49:48.799] [info] #4: Feasible / Total: 30810 / 66430
[2023-10-24 20:50:19.758] [info] #5: Feasible / Total: 41748 / 66430
[2023-10-24 20:50:30.038] [info] #6: Feasible / Total: 45288 / 66430
[2023-10-24 20:50:34.281] [info] #7: Feasible / Total: 45307 / 66430
[2023-10-24 20:50:38.373] [info] #7: Feasible / Total: 45307 / 66430
[2023-10-24 20:50:38.373] [info] Graph is not D-reducible.
[2023-10-24 20:50:38.611] [info] Started C-reducibility check
[2023-10-24 20:50:43.861] [info] Trying 322999 possible contractions
[2023-10-24 20:50:43.861] [info] [0/322999] Starting contraction of size 1
[2023-10-24 21:05:51.660] [info] [28/322999] Starting contraction of size 2
[2023-10-24 23:17:05.704] [info] [363/322999] Starting contraction of size 3
[2023-10-25 08:04:16.609] [info] [2617/322999] Starting contraction of size 4
[2023-10-26 01:28:42.023] [info] [12088/322999] Starting contraction of size 5
[2023-10-26 02:09:01.529] [info] All colors passed! Contracted: 15, 16, 17, 19, 40
[2023-10-26 02:09:01.529] [info] Graph is C-reducible!
