[2023-10-24 20:45:35.505] [info] Kempe type: Planar
[2023-10-24 20:45:35.505] [info] Vertex size: 23, Edge size: 41, Ring size: 13
[2023-10-24 20:46:47.175] [info] Started D-reducibility check
[2023-10-24 20:46:47.315] [info] #1: Feasible / Total: 4966 / 66430
[2023-10-24 20:48:20.401] [info] #2: Feasible / Total: 14890 / 66430
[2023-10-24 20:49:33.537] [info] #3: Feasible / Total: 28324 / 66430
[2023-10-24 20:50:22.441] [info] #4: Feasible / Total: 46741 / 66430
[2023-10-24 20:50:36.174] [info] #5: Feasible / Total: 53207 / 66430
[2023-10-24 20:50:40.356] [info] #6: Feasible / Total: 53294 / 66430
[2023-10-24 20:50:44.089] [info] #6: Feasible / Total: 53294 / 66430
[2023-10-24 20:50:44.089] [info] Graph is not D-reducible.
[2023-10-24 20:50:44.331] [info] Started C-reducibility check
[2023-10-24 20:50:50.664] [info] Trying 322999 possible contractions
[2023-10-24 20:50:50.664] [info] [0/322999] Starting contraction of size 1
[2023-10-24 21:08:16.686] [info] [28/322999] Starting contraction of size 2
[2023-10-24 23:36:21.715] [info] [363/322999] Starting contraction of size 3
[2023-10-25 09:16:03.456] [info] [2617/322999] Starting contraction of size 4
[2023-10-26 03:11:17.759] [info] [12089/322999] Starting contraction of size 5
[2023-10-26 19:28:37.668] [info] All colors passed! Contracted: 14, 15, 16, 25, 27
[2023-10-26 19:28:37.668] [info] Graph is C-reducible!
