[2023-10-24 20:45:44.961] [info] Kempe type: Planar
[2023-10-24 20:45:44.961] [info] Vertex size: 23, Edge size: 41, Ring size: 13
[2023-10-24 20:46:56.373] [info] Started D-reducibility check
[2023-10-24 20:46:56.374] [info] #1: Feasible / Total: 4773 / 66430
[2023-10-24 20:48:05.413] [info] #2: Feasible / Total: 13543 / 66430
[2023-10-24 20:49:01.398] [info] #3: Feasible / Total: 23442 / 66430
[2023-10-24 20:49:35.886] [info] #4: Feasible / Total: 32496 / 66430
[2023-10-24 20:49:54.809] [info] #5: Feasible / Total: 40101 / 66430
[2023-10-24 20:50:02.898] [info] #6: Feasible / Total: 42085 / 66430
[2023-10-24 20:50:07.919] [info] #7: Feasible / Total: 42100 / 66430
[2023-10-24 20:50:12.550] [info] #7: Feasible / Total: 42100 / 66430
[2023-10-24 20:50:12.550] [info] Graph is not D-reducible.
[2023-10-24 20:50:12.749] [info] Started C-reducibility check
[2023-10-24 20:50:17.247] [info] Trying 322999 possible contractions
[2023-10-24 20:50:17.247] [info] [0/322999] Starting contraction of size 1
[2023-10-24 21:05:13.930] [info] [28/322999] Starting contraction of size 2
[2023-10-24 23:13:09.643] [info] [363/322999] Starting contraction of size 3
[2023-10-25 09:00:02.115] [info] [2617/322999] Starting contraction of size 4
[2023-10-25 15:37:33.611] [info] All colors passed! Contracted: 13, 14, 15, 16
[2023-10-25 15:37:33.631] [info] Graph is C-reducible!
