[2023-10-24 20:45:52.978] [info] Kempe type: Planar
[2023-10-24 20:45:52.978] [info] Vertex size: 23, Edge size: 41, Ring size: 13
[2023-10-24 20:47:03.875] [info] Started D-reducibility check
[2023-10-24 20:47:03.875] [info] #1: Feasible / Total: 4647 / 66430
[2023-10-24 20:48:11.455] [info] #2: Feasible / Total: 12438 / 66430
[2023-10-24 20:49:02.122] [info] #3: Feasible / Total: 20668 / 66430
[2023-10-24 20:49:34.314] [info] #4: Feasible / Total: 27427 / 66430
[2023-10-24 20:49:55.866] [info] #5: Feasible / Total: 33502 / 66430
[2023-10-24 20:50:09.827] [info] #6: Feasible / Total: 38558 / 66430
[2023-10-24 20:50:16.762] [info] #7: Feasible / Total: 39419 / 66430
[2023-10-24 20:50:21.870] [info] #8: Feasible / Total: 39454 / 66430
[2023-10-24 20:50:26.557] [info] #8: Feasible / Total: 39454 / 66430
[2023-10-24 20:50:26.558] [info] Graph is not D-reducible.
[2023-10-24 20:50:26.772] [info] Started C-reducibility check
[2023-10-24 20:50:31.393] [info] Trying 322999 possible contractions
[2023-10-24 20:50:31.393] [info] [0/322999] Starting contraction of size 1
[2023-10-24 21:05:25.823] [info] [28/322999] Starting contraction of size 2
[2023-10-24 23:13:44.192] [info] [363/322999] Starting contraction of size 3
[2023-10-25 07:56:39.406] [info] [2617/322999] Starting contraction of size 4
[2023-10-25 18:39:01.443] [info] All colors passed! Contracted: 13, 15, 19, 30
[2023-10-25 18:39:01.443] [info] Graph is C-reducible!
