[2023-10-24 20:45:48.037] [info] Kempe type: Planar
[2023-10-24 20:45:48.037] [info] Vertex size: 23, Edge size: 41, Ring size: 13
[2023-10-24 20:47:02.427] [info] Started D-reducibility check
[2023-10-24 20:47:02.428] [info] #1: Feasible / Total: 4991 / 66430
[2023-10-24 20:48:17.441] [info] #2: Feasible / Total: 14907 / 66430
[2023-10-24 20:49:34.019] [info] #3: Feasible / Total: 29252 / 66430
[2023-10-24 20:50:24.725] [info] #4: Feasible / Total: 48428 / 66430
[2023-10-24 20:50:37.173] [info] #5: Feasible / Total: 53694 / 66430
[2023-10-24 20:50:41.060] [info] #6: Feasible / Total: 53707 / 66430
[2023-10-24 20:50:44.808] [info] #6: Feasible / Total: 53707 / 66430
[2023-10-24 20:50:44.808] [info] Graph is not D-reducible.
[2023-10-24 20:50:45.095] [info] Started C-reducibility check
[2023-10-24 20:50:51.243] [info] Trying 322999 possible contractions
[2023-10-24 20:50:51.243] [info] [0/322999] Starting contraction of size 1
[2023-10-24 21:08:17.294] [info] [28/322999] Starting contraction of size 2
[2023-10-24 23:36:26.319] [info] [363/322999] Starting contraction of size 3
[2023-10-25 09:19:33.281] [info] [2616/322999] Starting contraction of size 4
[2023-10-26 03:10:15.826] [info] [12072/322999] Starting contraction of size 5
[2023-10-27 02:24:51.921] [info] [38197/322999] Starting contraction of size 6
[2023-10-28 01:33:12.900] [info] [87415/322999] Starting contraction of size 7
[2023-10-28 08:31:56.282] [info] All colors passed! Contracted: 13, 14, 15, 16, 17, 23, 24
[2023-10-28 08:31:56.282] [info] Graph is C-reducible!
