[2023-10-24 20:45:35.852] [info] Kempe type: Planar
[2023-10-24 20:45:35.852] [info] Vertex size: 23, Edge size: 41, Ring size: 13
[2023-10-24 20:46:42.170] [info] Started D-reducibility check
[2023-10-24 20:46:42.170] [info] #1: Feasible / Total: 4962 / 66430
[2023-10-24 20:47:59.405] [info] #2: Feasible / Total: 15151 / 66430
[2023-10-24 20:48:59.308] [info] #3: Feasible / Total: 27905 / 66430
[2023-10-24 20:49:39.865] [info] #4: Feasible / Total: 42536 / 66430
[2023-10-24 20:49:55.165] [info] #5: Feasible / Total: 50958 / 66430
[2023-10-24 20:49:58.760] [info] #6: Feasible / Total: 51204 / 66430
[2023-10-24 20:50:01.483] [info] #6: Feasible / Total: 51204 / 66430
[2023-10-24 20:50:01.483] [info] Graph is not D-reducible.
[2023-10-24 20:50:01.716] [info] Started C-reducibility check
[2023-10-24 20:50:06.915] [info] Trying 322999 possible contractions
[2023-10-24 20:50:06.915] [info] [0/322999] Starting contraction of size 1
[2023-10-24 21:05:24.041] [info] [28/322999] Starting contraction of size 2
[2023-10-24 23:12:19.464] [info] [363/322999] Starting contraction of size 3
[2023-10-25 08:24:23.554] [info] [2617/322999] Starting contraction of size 4
[2023-10-26 02:18:52.143] [info] [12088/322999] Starting contraction of size 5
[2023-10-26 08:32:57.688] [info] All colors passed! Contracted: 16, 21, 26, 34, 40
[2023-10-26 08:32:57.688] [info] Graph is C-reducible!
