[2023-10-24 20:45:38.902] [info] Kempe type: Planar
[2023-10-24 20:45:38.902] [info] Vertex size: 23, Edge size: 41, Ring size: 13
[2023-10-24 20:46:43.517] [info] Started D-reducibility check
[2023-10-24 20:46:43.517] [info] #1: Feasible / Total: 4785 / 66430
[2023-10-24 20:48:01.913] [info] #2: Feasible / Total: 13617 / 66430
[2023-10-24 20:49:06.789] [info] #3: Feasible / Total: 22984 / 66430
[2023-10-24 20:49:47.941] [info] #4: Feasible / Total: 31983 / 66430
[2023-10-24 20:50:16.647] [info] #5: Feasible / Total: 41019 / 66430
[2023-10-24 20:50:27.299] [info] #6: Feasible / Total: 42640 / 66430
[2023-10-24 20:50:33.838] [info] #7: Feasible / Total: 42644 / 66430
[2023-10-24 20:50:39.838] [info] #7: Feasible / Total: 42644 / 66430
[2023-10-24 20:50:39.838] [info] Graph is not D-reducible.
[2023-10-24 20:50:40.073] [info] Started C-reducibility check
[2023-10-24 20:50:45.364] [info] Trying 322999 possible contractions
[2023-10-24 20:50:45.364] [info] [0/322999] Starting contraction of size 1
[2023-10-24 21:07:12.627] [info] [28/322999] Starting contraction of size 2
[2023-10-24 23:33:25.618] [info] [363/322999] Starting contraction of size 3
[2023-10-25 09:05:50.440] [info] [2616/322999] Starting contraction of size 4
[2023-10-26 01:30:07.635] [info] All colors passed! Contracted: 18, 20, 28, 30
[2023-10-26 01:30:07.643] [info] Graph is C-reducible!
