[2023-10-24 20:45:28.818] [info] Kempe type: Planar
[2023-10-24 20:45:28.818] [info] Vertex size: 23, Edge size: 41, Ring size: 13
[2023-10-24 20:46:37.621] [info] Started D-reducibility check
[2023-10-24 20:46:37.621] [info] #1: Feasible / Total: 4812 / 66430
[2023-10-24 20:47:50.309] [info] #2: Feasible / Total: 12965 / 66430
[2023-10-24 20:48:46.397] [info] #3: Feasible / Total: 21978 / 66430
[2023-10-24 20:49:28.447] [info] #4: Feasible / Total: 31352 / 66430
[2023-10-24 20:49:53.751] [info] #5: Feasible / Total: 38339 / 66430
[2023-10-24 20:50:07.295] [info] #6: Feasible / Total: 41503 / 66430
[2023-10-24 20:50:12.515] [info] #7: Feasible / Total: 41830 / 66430
[2023-10-24 20:50:16.618] [info] #8: Feasible / Total: 41834 / 66430
[2023-10-24 20:50:20.944] [info] #8: Feasible / Total: 41834 / 66430
[2023-10-24 20:50:20.944] [info] Graph is not D-reducible.
[2023-10-24 20:50:21.098] [info] Started C-reducibility check
[2023-10-24 20:50:25.959] [info] Trying 322999 possible contractions
[2023-10-24 20:50:25.959] [info] [0/322999] Starting contraction of size 1
[2023-10-24 21:05:16.498] [info] [28/322999] Starting contraction of size 2
[2023-10-24 23:15:38.419] [info] [363/322999] Starting contraction of size 3
[2023-10-25 07:58:36.088] [info] [2617/322999] Starting contraction of size 4
[2023-10-26 01:05:34.032] [info] [12088/322999] Starting contraction of size 5
[2023-10-26 09:00:56.903] [info] All colors passed! Contracted: 14, 16, 20, 22, 26
[2023-10-26 09:00:56.904] [info] Graph is C-reducible!
