[2023-10-24 20:45:31.449] [info] Kempe type: Planar
[2023-10-24 20:45:31.450] [info] Vertex size: 23, Edge size: 41, Ring size: 13
[2023-10-24 20:46:41.185] [info] Started D-reducibility check
[2023-10-24 20:46:41.185] [info] #1: Feasible / Total: 4943 / 66430
[2023-10-24 20:48:00.876] [info] #2: Feasible / Total: 15701 / 66430
[2023-10-24 20:49:01.351] [info] #3: Feasible / Total: 27752 / 66430
[2023-10-24 20:49:38.168] [info] #4: Feasible / Total: 37757 / 66430
[2023-10-24 20:49:58.752] [info] #5: Feasible / Total: 43256 / 66430
[2023-10-24 20:50:05.721] [info] #6: Feasible / Total: 43732 / 66430
[2023-10-24 20:50:10.133] [info] #7: Feasible / Total: 43746 / 66430
[2023-10-24 20:50:13.933] [info] #7: Feasible / Total: 43746 / 66430
[2023-10-24 20:50:13.933] [info] Graph is not D-reducible.
[2023-10-24 20:50:14.159] [info] Started C-reducibility check
[2023-10-24 20:50:19.021] [info] Trying 322999 possible contractions
[2023-10-24 20:50:19.021] [info] [0/322999] Starting contraction of size 1
[2023-10-24 21:05:23.150] [info] [28/322999] Starting contraction of size 2
[2023-10-24 23:14:25.528] [info] [363/322999] Starting contraction of size 3
[2023-10-25 08:07:16.710] [info] [2617/322999] Starting contraction of size 4
[2023-10-26 01:17:00.308] [info] [12089/322999] Starting contraction of size 5
[2023-10-27 00:57:04.547] [info] [38311/322999] Starting contraction of size 6
[2023-10-28 00:29:42.912] [info] [87798/322999] Starting contraction of size 7
[2023-10-28 18:52:00.593] [info] [153491/322999] Starting contraction of size 8
[2023-10-28 20:05:10.503] [info] All colors passed! Contracted: 13, 14, 15, 20, 21, 23, 26, 27
[2023-10-28 20:05:10.503] [info] Graph is C-reducible!
