[2023-10-24 20:46:02.965] [info] Kempe type: Planar
[2023-10-24 20:46:02.965] [info] Vertex size: 23, Edge size: 41, Ring size: 13
[2023-10-24 20:47:13.932] [info] Started D-reducibility check
[2023-10-24 20:47:13.932] [info] #1: Feasible / Total: 4956 / 66430
[2023-10-24 20:48:32.536] [info] #2: Feasible / Total: 13646 / 66430
[2023-10-24 20:49:36.516] [info] #3: Feasible / Total: 24218 / 66430
[2023-10-24 20:50:21.452] [info] #4: Feasible / Total: 37391 / 66430
[2023-10-24 20:50:45.012] [info] #5: Feasible / Total: 47062 / 66430
[2023-10-24 20:50:50.955] [info] #6: Feasible / Total: 47774 / 66430
[2023-10-24 20:50:55.147] [info] #6: Feasible / Total: 47774 / 66430
[2023-10-24 20:50:55.147] [info] Graph is not D-reducible.
[2023-10-24 20:50:55.318] [info] Started C-reducibility check
[2023-10-24 20:51:00.755] [info] Trying 322999 possible contractions
[2023-10-24 20:51:00.755] [info] [0/322999] Starting contraction of size 1
[2023-10-24 21:07:37.624] [info] [28/322999] Starting contraction of size 2
[2023-10-24 23:32:44.375] [info] [363/322999] Starting contraction of size 3
[2023-10-25 08:24:09.108] [info] [2617/322999] Starting contraction of size 4
[2023-10-26 01:16:00.859] [info] [12088/322999] Starting contraction of size 5
[2023-10-26 23:57:41.559] [info] All colors passed! Contracted: 13, 14, 15, 16, 26
[2023-10-26 23:57:41.559] [info] Graph is C-reducible!
