[2023-10-24 20:46:10.613] [info] Kempe type: Planar
[2023-10-24 20:46:10.613] [info] Vertex size: 23, Edge size: 41, Ring size: 13
[2023-10-24 20:47:24.741] [info] Started D-reducibility check
[2023-10-24 20:47:24.741] [info] #1: Feasible / Total: 4968 / 66430
[2023-10-24 20:48:47.185] [info] #2: Feasible / Total: 15215 / 66430
[2023-10-24 20:50:02.440] [info] #3: Feasible / Total: 32145 / 66430
[2023-10-24 20:50:45.400] [info] #4: Feasible / Total: 53767 / 66430
[2023-10-24 20:50:51.905] [info] #5: Feasible / Total: 57033 / 66430
[2023-10-24 20:50:54.163] [info] #6: Feasible / Total: 57034 / 66430
[2023-10-24 20:50:56.512] [info] #6: Feasible / Total: 57034 / 66430
[2023-10-24 20:50:56.513] [info] Graph is not D-reducible.
[2023-10-24 20:50:56.687] [info] Started C-reducibility check
[2023-10-24 20:51:02.126] [info] Trying 322999 possible contractions
[2023-10-24 20:51:02.126] [info] [0/322999] Starting contraction of size 1
[2023-10-24 21:07:18.479] [info] [28/322999] Starting contraction of size 2
[2023-10-24 23:30:18.355] [info] [363/322999] Starting contraction of size 3
[2023-10-25 08:02:48.553] [info] [2615/322999] Starting contraction of size 4
[2023-10-26 01:08:07.509] [info] [12055/322999] Starting contraction of size 5
[2023-10-26 23:58:57.893] [info] [38084/322999] Starting contraction of size 6
[2023-10-27 00:07:59.754] [info] All colors passed! Contracted: 14, 16, 20, 22, 26, 33
[2023-10-27 00:07:59.754] [info] Graph is C-reducible!
