[2023-10-24 20:46:02.357] [info] Kempe type: Planar
[2023-10-24 20:46:02.357] [info] Vertex size: 23, Edge size: 41, Ring size: 13
[2023-10-24 20:47:20.699] [info] Started D-reducibility check
[2023-10-24 20:47:20.699] [info] #1: Feasible / Total: 4971 / 66430
[2023-10-24 20:48:34.443] [info] #2: Feasible / Total: 13475 / 66430
[2023-10-24 20:49:41.309] [info] #3: Feasible / Total: 24998 / 66430
[2023-10-24 20:50:26.227] [info] #4: Feasible / Total: 38294 / 66430
[2023-10-24 20:50:47.532] [info] #5: Feasible / Total: 46072 / 66430
[2023-10-24 20:50:53.811] [info] #6: Feasible / Total: 46600 / 66430
[2023-10-24 20:50:58.937] [info] #6: Feasible / Total: 46600 / 66430
[2023-10-24 20:50:58.937] [info] Graph is not D-reducible.
[2023-10-24 20:50:59.168] [info] Started C-reducibility check
[2023-10-24 20:51:04.125] [info] Trying 322999 possible contractions
[2023-10-24 20:51:04.125] [info] [0/322999] Starting contraction of size 1
[2023-10-24 21:05:54.675] [info] [28/322999] Starting contraction of size 2
[2023-10-24 23:20:02.591] [info] [363/322999] Starting contraction of size 3
[2023-10-25 08:09:13.888] [info] [2617/322999] Starting contraction of size 4
[2023-10-26 01:24:58.462] [info] [12088/322999] Starting contraction of size 5
[2023-10-26 08:24:33.903] [info] All colors passed! Contracted: 14, 16, 17, 21, 25
[2023-10-26 08:24:33.903] [info] Graph is C-reducible!
