[2023-10-24 20:46:08.494] [info] Kempe type: Planar
[2023-10-24 20:46:08.494] [info] Vertex size: 23, Edge size: 41, Ring size: 13
[2023-10-24 20:47:21.616] [info] Started D-reducibility check
[2023-10-24 20:47:21.616] [info] #1: Feasible / Total: 4759 / 66430
[2023-10-24 20:48:33.723] [info] #2: Feasible / Total: 12204 / 66430
[2023-10-24 20:49:37.521] [info] #3: Feasible / Total: 20289 / 66430
[2023-10-24 20:50:23.907] [info] #4: Feasible / Total: 31391 / 66430
[2023-10-24 20:50:53.200] [info] #5: Feasible / Total: 42656 / 66430
[2023-10-24 20:51:02.426] [info] #6: Feasible / Total: 46003 / 66430
[2023-10-24 20:51:07.454] [info] #7: Feasible / Total: 46064 / 66430
[2023-10-24 20:51:12.249] [info] #7: Feasible / Total: 46064 / 66430
[2023-10-24 20:51:12.249] [info] Graph is not D-reducible.
[2023-10-24 20:51:12.488] [info] Started C-reducibility check
[2023-10-24 20:51:17.945] [info] Trying 322999 possible contractions
[2023-10-24 20:51:17.945] [info] [0/322999] Starting contraction of size 1
[2023-10-24 21:05:53.021] [info] [28/322999] Starting contraction of size 2
[2023-10-24 23:12:58.990] [info] [363/322999] Starting contraction of size 3
[2023-10-25 08:01:12.437] [info] [2617/322999] Starting contraction of size 4
[2023-10-26 01:02:38.126] [info] [12088/322999] Starting contraction of size 5
[2023-10-26 11:11:06.400] [info] All colors passed! Contracted: 13, 14, 15, 16, 17
[2023-10-26 11:11:06.400] [info] Graph is C-reducible!
