[2023-10-24 20:46:15.573] [info] Kempe type: Planar
[2023-10-24 20:46:15.574] [info] Vertex size: 23, Edge size: 41, Ring size: 13
[2023-10-24 20:47:29.089] [info] Started D-reducibility check
[2023-10-24 20:47:29.089] [info] #1: Feasible / Total: 4799 / 66430
[2023-10-24 20:48:47.981] [info] #2: Feasible / Total: 13307 / 66430
[2023-10-24 20:49:49.234] [info] #3: Feasible / Total: 21395 / 66430
[2023-10-24 20:50:29.697] [info] #4: Feasible / Total: 27527 / 66430
[2023-10-24 20:50:56.651] [info] #5: Feasible / Total: 31681 / 66430
[2023-10-24 20:51:16.221] [info] #6: Feasible / Total: 34907 / 66430
[2023-10-24 20:51:28.035] [info] #7: Feasible / Total: 36268 / 66430
[2023-10-24 20:51:35.815] [info] #8: Feasible / Total: 36433 / 66430
[2023-10-24 20:51:41.898] [info] #9: Feasible / Total: 36438 / 66430
[2023-10-24 20:51:47.777] [info] #9: Feasible / Total: 36438 / 66430
[2023-10-24 20:51:47.777] [info] Graph is not D-reducible.
[2023-10-24 20:51:47.979] [info] Started C-reducibility check
[2023-10-24 20:51:53.405] [info] Trying 322999 possible contractions
[2023-10-24 20:51:53.405] [info] [0/322999] Starting contraction of size 1
[2023-10-24 21:08:29.319] [info] [28/322999] Starting contraction of size 2
[2023-10-24 23:32:45.656] [info] [363/322999] Starting contraction of size 3
[2023-10-25 09:13:19.835] [info] [2617/322999] Starting contraction of size 4
[2023-10-25 22:11:24.250] [info] All colors passed! Contracted: 13, 15, 19, 32
[2023-10-25 22:11:24.250] [info] Graph is C-reducible!
