[2023-10-24 20:46:02.757] [info] Kempe type: Planar
[2023-10-24 20:46:02.757] [info] Vertex size: 23, Edge size: 41, Ring size: 13
[2023-10-24 20:47:19.126] [info] Started D-reducibility check
[2023-10-24 20:47:19.126] [info] #1: Feasible / Total: 4810 / 66430
[2023-10-24 20:48:33.941] [info] #2: Feasible / Total: 13296 / 66430
[2023-10-24 20:49:37.514] [info] #3: Feasible / Total: 23683 / 66430
[2023-10-24 20:50:22.834] [info] #4: Feasible / Total: 34336 / 66430
[2023-10-24 20:50:46.923] [info] #5: Feasible / Total: 41873 / 66430
[2023-10-24 20:50:56.563] [info] #6: Feasible / Total: 43432 / 66430
[2023-10-24 20:51:02.873] [info] #7: Feasible / Total: 43458 / 66430
[2023-10-24 20:51:09.007] [info] #7: Feasible / Total: 43458 / 66430
[2023-10-24 20:51:09.087] [info] Graph is not D-reducible.
[2023-10-24 20:51:09.257] [info] Started C-reducibility check
[2023-10-24 20:51:14.718] [info] Trying 322999 possible contractions
[2023-10-24 20:51:14.718] [info] [0/322999] Starting contraction of size 1
[2023-10-24 21:07:06.119] [info] [28/322999] Starting contraction of size 2
[2023-10-24 23:15:24.366] [info] [363/322999] Starting contraction of size 3
[2023-10-25 07:58:32.489] [info] [2617/322999] Starting contraction of size 4
[2023-10-25 08:19:10.582] [info] All colors passed! Contracted: 15, 19, 25, 40
[2023-10-25 08:19:10.582] [info] Graph is C-reducible!
