[2023-10-24 20:46:09.051] [info] Kempe type: Planar
[2023-10-24 20:46:09.051] [info] Vertex size: 23, Edge size: 41, Ring size: 13
[2023-10-24 20:47:24.927] [info] Started D-reducibility check
[2023-10-24 20:47:24.927] [info] #1: Feasible / Total: 4816 / 66430
[2023-10-24 20:48:41.593] [info] #2: Feasible / Total: 12844 / 66430
[2023-10-24 20:49:50.332] [info] #3: Feasible / Total: 23734 / 66430
[2023-10-24 20:50:39.985] [info] #4: Feasible / Total: 39446 / 66430
[2023-10-24 20:50:59.691] [info] #5: Feasible / Total: 47277 / 66430
[2023-10-24 20:51:06.799] [info] #6: Feasible / Total: 48038 / 66430
[2023-10-24 20:51:11.500] [info] #7: Feasible / Total: 48049 / 66430
[2023-10-24 20:51:15.791] [info] #7: Feasible / Total: 48049 / 66430
[2023-10-24 20:51:15.791] [info] Graph is not D-reducible.
[2023-10-24 20:51:15.961] [info] Started C-reducibility check
[2023-10-24 20:51:21.422] [info] Trying 322999 possible contractions
[2023-10-24 20:51:21.422] [info] [0/322999] Starting contraction of size 1
[2023-10-24 21:07:41.410] [info] [28/322999] Starting contraction of size 2
[2023-10-24 23:29:27.844] [info] [363/322999] Starting contraction of size 3
[2023-10-25 08:58:22.685] [info] [2617/322999] Starting contraction of size 4
[2023-10-26 02:35:03.824] [info] [12089/322999] Starting contraction of size 5
[2023-10-26 02:54:46.683] [info] All colors passed! Contracted: 15, 16, 17, 19, 40
[2023-10-26 02:54:46.684] [info] Graph is C-reducible!
