[2023-10-24 20:46:15.946] [info] Kempe type: Planar
[2023-10-24 20:46:15.946] [info] Vertex size: 23, Edge size: 41, Ring size: 13
[2023-10-24 20:47:26.852] [info] Started D-reducibility check
[2023-10-24 20:47:26.852] [info] #1: Feasible / Total: 4716 / 66430
[2023-10-24 20:48:33.638] [info] #2: Feasible / Total: 12739 / 66430
[2023-10-24 20:49:25.025] [info] #3: Feasible / Total: 21245 / 66430
[2023-10-24 20:50:01.124] [info] #4: Feasible / Total: 29274 / 66430
[2023-10-24 20:50:24.585] [info] #5: Feasible / Total: 35406 / 66430
[2023-10-24 20:50:39.492] [info] #6: Feasible / Total: 38561 / 66430
[2023-10-24 20:50:51.797] [info] #7: Feasible / Total: 41245 / 66430
[2023-10-24 20:51:01.746] [info] #8: Feasible / Total: 44644 / 66430
[2023-10-24 20:51:06.700] [info] #9: Feasible / Total: 44966 / 66430
[2023-10-24 20:51:10.268] [info] #9: Feasible / Total: 44966 / 66430
[2023-10-24 20:51:10.268] [info] Graph is not D-reducible.
[2023-10-24 20:51:10.394] [info] Started C-reducibility check
[2023-10-24 20:51:14.800] [info] Trying 322999 possible contractions
[2023-10-24 20:51:14.800] [info] [0/322999] Starting contraction of size 1
[2023-10-24 21:06:02.604] [info] [28/322999] Starting contraction of size 2
[2023-10-24 23:12:32.069] [info] [363/322999] Starting contraction of size 3
[2023-10-25 06:39:39.240] [info] All colors passed! Contracted: 18, 29, 31
[2023-10-25 06:39:39.240] [info] Graph is C-reducible!
