[2023-10-24 20:46:18.005] [info] Kempe type: Planar
[2023-10-24 20:46:18.005] [info] Vertex size: 23, Edge size: 41, Ring size: 13
[2023-10-24 20:47:29.530] [info] Started D-reducibility check
[2023-10-24 20:47:29.530] [info] #1: Feasible / Total: 4775 / 66430
[2023-10-24 20:48:36.879] [info] #2: Feasible / Total: 12622 / 66430
[2023-10-24 20:49:27.948] [info] #3: Feasible / Total: 20862 / 66430
[2023-10-24 20:50:00.856] [info] #4: Feasible / Total: 27326 / 66430
[2023-10-24 20:50:24.079] [info] #5: Feasible / Total: 31794 / 66430
[2023-10-24 20:50:41.253] [info] #6: Feasible / Total: 35316 / 66430
[2023-10-24 20:50:52.139] [info] #7: Feasible / Total: 36757 / 66430
[2023-10-24 20:50:59.766] [info] #8: Feasible / Total: 36919 / 66430
[2023-10-24 20:51:06.128] [info] #9: Feasible / Total: 36922 / 66430
[2023-10-24 20:51:11.161] [info] #9: Feasible / Total: 36922 / 66430
[2023-10-24 20:51:11.162] [info] Graph is not D-reducible.
[2023-10-24 20:51:11.363] [info] Started C-reducibility check
[2023-10-24 20:51:15.823] [info] Trying 322999 possible contractions
[2023-10-24 20:51:15.823] [info] [0/322999] Starting contraction of size 1
[2023-10-24 21:05:38.730] [info] [28/322999] Starting contraction of size 2
[2023-10-24 23:12:08.939] [info] [363/322999] Starting contraction of size 3
[2023-10-25 07:55:42.378] [info] [2617/322999] Starting contraction of size 4
[2023-10-25 19:20:59.028] [info] All colors passed! Contracted: 13, 15, 19, 32
[2023-10-25 19:20:59.035] [info] Graph is C-reducible!
