[2023-10-24 20:46:21.793] [info] Kempe type: Planar
[2023-10-24 20:46:21.793] [info] Vertex size: 23, Edge size: 41, Ring size: 13
[2023-10-24 20:47:31.283] [info] Started D-reducibility check
[2023-10-24 20:47:31.284] [info] #1: Feasible / Total: 4635 / 66430
[2023-10-24 20:48:37.887] [info] #2: Feasible / Total: 12146 / 66430
[2023-10-24 20:49:27.459] [info] #3: Feasible / Total: 19251 / 66430
[2023-10-24 20:49:59.504] [info] #4: Feasible / Total: 25996 / 66430
[2023-10-24 20:50:23.627] [info] #5: Feasible / Total: 32357 / 66430
[2023-10-24 20:50:40.241] [info] #6: Feasible / Total: 37415 / 66430
[2023-10-24 20:50:49.480] [info] #7: Feasible / Total: 39276 / 66430
[2023-10-24 20:50:55.560] [info] #8: Feasible / Total: 39330 / 66430
[2023-10-24 20:51:01.306] [info] #8: Feasible / Total: 39330 / 66430
[2023-10-24 20:51:01.306] [info] Graph is not D-reducible.
[2023-10-24 20:51:01.516] [info] Started C-reducibility check
[2023-10-24 20:51:05.995] [info] Trying 322999 possible contractions
[2023-10-24 20:51:05.995] [info] [0/322999] Starting contraction of size 1
[2023-10-24 21:05:54.705] [info] [28/322999] Starting contraction of size 2
[2023-10-24 23:12:54.211] [info] [363/322999] Starting contraction of size 3
[2023-10-25 08:32:18.088] [info] [2617/322999] Starting contraction of size 4
[2023-10-25 18:10:28.049] [info] All colors passed! Contracted: 18, 20, 30, 32
[2023-10-25 18:10:28.059] [info] Graph is C-reducible!
