[2023-10-24 20:46:21.621] [info] Kempe type: Planar
[2023-10-24 20:46:21.621] [info] Vertex size: 23, Edge size: 41, Ring size: 13
[2023-10-24 20:47:31.631] [info] Started D-reducibility check
[2023-10-24 20:47:31.631] [info] #1: Feasible / Total: 4755 / 66430
[2023-10-24 20:48:32.368] [info] #2: Feasible / Total: 12614 / 66430
[2023-10-24 20:49:21.200] [info] #3: Feasible / Total: 20873 / 66430
[2023-10-24 20:49:51.275] [info] #4: Feasible / Total: 26790 / 66430
[2023-10-24 20:50:11.808] [info] #5: Feasible / Total: 30440 / 66430
[2023-10-24 20:50:27.491] [info] #6: Feasible / Total: 33504 / 66430
[2023-10-24 20:50:40.983] [info] #7: Feasible / Total: 35486 / 66430
[2023-10-24 20:50:49.642] [info] #8: Feasible / Total: 35930 / 66430
[2023-10-24 20:50:56.269] [info] #9: Feasible / Total: 35946 / 66430
[2023-10-24 20:51:02.845] [info] #9: Feasible / Total: 35946 / 66430
[2023-10-24 20:51:02.845] [info] Graph is not D-reducible.
[2023-10-24 20:51:03.052] [info] Started C-reducibility check
[2023-10-24 20:51:07.548] [info] Trying 322999 possible contractions
[2023-10-24 20:51:07.548] [info] [0/322999] Starting contraction of size 1
[2023-10-24 21:05:57.836] [info] [28/322999] Starting contraction of size 2
[2023-10-24 23:13:52.185] [info] [363/322999] Starting contraction of size 3
[2023-10-25 08:53:06.764] [info] [2617/322999] Starting contraction of size 4
[2023-10-25 19:20:05.789] [info] All colors passed! Contracted: 13, 15, 19, 31
[2023-10-25 19:20:05.811] [info] Graph is C-reducible!
