[2023-10-24 20:46:19.546] [info] Kempe type: Planar
[2023-10-24 20:46:19.546] [info] Vertex size: 23, Edge size: 41, Ring size: 13
[2023-10-24 20:47:29.879] [info] Started D-reducibility check
[2023-10-24 20:47:29.879] [info] #1: Feasible / Total: 4774 / 66430
[2023-10-24 20:48:39.980] [info] #2: Feasible / Total: 13732 / 66430
[2023-10-24 20:49:34.577] [info] #3: Feasible / Total: 24355 / 66430
[2023-10-24 20:50:13.409] [info] #4: Feasible / Total: 36171 / 66430
[2023-10-24 20:50:35.641] [info] #5: Feasible / Total: 44165 / 66430
[2023-10-24 20:50:42.785] [info] #6: Feasible / Total: 44970 / 66430
[2023-10-24 20:50:47.498] [info] #6: Feasible / Total: 44970 / 66430
[2023-10-24 20:50:47.498] [info] Graph is not D-reducible.
[2023-10-24 20:50:47.696] [info] Started C-reducibility check
[2023-10-24 20:50:52.237] [info] Trying 322999 possible contractions
[2023-10-24 20:50:52.237] [info] [0/322999] Starting contraction of size 1
[2023-10-24 21:05:47.670] [info] [28/322999] Starting contraction of size 2
[2023-10-24 23:12:32.190] [info] [363/322999] Starting contraction of size 3
[2023-10-25 08:42:31.523] [info] [2616/322999] Starting contraction of size 4
[2023-10-26 02:21:14.955] [info] [12071/322999] Starting contraction of size 5
[2023-10-26 23:58:15.341] [info] All colors passed! Contracted: 13, 14, 15, 16, 17
[2023-10-26 23:58:15.341] [info] Graph is C-reducible!
