[2023-10-24 20:46:18.453] [info] Kempe type: Planar
[2023-10-24 20:46:18.453] [info] Vertex size: 23, Edge size: 41, Ring size: 13
[2023-10-24 20:47:31.322] [info] Started D-reducibility check
[2023-10-24 20:47:31.322] [info] #1: Feasible / Total: 4854 / 66430
[2023-10-24 20:48:32.330] [info] #2: Feasible / Total: 13353 / 66430
[2023-10-24 20:49:22.421] [info] #3: Feasible / Total: 21606 / 66430
[2023-10-24 20:49:52.010] [info] #4: Feasible / Total: 27842 / 66430
[2023-10-24 20:50:14.141] [info] #5: Feasible / Total: 33364 / 66430
[2023-10-24 20:50:34.055] [info] #6: Feasible / Total: 42646 / 66430
[2023-10-24 20:50:41.761] [info] #7: Feasible / Total: 44757 / 66430
[2023-10-24 20:50:46.714] [info] #8: Feasible / Total: 44758 / 66430
[2023-10-24 20:50:51.723] [info] #8: Feasible / Total: 44758 / 66430
[2023-10-24 20:50:51.723] [info] Graph is not D-reducible.
[2023-10-24 20:50:51.933] [info] Started C-reducibility check
[2023-10-24 20:50:56.847] [info] Trying 322999 possible contractions
[2023-10-24 20:50:56.847] [info] [0/322999] Starting contraction of size 1
[2023-10-24 21:06:20.456] [info] [28/322999] Starting contraction of size 2
[2023-10-24 23:17:56.920] [info] [363/322999] Starting contraction of size 3
[2023-10-25 08:56:39.818] [info] [2617/322999] Starting contraction of size 4
[2023-10-25 14:32:38.247] [info] All colors passed! Contracted: 13, 15, 16, 17
[2023-10-25 14:32:38.248] [info] Graph is C-reducible!
