[2023-10-24 20:46:28.734] [info] Kempe type: Planar
[2023-10-24 20:46:28.735] [info] Vertex size: 23, Edge size: 41, Ring size: 13
[2023-10-24 20:47:42.288] [info] Started D-reducibility check
[2023-10-24 20:47:42.288] [info] #1: Feasible / Total: 4823 / 66430
[2023-10-24 20:48:54.834] [info] #2: Feasible / Total: 11994 / 66430
[2023-10-24 20:49:53.088] [info] #3: Feasible / Total: 19368 / 66430
[2023-10-24 20:50:36.095] [info] #4: Feasible / Total: 27361 / 66430
[2023-10-24 20:51:01.987] [info] #5: Feasible / Total: 34853 / 66430
[2023-10-24 20:51:20.800] [info] #6: Feasible / Total: 42649 / 66430
[2023-10-24 20:51:27.320] [info] #7: Feasible / Total: 44389 / 66430
[2023-10-24 20:51:31.085] [info] #8: Feasible / Total: 44404 / 66430
[2023-10-24 20:51:34.788] [info] #8: Feasible / Total: 44404 / 66430
[2023-10-24 20:51:34.788] [info] Graph is not D-reducible.
[2023-10-24 20:51:34.954] [info] Started C-reducibility check
[2023-10-24 20:51:40.106] [info] Trying 322999 possible contractions
[2023-10-24 20:51:40.107] [info] [0/322999] Starting contraction of size 1
[2023-10-24 21:08:21.044] [info] [28/322999] Starting contraction of size 2
[2023-10-24 23:36:49.988] [info] [363/322999] Starting contraction of size 3
[2023-10-25 08:10:07.959] [info] [2617/322999] Starting contraction of size 4
[2023-10-25 08:15:33.958] [info] All colors passed! Contracted: 13, 15, 36, 38
[2023-10-25 08:15:33.958] [info] Graph is C-reducible!
