[2023-10-24 20:46:22.670] [info] Kempe type: Planar
[2023-10-24 20:46:22.670] [info] Vertex size: 23, Edge size: 41, Ring size: 13
[2023-10-24 20:47:44.118] [info] Started D-reducibility check
[2023-10-24 20:47:44.118] [info] #1: Feasible / Total: 4753 / 66430
[2023-10-24 20:48:57.077] [info] #2: Feasible / Total: 12905 / 66430
[2023-10-24 20:49:57.127] [info] #3: Feasible / Total: 21721 / 66430
[2023-10-24 20:50:36.796] [info] #4: Feasible / Total: 29339 / 66430
[2023-10-24 20:51:05.895] [info] #5: Feasible / Total: 35208 / 66430
[2023-10-24 20:51:23.563] [info] #6: Feasible / Total: 38346 / 66430
[2023-10-24 20:51:39.539] [info] #7: Feasible / Total: 42911 / 66430
[2023-10-24 20:51:48.654] [info] #8: Feasible / Total: 44418 / 66430
[2023-10-24 20:51:54.304] [info] #9: Feasible / Total: 44426 / 66430
[2023-10-24 20:51:58.899] [info] #9: Feasible / Total: 44426 / 66430
[2023-10-24 20:51:58.900] [info] Graph is not D-reducible.
[2023-10-24 20:51:59.070] [info] Started C-reducibility check
[2023-10-24 20:52:04.455] [info] Trying 322999 possible contractions
[2023-10-24 20:52:04.455] [info] [0/322999] Starting contraction of size 1
[2023-10-24 21:08:39.986] [info] [28/322999] Starting contraction of size 2
[2023-10-24 23:32:39.272] [info] [363/322999] Starting contraction of size 3
[2023-10-25 07:28:36.735] [info] All colors passed! Contracted: 27, 38, 40
[2023-10-25 07:28:36.735] [info] Graph is C-reducible!
