[2023-10-24 20:46:28.073] [info] Kempe type: Planar
[2023-10-24 20:46:28.073] [info] Vertex size: 23, Edge size: 41, Ring size: 13
[2023-10-24 20:47:42.311] [info] Started D-reducibility check
[2023-10-24 20:47:42.311] [info] #1: Feasible / Total: 4759 / 66430
[2023-10-24 20:48:59.034] [info] #2: Feasible / Total: 13136 / 66430
[2023-10-24 20:50:00.701] [info] #3: Feasible / Total: 21583 / 66430
[2023-10-24 20:50:43.062] [info] #4: Feasible / Total: 30011 / 66430
[2023-10-24 20:51:15.282] [info] #5: Feasible / Total: 38058 / 66430
[2023-10-24 20:51:31.523] [info] #6: Feasible / Total: 44414 / 66430
[2023-10-24 20:51:37.248] [info] #7: Feasible / Total: 44944 / 66430
[2023-10-24 20:51:41.172] [info] #8: Feasible / Total: 44946 / 66430
[2023-10-24 20:51:45.051] [info] #8: Feasible / Total: 44946 / 66430
[2023-10-24 20:51:45.051] [info] Graph is not D-reducible.
[2023-10-24 20:51:45.213] [info] Started C-reducibility check
[2023-10-24 20:51:50.368] [info] Trying 322999 possible contractions
[2023-10-24 20:51:50.369] [info] [0/322999] Starting contraction of size 1
[2023-10-24 21:08:48.676] [info] [28/322999] Starting contraction of size 2
[2023-10-24 23:34:18.586] [info] [363/322999] Starting contraction of size 3
[2023-10-25 00:40:26.182] [info] All colors passed! Contracted: 18, 29, 31
[2023-10-25 00:40:26.183] [info] Graph is C-reducible!
