[2023-10-24 20:46:26.646] [info] Kempe type: Planar
[2023-10-24 20:46:26.646] [info] Vertex size: 23, Edge size: 41, Ring size: 13
[2023-10-24 20:47:40.682] [info] Started D-reducibility check
[2023-10-24 20:47:40.682] [info] #1: Feasible / Total: 4776 / 66430
[2023-10-24 20:48:59.572] [info] #2: Feasible / Total: 13320 / 66430
[2023-10-24 20:49:54.795] [info] #3: Feasible / Total: 22194 / 66430
[2023-10-24 20:50:38.711] [info] #4: Feasible / Total: 31887 / 66430
[2023-10-24 20:51:08.779] [info] #5: Feasible / Total: 43307 / 66430
[2023-10-24 20:51:22.473] [info] #6: Feasible / Total: 49068 / 66430
[2023-10-24 20:51:26.841] [info] #7: Feasible / Total: 49340 / 66430
[2023-10-24 20:51:30.443] [info] #7: Feasible / Total: 49340 / 66430
[2023-10-24 20:51:30.444] [info] Graph is not D-reducible.
[2023-10-24 20:51:30.605] [info] Started C-reducibility check
[2023-10-24 20:51:36.062] [info] Trying 322999 possible contractions
[2023-10-24 20:51:36.063] [info] [0/322999] Starting contraction of size 1
[2023-10-24 21:08:12.113] [info] [28/322999] Starting contraction of size 2
[2023-10-24 23:34:08.704] [info] [363/322999] Starting contraction of size 3
[2023-10-25 09:07:43.411] [info] [2616/322999] Starting contraction of size 4
[2023-10-25 11:00:23.740] [info] All colors passed! Contracted: 14, 15, 16, 28
[2023-10-25 11:00:23.740] [info] Graph is C-reducible!
