[2023-10-24 20:46:29.478] [info] Kempe type: Planar
[2023-10-24 20:46:29.478] [info] Vertex size: 23, Edge size: 41, Ring size: 13
[2023-10-24 20:47:49.320] [info] Started D-reducibility check
[2023-10-24 20:47:49.320] [info] #1: Feasible / Total: 4652 / 66430
[2023-10-24 20:48:57.264] [info] #2: Feasible / Total: 11769 / 66430
[2023-10-24 20:49:53.068] [info] #3: Feasible / Total: 18525 / 66430
[2023-10-24 20:50:36.747] [info] #4: Feasible / Total: 25055 / 66430
[2023-10-24 20:51:06.622] [info] #5: Feasible / Total: 29938 / 66430
[2023-10-24 20:51:28.871] [info] #6: Feasible / Total: 34125 / 66430
[2023-10-24 20:51:43.922] [info] #7: Feasible / Total: 36610 / 66430
[2023-10-24 20:51:53.569] [info] #8: Feasible / Total: 37168 / 66430
[2023-10-24 20:52:00.293] [info] #9: Feasible / Total: 37216 / 66430
[2023-10-24 20:52:05.970] [info] #10: Feasible / Total: 37218 / 66430
[2023-10-24 20:52:11.244] [info] #10: Feasible / Total: 37218 / 66430
[2023-10-24 20:52:11.244] [info] Graph is not D-reducible.
[2023-10-24 20:52:11.406] [info] Started C-reducibility check
[2023-10-24 20:52:16.771] [info] Trying 322999 possible contractions
[2023-10-24 20:52:16.771] [info] [0/322999] Starting contraction of size 1
[2023-10-24 21:08:38.340] [info] [28/322999] Starting contraction of size 2
[2023-10-24 23:32:14.951] [info] [363/322999] Starting contraction of size 3
[2023-10-25 08:04:13.261] [info] [2617/322999] Starting contraction of size 4
[2023-10-25 11:17:40.741] [info] All colors passed! Contracted: 18, 20, 31, 33
[2023-10-25 11:17:40.741] [info] Graph is C-reducible!
