[2023-10-24 20:46:25.442] [info] Kempe type: Planar
[2023-10-24 20:46:25.442] [info] Vertex size: 23, Edge size: 41, Ring size: 13
[2023-10-24 20:47:46.936] [info] Started D-reducibility check
[2023-10-24 20:47:46.937] [info] #1: Feasible / Total: 4736 / 66430
[2023-10-24 20:48:52.817] [info] #2: Feasible / Total: 11811 / 66430
[2023-10-24 20:49:48.401] [info] #3: Feasible / Total: 18956 / 66430
[2023-10-24 20:50:26.889] [info] #4: Feasible / Total: 24766 / 66430
[2023-10-24 20:50:51.797] [info] #5: Feasible / Total: 27829 / 66430
[2023-10-24 20:51:13.120] [info] #6: Feasible / Total: 30801 / 66430
[2023-10-24 20:51:30.489] [info] #7: Feasible / Total: 33975 / 66430
[2023-10-24 20:51:45.779] [info] #8: Feasible / Total: 36645 / 66430
[2023-10-24 20:51:55.756] [info] #9: Feasible / Total: 37376 / 66430
[2023-10-24 20:52:01.841] [info] #10: Feasible / Total: 37424 / 66430
[2023-10-24 20:52:07.157] [info] #11: Feasible / Total: 37425 / 66430
[2023-10-24 20:52:12.097] [info] #11: Feasible / Total: 37425 / 66430
[2023-10-24 20:52:12.097] [info] Graph is not D-reducible.
[2023-10-24 20:52:12.250] [info] Started C-reducibility check
[2023-10-24 20:52:17.264] [info] Trying 322999 possible contractions
[2023-10-24 20:52:17.264] [info] [0/322999] Starting contraction of size 1
[2023-10-24 21:08:45.794] [info] [28/322999] Starting contraction of size 2
[2023-10-24 23:36:24.984] [info] [363/322999] Starting contraction of size 3
[2023-10-25 08:27:59.356] [info] [2618/322999] Starting contraction of size 4
[2023-10-26 01:14:03.760] [info] [12104/322999] Starting contraction of size 5
[2023-10-27 00:03:01.858] [info] [38393/322999] Starting contraction of size 6
[2023-10-27 20:29:34.137] [info] All colors passed! Contracted: 28, 31, 33, 35, 37, 40
[2023-10-27 20:29:34.137] [info] Graph is C-reducible!
