[2023-10-24 20:46:26.250] [info] Kempe type: Planar
[2023-10-24 20:46:26.250] [info] Vertex size: 23, Edge size: 41, Ring size: 13
[2023-10-24 20:47:41.309] [info] Started D-reducibility check
[2023-10-24 20:47:41.310] [info] #1: Feasible / Total: 4788 / 66430
[2023-10-24 20:48:57.994] [info] #2: Feasible / Total: 14085 / 66430
[2023-10-24 20:50:00.426] [info] #3: Feasible / Total: 24153 / 66430
[2023-10-24 20:50:43.539] [info] #4: Feasible / Total: 34138 / 66430
[2023-10-24 20:51:10.381] [info] #5: Feasible / Total: 42708 / 66430
[2023-10-24 20:51:17.906] [info] #6: Feasible / Total: 44616 / 66430
[2023-10-24 20:51:21.906] [info] #7: Feasible / Total: 44625 / 66430
[2023-10-24 20:51:25.737] [info] #7: Feasible / Total: 44625 / 66430
[2023-10-24 20:51:25.737] [info] Graph is not D-reducible.
[2023-10-24 20:51:25.903] [info] Started C-reducibility check
[2023-10-24 20:51:30.890] [info] Trying 322999 possible contractions
[2023-10-24 20:51:30.891] [info] [0/322999] Starting contraction of size 1
[2023-10-24 21:08:22.827] [info] [28/322999] Starting contraction of size 2
[2023-10-24 23:36:58.323] [info] [363/322999] Starting contraction of size 3
[2023-10-25 08:18:10.554] [info] [2616/322999] Starting contraction of size 4
[2023-10-26 01:25:05.042] [info] [12071/322999] Starting contraction of size 5
[2023-10-26 14:22:56.752] [info] All colors passed! Contracted: 13, 14, 15, 16, 17
[2023-10-26 14:22:56.755] [info] Graph is C-reducible!
