[2023-10-24 20:46:30.594] [info] Kempe type: Planar
[2023-10-24 20:46:30.594] [info] Vertex size: 23, Edge size: 41, Ring size: 13
[2023-10-24 20:47:49.893] [info] Started D-reducibility check
[2023-10-24 20:47:49.893] [info] #1: Feasible / Total: 4880 / 66430
[2023-10-24 20:49:01.003] [info] #2: Feasible / Total: 15097 / 66430
[2023-10-24 20:49:55.931] [info] #3: Feasible / Total: 23714 / 66430
[2023-10-24 20:50:24.651] [info] #4: Feasible / Total: 29080 / 66430
[2023-10-24 20:50:47.951] [info] #5: Feasible / Total: 34031 / 66430
[2023-10-24 20:51:10.077] [info] #6: Feasible / Total: 44037 / 66430
[2023-10-24 20:51:18.003] [info] #7: Feasible / Total: 46650 / 66430
[2023-10-24 20:51:22.482] [info] #7: Feasible / Total: 46650 / 66430
[2023-10-24 20:51:22.482] [info] Graph is not D-reducible.
[2023-10-24 20:51:22.701] [info] Started C-reducibility check
[2023-10-24 20:51:27.878] [info] Trying 322999 possible contractions
[2023-10-24 20:51:27.878] [info] [0/322999] Starting contraction of size 1
[2023-10-24 21:05:40.532] [info] [28/322999] Starting contraction of size 2
[2023-10-24 23:14:50.993] [info] [363/322999] Starting contraction of size 3
[2023-10-25 07:58:45.545] [info] [2618/322999] Starting contraction of size 4
[2023-10-25 08:54:47.603] [info] All colors passed! Contracted: 13, 15, 16, 17
[2023-10-25 08:54:47.603] [info] Graph is C-reducible!
