[2023-10-24 20:46:34.545] [info] Kempe type: Planar
[2023-10-24 20:46:34.545] [info] Vertex size: 23, Edge size: 41, Ring size: 13
[2023-10-24 20:47:57.459] [info] Started D-reducibility check
[2023-10-24 20:47:57.459] [info] #1: Feasible / Total: 5067 / 66430
[2023-10-24 20:49:14.043] [info] #2: Feasible / Total: 15483 / 66430
[2023-10-24 20:50:24.954] [info] #3: Feasible / Total: 28930 / 66430
[2023-10-24 20:51:13.620] [info] #4: Feasible / Total: 44968 / 66430
[2023-10-24 20:51:31.854] [info] #5: Feasible / Total: 53450 / 66430
[2023-10-24 20:51:35.968] [info] #6: Feasible / Total: 53814 / 66430
[2023-10-24 20:51:39.117] [info] #6: Feasible / Total: 53814 / 66430
[2023-10-24 20:51:39.117] [info] Graph is not D-reducible.
[2023-10-24 20:51:39.355] [info] Started C-reducibility check
[2023-10-24 20:51:44.818] [info] Trying 322999 possible contractions
[2023-10-24 20:51:44.818] [info] [0/322999] Starting contraction of size 1
[2023-10-24 21:08:25.177] [info] [28/322999] Starting contraction of size 2
[2023-10-24 23:32:26.356] [info] [363/322999] Starting contraction of size 3
[2023-10-25 08:24:45.403] [info] [2618/322999] Starting contraction of size 4
[2023-10-26 01:22:48.271] [info] [12105/322999] Starting contraction of size 5
[2023-10-26 02:07:11.858] [info] All colors passed! Contracted: 18, 23, 25, 27, 29
[2023-10-26 02:07:11.875] [info] Graph is C-reducible!
